2018-03-27T22:37
2018-03-29T22:22
2018-03-29T23:482018-12-04T22:48 http://www.br.de/radio/bayern-3/bayern-3-100~playlist_date-2018-12-04_hour-22_-ba6443f8436d02b591f91023ab40858f152a191c.html 
2018-12-04T23:45 http://www.br.de/radio/bayern-3/bayern-3-100~playlist_date-2018-12-04_hour-23_-94b93f31120dae88897b2d83fd9636ca1c639854.html 
2018-12-06T22:50 http://www.br.de/radio/bayern-3/bayern-3-100~playlist_date-2018-12-06_hour-22_-9580f991c97cf8706598ed04accaf6c7cd1ae2cf.html 
2018-12-06T23:46 http://www.br.de/radio/bayern-3/bayern-3-100~playlist_date-2018-12-06_hour-23_-2dd3dbc84f0d20595d86917200a35dd04aba555d.html 
2018-12-11T22:51 http://www.br.de/radio/bayern-3/bayern-3-100~playlist_date-2018-12-11_hour-22_-316a97a5fe448f7102c056930636a3cd97a01515.html 
2018-12-13T22:48 http://www.br.de/radio/bayern-3/bayern-3-100~playlist_date-2018-12-13_hour-22_-a1e55d6687a28cdb43972731625cec78a185d5b5.html 
2018-12-13T23:49 http://www.br.de/radio/bayern-3/bayern-3-100~playlist_date-2018-12-13_hour-23_-9eeb9faa686f344a0cae3e65b6f555db6ff27fe4.html 
2018-12-18T22:22 http://www.br.de/radio/bayern-3/bayern-3-100~playlist_date-2018-12-18_hour-22_-658649c374cb4e132b5c437ccaad2cfc1c7718bf.html 
2018-12-18T23:23 http://www.br.de/radio/bayern-3/bayern-3-100~playlist_date-2018-12-18_hour-23_-93d26c2a50391b3ed766da4cd543863e8fc26e80.html 
2018-12-24T21:23 http://www.br.de/radio/bayern-3/bayern-3-100~playlist_date-2018-12-24_hour-21_-9f30e7d234b06ff6f5e0ad29ff51a3068fb39d18.html 
2018-12-24T21:24 http://www.br.de/radio/bayern-3/bayern-3-100~playlist_date-2018-12-24_hour-21_-9f30e7d234b06ff6f5e0ad29ff51a3068fb39d18.html 
2018-12-04T22:48 http://www.br.de/radio/bayern-3/bayern-3-100~playlist_date-2018-12-04_hour-22_-ba6443f8436d02b591f91023ab40858f152a191c.html 
2018-12-04T23:45 http://www.br.de/radio/bayern-3/bayern-3-100~playlist_date-2018-12-04_hour-23_-94b93f31120dae88897b2d83fd9636ca1c639854.html 
2018-12-06T22:50 http://www.br.de/radio/bayern-3/bayern-3-100~playlist_date-2018-12-06_hour-22_-9580f991c97cf8706598ed04accaf6c7cd1ae2cf.html 
2018-12-06T23:46 http://www.br.de/radio/bayern-3/bayern-3-100~playlist_date-2018-12-06_hour-23_-2dd3dbc84f0d20595d86917200a35dd04aba555d.html 
2018-12-11T22:51 http://www.br.de/radio/bayern-3/bayern-3-100~playlist_date-2018-12-11_hour-22_-316a97a5fe448f7102c056930636a3cd97a01515.html 
2018-12-13T22:48 http://www.br.de/radio/bayern-3/bayern-3-100~playlist_date-2018-12-13_hour-22_-a1e55d6687a28cdb43972731625cec78a185d5b5.html 
2018-12-13T23:49 http://www.br.de/radio/bayern-3/bayern-3-100~playlist_date-2018-12-13_hour-23_-9eeb9faa686f344a0cae3e65b6f555db6ff27fe4.html 
2018-12-18T22:22 http://www.br.de/radio/bayern-3/bayern-3-100~playlist_date-2018-12-18_hour-22_-658649c374cb4e132b5c437ccaad2cfc1c7718bf.html 
2018-12-18T23:23 http://www.br.de/radio/bayern-3/bayern-3-100~playlist_date-2018-12-18_hour-23_-93d26c2a50391b3ed766da4cd543863e8fc26e80.html 
2018-12-24T21:23 http://www.br.de/radio/bayern-3/bayern-3-100~playlist_date-2018-12-24_hour-21_-9f30e7d234b06ff6f5e0ad29ff51a3068fb39d18.html 
2018-12-24T21:24 http://www.br.de/radio/bayern-3/bayern-3-100~playlist_date-2018-12-24_hour-21_-9f30e7d234b06ff6f5e0ad29ff51a3068fb39d18.html 
No Data found. 2019-01-01 https://www.br.de/radio/bayern-3/bayern-3-100~playlist_date-2019-01-01_hour-0_-41b2311309a6b754a9c495ec9201d6740f21a115.html 
No Data found. 2019-01-01 http://www.br.de/radio/bayern-3/bayern-3-100~playlist_date-2019-01-01_hour-1_-409218d5618bf71aa3d075cac2a3b24df91919f9.html 
No Data found. 2019-01-01 http://www.br.de/radio/bayern-3/bayern-3-100~playlist_date-2019-01-01_hour-2_-ed46e6ad20c590a41ad54112f1f7084f4499bdfe.html 
No Data found. 2019-01-01 http://www.br.de/radio/bayern-3/bayern-3-100~playlist_date-2019-01-01_hour-3_-bc92ac8f9640e2f38978aa59f7e9926c85baa366.html 
No Data found. 2019-01-01 http://www.br.de/radio/bayern-3/bayern-3-100~playlist_date-2019-01-01_hour-4_-37ee0ef1f9fdafaf7b2ec8e4ad4cd21f48b2060a.html 
No Data found. 2019-01-01 http://www.br.de/radio/bayern-3/bayern-3-100~playlist_date-2019-01-01_hour-5_-1380bffa2c590ebeb26516045223cc7c64286c83.html 
No Data found. 2019-01-01 http://www.br.de/radio/bayern-3/bayern-3-100~playlist_date-2019-01-01_hour-6_-2978747b2d2d840c83736b76204c9e221515bb9f.html 
No Data found. 2019-01-01 http://www.br.de/radio/bayern-3/bayern-3-100~playlist_date-2019-01-01_hour-7_-1322bf73b95dc4c0e97ed6df1808ac650139bf3c.html 
No Data found. 2019-01-01 http://www.br.de/radio/bayern-3/bayern-3-100~playlist_date-2019-01-01_hour-8_-07dff66077124d94c3082de01ef1de4107d56cf5.html 
No Data found. 2019-01-01 http://www.br.de/radio/bayern-3/bayern-3-100~playlist_date-2019-01-01_hour-9_-16f34e9a2e7c4df6310d6d166baf3ac188bca332.html 
No Data found. 2019-01-01 http://www.br.de/radio/bayern-3/bayern-3-100~playlist_date-2019-01-01_hour-10_-c226088ea225a2750a96d082260ac3f1ceefed2f.html 
No Data found. 2019-01-04 http://www.br.de/radio/bayern-3/bayern-3-100~playlist_date-2019-01-04_hour-18_-6a28a38b49c61f4a64e9cad29d5e69cb7643e727.html 
2019-01-17T02:21 http://www.br.de/radio/bayern-3/bayern-3-100~playlist_date-2019-01-17_hour-2_-b56fd32bce8a932b449396df442e9cf51697ca35.html 
2019-01-30T15:51 http://www.br.de/radio/bayern-3/bayern-3-100~playlist_date-2019-01-30_hour-15_-6d09dd99f6cca391bae289489d82f083a1be8895.html 
2019-02-02T09:16 http://www.br.de/radio/bayern-3/bayern-3-100~playlist_date-2019-02-02_hour-9_-b457b668ecc85fd2ccf11897380aa5101009406d.html 
No Data found. 2019-02-17 http://www.br.de/radio/bayern-3/bayern-3-100~playlist_date-2019-02-17_hour-23_-3e42fe1b1517de193cb6c13e07da3a6b69e0b324.html 
No Data found. 2019-02-18 http://www.br.de/radio/bayern-3/bayern-3-100~playlist_date-2019-02-18_hour-0_-2225d9f0afb45378e9ee17c8b2f53266632cf4e0.html 
No Data found. 2019-02-18 http://www.br.de/radio/bayern-3/bayern-3-100~playlist_date-2019-02-18_hour-1_-89e14a3e98ccc52b2c4d6ac62fdb0ad219d3648d.html 
No Data found. 2019-02-18 http://www.br.de/radio/bayern-3/bayern-3-100~playlist_date-2019-02-18_hour-2_-e52dbfba800ff92a5d7646989a230dee7d25953f.html 
No Data found. 2019-02-18 http://www.br.de/radio/bayern-3/bayern-3-100~playlist_date-2019-02-18_hour-3_-ec8b13a562662ed3bc38b6a3439d0a5f50c4f129.html 
No Data found. 2019-02-18 http://www.br.de/radio/bayern-3/bayern-3-100~playlist_date-2019-02-18_hour-4_-cc6ce25572c39d4802083a8c8f537974694616c8.html 
No Data found. 2019-02-18 http://www.br.de/radio/bayern-3/bayern-3-100~playlist_date-2019-02-18_hour-5_-6338d7178acfc9e7387fde4831dfe1b9e07fa401.html 
No Data found. 2019-02-18 http://www.br.de/radio/bayern-3/bayern-3-100~playlist_date-2019-02-18_hour-6_-9a70bcad6ed71f0ef32b4049a58aa2dbb3741397.html 
No Data found. 2019-02-18 http://www.br.de/radio/bayern-3/bayern-3-100~playlist_date-2019-02-18_hour-7_-463e456f38abf7b917ee9ef5f224315e63321955.html 
2019-02-20T22:17 http://www.br.de/radio/bayern-3/bayern-3-100~playlist_date-2019-02-20_hour-22_-4caaa71081fb04646aa49920ca0546622abea546.html 
2019-02-21T14:17 http://www.br.de/radio/bayern-3/bayern-3-100~playlist_date-2019-02-21_hour-14_-f1c977aa366ba111ed189bf96a3a6af76feacab0.html 
2019-02-25T14:04 http://www.br.de/radio/bayern-3/bayern-3-100~playlist_date-2019-02-25_hour-14_-a8ec87323125a47602b7b36641f23ee8467069b1.html 
2019-03-06T21:42 http://www.br.de/radio/bayern-3/bayern-3-100~playlist_date-2019-03-06_hour-21_-cc5cd566a9158a4d141b58546d3360b898fb6659.html 
2019-03-08T13:42 http://www.br.de/radio/bayern-3/bayern-3-100~playlist_date-2019-03-08_hour-13_-7dfa98e9581eb1c6231f5532665ba0520a5dccad.html 
2019-04-01T06:23 http://www.br.de/radio/bayern-3/bayern-3-100~playlist_date-2019-04-01_hour-6_-5ba418629a8bc08e4bfa5813083a3521c849c676.html 
2019-04-01T17:06 http://www.br.de/radio/bayern-3/bayern-3-100~playlist_date-2019-04-01_hour-17_-c7fde6b507e8b6fb80d41708c91fa3da95c237ad.html 
2019-04-12T02:51 http://www.br.de/radio/bayern-3/bayern-3-100~playlist_date-2019-04-12_hour-2_-c49de21edc84820c526701ece4007bb32fb57b52.html 
2019-04-12T02:51 http://www.br.de/radio/bayern-3/bayern-3-100~playlist_date-2019-04-12_hour-2_-c49de21edc84820c526701ece4007bb32fb57b52.html 
2019-04-13T20:05 http://www.br.de/radio/bayern-3/bayern-3-100~playlist_date-2019-04-13_hour-20_-10e43c1fb2c0f64f814100145423376c10c27f13.html 
2019-04-20T22:40 http://www.br.de/radio/bayern-3/bayern-3-100~playlist_date-2019-04-20_hour-22_-78783b78611a11d417dd87df2e1e78221d7523a5.html 
2019-04-20T23:28 http://www.br.de/radio/bayern-3/bayern-3-100~playlist_date-2019-04-20_hour-23_-cd885d542cdc7cd2bc93e646531cd11192658959.html 
2019-04-21T16:16 http://www.br.de/radio/bayern-3/bayern-3-100~playlist_date-2019-04-21_hour-16_-732d5e473e047cc0fb63612a34d11e1e521ab016.html 
2019-05-21T22:33 http://www.br.de/radio/bayern-3/bayern-3-100~playlist_date-2019-05-21_hour-22_-4d19db09d2b15745aad36970e958ae966a24268c.html 
No Data found. 2019-06-16 http://www.br.de/radio/bayern-3/bayern-3-100~playlist_date-2019-06-16_hour-14_-37c4bca388b94e7e1c944654f2fc33ce7b55bafe.html 
2019-06-24T22:13 http://www.br.de/radio/bayern-3/bayern-3-100~playlist_date-2019-06-24_hour-22_-d18e4df35b316e94fddbd119ff7e4e992e336821.html 
No Data found. 2019-06-27 http://www.br.de/radio/bayern-3/bayern-3-100~playlist_date-2019-06-27_hour-11_-c2712fb890c7cd11dc5b7d0f7b655a299ac2da10.html 
No Data found. 2019-06-27 http://www.br.de/radio/bayern-3/bayern-3-100~playlist_date-2019-06-27_hour-12_-5651e9bb6d2be50cdc295793d2d2b1236c512e42.html 
No Data found. 2019-06-27 http://www.br.de/radio/bayern-3/bayern-3-100~playlist_date-2019-06-27_hour-13_-410ea80d0e3d6d79702372e8cf4c1c87e88d66f6.html 
No Data found. 2019-06-27 http://www.br.de/radio/bayern-3/bayern-3-100~playlist_date-2019-06-27_hour-14_-0d7c109a376d6909d9400f7c16b25b44b3d68ebe.html 
2019-07-09T21:42 http://www.br.de/radio/bayern-3/bayern-3-100~playlist_date-2019-07-09_hour-21_-2966cc7951182a3de45a4e7e80372e00f9cbc2a9.html 
2019-07-12T21:27 http://www.br.de/radio/bayern-3/bayern-3-100~playlist_date-2019-07-12_hour-21_-df7e6d2a012c8ed3d732d45043b89e4dbafc3dfa.html 
No Data found. 2019-07-26 http://www.br.de/radio/bayern-3/bayern-3-100~playlist_date-2019-07-26_hour-11_-677b543a51238f072a2738115859a4700624a3c6.html 
No Data found. 2019-08-02 http://www.br.de/radio/bayern-3/bayern-3-100~playlist_date-2019-08-02_hour-10_-d9faaf9ed1688be44c933ecefd848f848ee8be63.html 
No Data found. 2019-08-02 http://www.br.de/radio/bayern-3/bayern-3-100~playlist_date-2019-08-02_hour-11_-91ba5836f9eb2c27b59004a80c7eea3fe8690ca5.html 
No Data found. 2019-08-02 http://www.br.de/radio/bayern-3/bayern-3-100~playlist_date-2019-08-02_hour-12_-ecd5679bc97f64c14fdc5c2e80b59d0394ee2ddc.html 
No Data found. 2019-08-02 http://www.br.de/radio/bayern-3/bayern-3-100~playlist_date-2019-08-02_hour-13_-b80d3a0e34beeb276d3c12d085b7014404a9b1f0.html 
No Data found. 2019-08-02 http://www.br.de/radio/bayern-3/bayern-3-100~playlist_date-2019-08-02_hour-14_-13af3cf3eedd5e12374a42326ecadd50d4227fd0.html 
No Data found. 2019-08-02 http://www.br.de/radio/bayern-3/bayern-3-100~playlist_date-2019-08-02_hour-15_-f29a8a2694dd48135d5f2aead6fd80161e777aff.html 
2019-08-07T21:42 http://www.br.de/radio/bayern-3/bayern-3-100~playlist_date-2019-08-07_hour-21_-ab2c8aca152fa17816d881a1ceb546933c82d6bf.html 
No Data found. 2019-08-08 http://www.br.de/radio/bayern-3/bayern-3-100~playlist_date-2019-08-08_hour-10_-468bc69bd7d56edd3dfe45bd867bb4fc2e50cf51.html 
No Data found. 2019-08-08 http://www.br.de/radio/bayern-3/bayern-3-100~playlist_date-2019-08-08_hour-11_-7cc0870747ec78d172a0891de4c8bb597d45e710.html 
No Data found. 2019-08-13 http://www.br.de/radio/bayern-3/bayern-3-100~playlist_date-2019-08-13_hour-20_-ff46442521b1c5af8b81c26f5e543aa8f7650c3f.html 
No Data found. 2019-08-22 http://www.br.de/radio/bayern-3/bayern-3-100~playlist_date-2019-08-22_hour-16_-032d5af2d4c26fdb5b59c62983212787277c37f3.html 
No Data found. 2019-08-22 http://www.br.de/radio/bayern-3/bayern-3-100~playlist_date-2019-08-22_hour-17_-3ec778cab53759de4c601c85f54c2ce366695374.html 
No Data found. 2019-08-22 http://www.br.de/radio/bayern-3/bayern-3-100~playlist_date-2019-08-22_hour-18_-aace606a9f44127781b91a77fbdb60f2e320481b.html 
No Data found. 2019-08-22 http://www.br.de/radio/bayern-3/bayern-3-100~playlist_date-2019-08-22_hour-19_-4aecdd76c7d88ed88fc182a12ae8c8bfbd90daad.html 
No Data found. 2019-08-22 http://www.br.de/radio/bayern-3/bayern-3-100~playlist_date-2019-08-22_hour-20_-4c17d7a8b493447a8c4d4cf4a6a514221e2ba647.html 
No Data found. 2019-08-22 http://www.br.de/radio/bayern-3/bayern-3-100~playlist_date-2019-08-22_hour-21_-4bd0b0707268b949ea604fdfa0a009fb5f614391.html 
No Data found. 2019-08-22 http://www.br.de/radio/bayern-3/bayern-3-100~playlist_date-2019-08-22_hour-22_-e060a631bb3ffde07910d87fc153e0d30f15c4ab.html 
No Data found. 2019-08-22 http://www.br.de/radio/bayern-3/bayern-3-100~playlist_date-2019-08-22_hour-23_-90bcd8cc8c9e41024c9541e96954713b88021902.html 
No Data found. 2019-08-23 http://www.br.de/radio/bayern-3/bayern-3-100~playlist_date-2019-08-23_hour-0_-ca2b35066ff76bca5b0e508713c3e33fa0ca6300.html 
No Data found. 2019-08-23 http://www.br.de/radio/bayern-3/bayern-3-100~playlist_date-2019-08-23_hour-1_-078ac57ed1c6c0971de1f3ba9b6212502642115e.html 
No Data found. 2019-08-23 http://www.br.de/radio/bayern-3/bayern-3-100~playlist_date-2019-08-23_hour-2_-6bc91883dc63414ccadde4cbc59e3b5ede138653.html 
No Data found. 2019-08-23 http://www.br.de/radio/bayern-3/bayern-3-100~playlist_date-2019-08-23_hour-3_-c781af06c91b6c0ce767acd6eb59610f1cd15afe.html 
No Data found. 2019-08-23 http://www.br.de/radio/bayern-3/bayern-3-100~playlist_date-2019-08-23_hour-4_-fbfb1125edd89eecf52a1ee25651b8c6baf57ea0.html 
No Data found. 2019-08-23 http://www.br.de/radio/bayern-3/bayern-3-100~playlist_date-2019-08-23_hour-5_-a7c3fd9b26a308097dce68cef7de7f2e982953bd.html 
No Data found. 2019-08-23 http://www.br.de/radio/bayern-3/bayern-3-100~playlist_date-2019-08-23_hour-6_-cb14d3bdca80024f5e96df8dabe9d04364ce0849.html 
No Data found. 2019-08-23 http://www.br.de/radio/bayern-3/bayern-3-100~playlist_date-2019-08-23_hour-7_-a2dd591fced638848a45acfcf0b266a04bccf45f.html 
No Data found. 2019-08-23 http://www.br.de/radio/bayern-3/bayern-3-100~playlist_date-2019-08-23_hour-8_-4cec190be35749664417685f56f9deb8c1de0ea2.html 
2019-09-11T22:55 http://www.br.de/radio/bayern-3/bayern-3-100~playlist_date-2019-09-11_hour-22_-49fbc3ff8c61c9beb00cb6de76f7eb5c21a5a63a.html 
No Data found. 2019-09-18 http://www.br.de/radio/bayern-3/bayern-3-100~playlist_date-2019-09-18_hour-11_-5c968c8413220fab9c865ffc06b9d69dbd6a4960.html 
No Data found. 2019-09-18 http://www.br.de/radio/bayern-3/bayern-3-100~playlist_date-2019-09-18_hour-14_-5f852fb828115d706a4ebaecf18cd42cdda0dff8.html 
No Data found. 2019-09-25 http://www.br.de/radio/bayern-3/bayern-3-100~playlist_date-2019-09-25_hour-20_-c90d2b01bccbd59b0c0c1fb9b923acf4e7b4efe2.html 
No Data found. 2019-09-25 http://www.br.de/radio/bayern-3/bayern-3-100~playlist_date-2019-09-25_hour-21_-ef7323629e2d40af5f4fcd7c0b8ea1e327a1ee71.html 
2019-10-02T21:40 http://www.br.de/radio/bayern-3/bayern-3-100~playlist_date-2019-10-02_hour-21_-0da374fea1846a5abfdca87faf16a5c0124d6880.html 
No Data found. 2019-10-21 http://www.br.de/radio/bayern-3/bayern-3-100~playlist_date-2019-10-21_hour-6_-6b6434b864f7f087b816d978d5e3e8f726e8be5f.html 
No Data found. 2019-10-21 http://www.br.de/radio/bayern-3/bayern-3-100~playlist_date-2019-10-21_hour-11_-d5fc4442d4575f8595ae408df54a826c4d73856e.html 
2019-10-21T21:13 http://www.br.de/radio/bayern-3/bayern-3-100~playlist_date-2019-10-21_hour-21_-923a3f5717469e4e31cc19bb3327b58f4c90325d.html 
2019-11-08T22:14 http://www.br.de/radio/bayern-3/bayern-3-100~playlist_date-2019-11-08_hour-22_-e85f1505187922b212c21c0021c693b05618d1ae.html 
2019-11-15T21:34 http://www.br.de/radio/bayern-3/bayern-3-100~playlist_date-2019-11-15_hour-21_-4d26b863c7f61402f594e50d5ac9f040efa4cfb0.html 
No Data found. 2019-11-19 http://www.br.de/radio/bayern-3/bayern-3-100~playlist_date-2019-11-19_hour-19_-f334994685daefa5bf0d0f4e2eaa22794476bc54.html 
No Data found. 2019-11-25 http://www.br.de/radio/bayern-3/bayern-3-100~playlist_date-2019-11-25_hour-20_-da354bbf405c22a46d8d6329448d334b2836eb6a.html 
No Data found. 2019-11-27 http://www.br.de/radio/bayern-3/bayern-3-100~playlist_date-2019-11-27_hour-19_-6e7698d9e0fe729536072f7c32cfc1584db76bb2.html 
No Data found. 2019-11-27 http://www.br.de/radio/bayern-3/bayern-3-100~playlist_date-2019-11-27_hour-20_-adbe57a18750f8f7fad54a3bd39119e96adb7f0f.html 
No Data found. 2019-11-27 http://www.br.de/radio/bayern-3/bayern-3-100~playlist_date-2019-11-27_hour-20_-adbe57a18750f8f7fad54a3bd39119e96adb7f0f.html 
No Data found. 2019-11-27 http://www.br.de/radio/bayern-3/bayern-3-100~playlist_date-2019-11-27_hour-21_-9a0c10872951add39bf5f6ce936f79c0736e712e.html 
No Data found. 2019-11-27 http://www.br.de/radio/bayern-3/bayern-3-100~playlist_date-2019-11-27_hour-22_-10de72021ac483ca320a52b571e82f3ba1c3b2de.html 
No Data found. 2019-11-27 http://www.br.de/radio/bayern-3/bayern-3-100~playlist_date-2019-11-27_hour-23_-2ea5070c16e5974954a0315b41e2ab9158b88792.html 
No Data found. 2019-11-28 http://www.br.de/radio/bayern-3/bayern-3-100~playlist_date-2019-11-28_hour-0_-561f20f7c745b59a4eaf134cca6059f2d4a94079.html 
No Data found. 2019-11-28 http://www.br.de/radio/bayern-3/bayern-3-100~playlist_date-2019-11-28_hour-1_-2067c20019d8d7b94e5bd5d95e199fba0f567eb6.html 
No Data found. 2019-11-28 http://www.br.de/radio/bayern-3/bayern-3-100~playlist_date-2019-11-28_hour-2_-cfeaf24e54ec7e64027ee0c65b454b616de51f29.html 
No Data found. 2019-11-28 http://www.br.de/radio/bayern-3/bayern-3-100~playlist_date-2019-11-28_hour-3_-89fc2c1522fe683eabbb6922c487d2c233d5b2bf.html 
No Data found. 2019-11-28 http://www.br.de/radio/bayern-3/bayern-3-100~playlist_date-2019-11-28_hour-4_-047287f5e21408fea4df965c8da6aee5940844aa.html 
No Data found. 2019-11-28 http://www.br.de/radio/bayern-3/bayern-3-100~playlist_date-2019-11-28_hour-5_-e3af27aa9d185b8c089c04a5c2ec108d2e430703.html 
No Data found. 2019-11-28 http://www.br.de/radio/bayern-3/bayern-3-100~playlist_date-2019-11-28_hour-6_-26dfea1ac8bb69d46a6401adfa41aa12ade30cec.html 
No Data found. 2019-11-28 http://www.br.de/radio/bayern-3/bayern-3-100~playlist_date-2019-11-28_hour-7_-e702ab0051c398b1e94fc3585418656e38bc4bc8.html 
No Data found. 2019-11-28 http://www.br.de/radio/bayern-3/bayern-3-100~playlist_date-2019-11-28_hour-8_-bae43059b84ad0fe432f5ad841fd021db028f1c7.html 
2019-11-30T22:03 http://www.br.de/radio/bayern-3/bayern-3-100~playlist_date-2019-11-30_hour-22_-84eb8160e8f8e27c3968dd1c4f84b75a4d0768c6.html 
2019-11-30T22:33 http://www.br.de/radio/bayern-3/bayern-3-100~playlist_date-2019-11-30_hour-22_-84eb8160e8f8e27c3968dd1c4f84b75a4d0768c6.html 
No Data found. 2019-12-03 http://www.br.de/radio/bayern-3/bayern-3-100~playlist_date-2019-12-03_hour-18_-327a84ae808b76217e7b4f2cab6553211f270905.html 
No Data found. 2019-12-04 http://www.br.de/radio/bayern-3/bayern-3-100~playlist_date-2019-12-04_hour-19_-9b038e8961d970f49cc303e85910b7d47051b703.html 
2019-12-24T06:35 http://www.br.de/radio/bayern-3/bayern-3-100~playlist_date-2019-12-24_hour-6_-01ae5c5593c193329a55c3f04ccd1d5269404ae7.html 
No Data found. 2019-12-31 http://www.br.de/radio/bayern-3/bayern-3-100~playlist_date-2019-12-31_hour-16_-43c69867019a1605b7697afa79d292bcae1033f2.html 
No Data found. 2020-01-19 http://www.br.de/radio/bayern-3/bayern-3-100~playlist_date-2020-01-19_hour-12_-9f652638b10e6ef2aef9ec1e4606208a3ac9b7a6.html 
No Data found. 2020-01-19 http://www.br.de/radio/bayern-3/bayern-3-100~playlist_date-2020-01-19_hour-13_-a6714bd7922d4d430407c632c16b90370ce69b42.html 
No Data found. 2020-01-19 http://www.br.de/radio/bayern-3/bayern-3-100~playlist_date-2020-01-19_hour-14_-81644e533eddc1a6772dc85ed006b21d26bd1ff0.html 
No Data found. 2020-01-19 http://www.br.de/radio/bayern-3/bayern-3-100~playlist_date-2020-01-19_hour-15_-d3f97f77cbef557e7291d2b05771507e5ae2b5d3.html 
No Data found. 2020-01-19 http://www.br.de/radio/bayern-3/bayern-3-100~playlist_date-2020-01-19_hour-16_-574bf25318d8a2a4b1b50d58355287693b48973d.html 
No Data found. 2020-01-19 http://www.br.de/radio/bayern-3/bayern-3-100~playlist_date-2020-01-19_hour-17_-0ef059223451444500873ccc1ee53d52061b9366.html 
No Data found. 2020-01-19 http://www.br.de/radio/bayern-3/bayern-3-100~playlist_date-2020-01-19_hour-18_-a30407aa80f0b0e6e2d189f190e7bae7e2f8583a.html 
No Data found. 2020-01-19 http://www.br.de/radio/bayern-3/bayern-3-100~playlist_date-2020-01-19_hour-19_-6d36c8cc5d383fd855cc97db1748a64d850286a0.html 
No Data found. 2020-01-19 http://www.br.de/radio/bayern-3/bayern-3-100~playlist_date-2020-01-19_hour-20_-1bcb7a92376271aff5fbe3b6795f6220def815bd.html 
No Data found. 2020-01-19 http://www.br.de/radio/bayern-3/bayern-3-100~playlist_date-2020-01-19_hour-21_-7103bacd02d5f9e52ab5e1156e65b62b6f27a027.html 
No Data found. 2020-01-19 http://www.br.de/radio/bayern-3/bayern-3-100~playlist_date-2020-01-19_hour-22_-250d72fe70ee44735da190c43664f4c21396d322.html 
No Data found. 2020-01-19 http://www.br.de/radio/bayern-3/bayern-3-100~playlist_date-2020-01-19_hour-23_-4a18d775776a8bb36e50833378309d92f3e91fff.html 
No Data found. 2020-01-20 http://www.br.de/radio/bayern-3/bayern-3-100~playlist_date-2020-01-20_hour-0_-34932454ce62277497ef6b4ae69b92d4eb7a7997.html 
No Data found. 2020-01-20 http://www.br.de/radio/bayern-3/bayern-3-100~playlist_date-2020-01-20_hour-0_-34932454ce62277497ef6b4ae69b92d4eb7a7997.html 
No Data found. 2020-01-20 http://www.br.de/radio/bayern-3/bayern-3-100~playlist_date-2020-01-20_hour-1_-2f5dee60469f4406ff3c4c0c2db88b0b7857e188.html 
No Data found. 2020-01-20 http://www.br.de/radio/bayern-3/bayern-3-100~playlist_date-2020-01-20_hour-2_-69f3fd83f7004150ea3feaf76ee170597f231b8a.html 
No Data found. 2020-01-20 http://www.br.de/radio/bayern-3/bayern-3-100~playlist_date-2020-01-20_hour-3_-d037616129ae0658f386181541d46bfd8c1a36d5.html 
No Data found. 2020-01-20 http://www.br.de/radio/bayern-3/bayern-3-100~playlist_date-2020-01-20_hour-4_-2963590ab8db73b2bda00724d12c23b2fcf95366.html 
No Data found. 2020-01-20 http://www.br.de/radio/bayern-3/bayern-3-100~playlist_date-2020-01-20_hour-5_-dbb94a31efbd5c486a4ccddddae1150c901b0b11.html 
No Data found. 2020-01-20 http://www.br.de/radio/bayern-3/bayern-3-100~playlist_date-2020-01-20_hour-6_-5888e5999cbe47672e995fab7a79a52b02e07616.html 
No Data found. 2020-01-20 http://www.br.de/radio/bayern-3/bayern-3-100~playlist_date-2020-01-20_hour-7_-5678254e9d3b4b7b3b8131d816bfebdd8168426d.html 
No Data found. 2020-01-20 http://www.br.de/radio/bayern-3/bayern-3-100~playlist_date-2020-01-20_hour-8_-dc4c39ebb28d6f1e984e73153a2d77f6ba43b77d.html 
2020-02-12T23:14 http://www.br.de/radio/bayern-3/bayern-3-100~playlist_date-2020-02-12_hour-23_-2137101675134c6b0a64c2505e968f6a4082fe0c.html 
No Data found. 2020-02-13 http://www.br.de/radio/bayern-3/bayern-3-100~playlist_date-2020-02-13_hour-0_-21e044c0c5fa1a838688796a7f6cb64df66bb959.html 
No Data found. 2020-02-16 http://www.br.de/radio/bayern-3/bayern-3-100~playlist_date-2020-02-16_hour-20_-cce009c827313514ff30c8da9fa9b054ef18705c.html 
No Data found. 2020-02-25 http://www.br.de/radio/bayern-3/bayern-3-100~playlist_date-2020-02-25_hour-11_-d6db9be76ddb46b5549074cd214f8e0e993e31d2.html 
No Data found. 2020-02-25 http://www.br.de/radio/bayern-3/bayern-3-100~playlist_date-2020-02-25_hour-12_-d2d22a3175baa0974e57a04793415c3c4dca5058.html 
No Data found. 2020-02-25 http://www.br.de/radio/bayern-3/bayern-3-100~playlist_date-2020-02-25_hour-13_-7f4b9eed6cc737ebdabae86f8b272dc34e14d322.html 
No Data found. 2020-02-25 http://www.br.de/radio/bayern-3/bayern-3-100~playlist_date-2020-02-25_hour-14_-e4fc5f1ebdfc197ae66d38b28272d76647d5b821.html 
No Data found. 2020-02-25 http://www.br.de/radio/bayern-3/bayern-3-100~playlist_date-2020-02-25_hour-15_-3851e492a3a1de10777b2376eb9d2277f3f3642c.html 
No Data found. 2020-02-25 http://www.br.de/radio/bayern-3/bayern-3-100~playlist_date-2020-02-25_hour-16_-adda9f4c0f361c4d1f12664102a99d2505dbb831.html 
No Data found. 2020-02-25 http://www.br.de/radio/bayern-3/bayern-3-100~playlist_date-2020-02-25_hour-17_-d056fde317687ad688773a5b56b0be2a7e1f2e0a.html 
No Data found. 2020-02-25 http://www.br.de/radio/bayern-3/bayern-3-100~playlist_date-2020-02-25_hour-18_-1c545669307810d5902b392e99250c177b056806.html 
No Data found. 2020-02-25 http://www.br.de/radio/bayern-3/bayern-3-100~playlist_date-2020-02-25_hour-18_-1c545669307810d5902b392e99250c177b056806.html 
No Data found. 2020-02-25 http://www.br.de/radio/bayern-3/bayern-3-100~playlist_date-2020-02-25_hour-19_-719b01f1374c8bb449cb3ad58c48216a729715a4.html 
No Data found. 2020-02-25 http://www.br.de/radio/bayern-3/bayern-3-100~playlist_date-2020-02-25_hour-20_-7db3e7aa984e355d95aacc205b42cce01eb2452b.html 
No Data found. 2020-02-25 http://www.br.de/radio/bayern-3/bayern-3-100~playlist_date-2020-02-25_hour-21_-e955dc7484df421d726518f673f8bbe1e5bf41f4.html 
No Data found. 2020-02-25 http://www.br.de/radio/bayern-3/bayern-3-100~playlist_date-2020-02-25_hour-22_-2873c677cee6c12a71c50940653d92d1e6e36e64.html 
No Data found. 2020-02-25 http://www.br.de/radio/bayern-3/bayern-3-100~playlist_date-2020-02-25_hour-23_-5cae73ddc7819d9ec8e35358f2d71e932fc32a24.html 
No Data found. 2020-02-26 http://www.br.de/radio/bayern-3/bayern-3-100~playlist_date-2020-02-26_hour-0_-761dd057711640ee87d363762c1f7093502786dd.html 
No Data found. 2020-02-26 http://www.br.de/radio/bayern-3/bayern-3-100~playlist_date-2020-02-26_hour-1_-fadc61b1015af51a9b871d734e28605fb22b640e.html 
No Data found. 2020-02-26 http://www.br.de/radio/bayern-3/bayern-3-100~playlist_date-2020-02-26_hour-2_-22534d5ddbe4ee37d0fcf92bf01a3204a4933868.html 
No Data found. 2020-02-26 http://www.br.de/radio/bayern-3/bayern-3-100~playlist_date-2020-02-26_hour-3_-9408c603424837d80442efd61c5ee4b262333eac.html 
No Data found. 2020-02-26 http://www.br.de/radio/bayern-3/bayern-3-100~playlist_date-2020-02-26_hour-4_-c7f398fc6ae99ddb03f788e45f83fce35100ad70.html 
No Data found. 2020-02-26 http://www.br.de/radio/bayern-3/bayern-3-100~playlist_date-2020-02-26_hour-5_-106e13deacc159711aeb0420e1ec439a98ac8932.html 
No Data found. 2020-02-26 http://www.br.de/radio/bayern-3/bayern-3-100~playlist_date-2020-02-26_hour-6_-dfc05c7f887a0bf983c5002e80781177a951d5cd.html 
No Data found. 2020-02-26 http://www.br.de/radio/bayern-3/bayern-3-100~playlist_date-2020-02-26_hour-7_-08042db596d651a5c2c488171e4b29488dfe47e6.html 
No Data found. 2020-02-26 http://www.br.de/radio/bayern-3/bayern-3-100~playlist_date-2020-02-26_hour-8_-8015b53b15c7ed6e9f2317015f3d8167e28cafb3.html 
No Data found. 2020-02-26 http://www.br.de/radio/bayern-3/bayern-3-100~playlist_date-2020-02-26_hour-9_-b5b31cb2470001f8068c99c1bd4485946fb7d540.html 
No Data found. 2020-02-26 http://www.br.de/radio/bayern-3/bayern-3-100~playlist_date-2020-02-26_hour-10_-b3254b7024bacdbe10f9cebbc5876448354027e0.html 
No Data found. 2020-02-26 http://www.br.de/radio/bayern-3/bayern-3-100~playlist_date-2020-02-26_hour-11_-c40974861aa626190dd8d8998b9dd0c2c23de837.html 
No Data found. 2020-02-26 http://www.br.de/radio/bayern-3/bayern-3-100~playlist_date-2020-02-26_hour-12_-2e6eface113fb27470dfc01cfd506a9e0e0b82fe.html 
No Data found. 2020-02-26 http://www.br.de/radio/bayern-3/bayern-3-100~playlist_date-2020-02-26_hour-13_-949470d800d36f09c7feb2d6ee62d2f40b9aa2ce.html 
No Data found. 2020-02-26 http://www.br.de/radio/bayern-3/bayern-3-100~playlist_date-2020-02-26_hour-14_-7cf032321e10120247fb9cca966a7cfa936335df.html 
