{"interpret" : "Maître Gims", "titel" : "Est-ce que tu m'aimes?", "song-id" : "16"}, 
{"interpret" : "Kungs vs Cookin' On 3 Burners", "titel" : "This Girl", "song-id" : "33"}, 
{"interpret" : "LunchMoney Lewis", "titel" : "Bills", "song-id" : "37"}, 
{"interpret" : "Nico Santos", "titel" : "Rooftop (Sonnendeck Remix)", "song-id" : "45"}, 
{"interpret" : "Milow", "titel" : "Howling At The Moon", "song-id" : "54"}, 
{"interpret" : "Odesza feat. Leon Bridges", "titel" : "Across the room", "song-id" : "69"}, 
{"interpret" : "Mark Forster", "titel" : "Chöre (Radio Edit)", "song-id" : "76"}, 
{"interpret" : "Julian Perretta", "titel" : "Miracle", "song-id" : "94"}, 
{"interpret" : "Frans", "titel" : "If I Were Sorry", "song-id" : "97"}, 
{"interpret" : "Macklemore & Ryan Lewis feat Ray Dalton", "titel" : "Can't Hold Us", "song-id" : "98"}, 
{"interpret" : "The Night Game", "titel" : "Once In A Lifetime", "song-id" : "112"}, 
{"interpret" : "Lilly Wood & The Prick and Robin Schulz", "titel" : "Prayer in C (Robin Schulz Remix)", "song-id" : "121"}, 
{"interpret" : "Mark Forster", "titel" : "Kogong", "song-id" : "122"}, 
{"interpret" : "Axwell ^ Ingrosso feat. Trevor Guthrie", "titel" : "Dreamer", "song-id" : "124"}, 
{"interpret" : "Marlon Roudette", "titel" : "New Age", "song-id" : "126"}, 
{"interpret" : "Ed Sheeran", "titel" : "Galway Girl", "song-id" : "136"}, 
{"interpret" : "Cro", "titel" : "Bye Bye (MTV Unplugged)", "song-id" : "139"}, 
{"interpret" : "Nico Santos", "titel" : "Rooftop", "song-id" : "140"}, 
{"interpret" : "The BossHoss", "titel" : "Don't gimme that", "song-id" : "147"}, 
{"interpret" : "Alle Farben", "titel" : "Bad Ideas (Original Edit)", "song-id" : "171"}, 
{"interpret" : "Macklemore featuring Ziggy Stardust", "titel" : "And we danced", "song-id" : "194"}, 
{"interpret" : "The Strumbellas", "titel" : "Spirits", "song-id" : "197"}, 
{"interpret" : "Bob & the Wailers Marley", "titel" : "No Woman No Cry (Lost Frequencies Remix)", "song-id" : "226"}, 
{"interpret" : "Selena Gomez x Marshmello", "titel" : "Wolves (Da Brozz Remix)", "song-id" : "236"}, 
{"interpret" : "Room 5", "titel" : "Make Luv", "song-id" : "245"}, 
{"interpret" : "Cortez vs. X-Ray feat. Lemonjuice", "titel" : "What U get is what U C", "song-id" : "249"}, 
{"interpret" : "Sixx Paxx feat. Marc Terenzi", "titel" : "Pony (Radio Mix)", "song-id" : "268"}, 
{"interpret" : "Riegler Hias featuring d'Hundskrippln", "titel" : "Gloana Bauer", "song-id" : "269"}, 
{"interpret" : "Nicky Jam & Enrique Iglesias", "titel" : "El perdón", "song-id" : "288"}, 
{"interpret" : "Cro", "titel" : "Traum", "song-id" : "306"}, 
{"interpret" : "Lions Head", "titel" : "When I Wake Up", "song-id" : "347"}, 
{"interpret" : "Bausa", "titel" : "Was du Liebe nennst", "song-id" : "366"}, 
{"interpret" : "Spiller", "titel" : "Groove Jet (if this ain't love)", "song-id" : "393"}, 
{"interpret" : "Billie Eilish", "titel" : "Bellyache", "song-id" : "407"}, 
{"interpret" : "Coldplay", "titel" : "Adventure of A Lifetime", "song-id" : "420"}, 
{"interpret" : "Capital Cities", "titel" : "Safe and Sound", "song-id" : "423"}, 
{"interpret" : "Robin Thicke feat. T.I. & Pharrell", "titel" : "Blurred lines", "song-id" : "456"}, 
{"interpret" : "Lea", "titel" : "Leiser", "song-id" : "462"}, 
{"interpret" : "The Night Game", "titel" : "Once In A Lifetime (Single Version)", "song-id" : "467"}, 
{"interpret" : "Robbie Williams", "titel" : "The road to Mandalay", "song-id" : "491"}, 
{"interpret" : "Barenaked Ladies", "titel" : "Pinch me", "song-id" : "495"}, 
{"interpret" : "SOHN", "titel" : "Conrad", "song-id" : "500"}, 
{"interpret" : "Mile Me Deaf", "titel" : "Light Ltd.", "song-id" : "517"}, 
{"interpret" : "Sam Smith", "titel" : "Money On My Mind", "song-id" : "522"}, 
{"interpret" : "St. Lucia", "titel" : "Elevate", "song-id" : "531"}, 
{"interpret" : "K-Maro", "titel" : "Femme Like U", "song-id" : "542"}, 
{"interpret" : "Bag Raiders", "titel" : "Way Back Home", "song-id" : "547"}, 
{"interpret" : "James Blunt", "titel" : "You're Beautiful", "song-id" : "550"}, 
{"interpret" : "Alle Farben", "titel" : "Bad Ideas", "song-id" : "567"}, 
{"interpret" : "Deep Blue Something", "titel" : "Breakfast at Tiffany's", "song-id" : "570"}, 
{"interpret" : "John Legend", "titel" : "All Of Me", "song-id" : "575"}, 
{"interpret" : "Django Django", "titel" : "Surface To Air", "song-id" : "618"}, 
{"interpret" : "Odesza feat. Leon Bridges", "titel" : "Across The Room", "song-id" : "629"}, 
{"interpret" : "Russ", "titel" : "Flip", "song-id" : "630"}, 
{"interpret" : "Foals", "titel" : "My Number", "song-id" : "633"}, 
{"interpret" : "The Vaccines", "titel" : "I Can't Quit", "song-id" : "707"}, 
{"interpret" : "Leyya", "titel" : "Zoo", "song-id" : "710"}, 
{"interpret" : "Fil Bo Riva", "titel" : "Head Sonata (Love Control)", "song-id" : "726"}, 
{"interpret" : "Arnold Palmer", "titel" : "Hey there Delilah", "song-id" : "729"}, 
{"interpret" : "Theophilus London", "titel" : "Wine & Chocolates [andhim Remix]", "song-id" : "730"}, 
{"interpret" : "Lenny Kravitz", "titel" : "Believe in me", "song-id" : "732"}, 
{"interpret" : "Vika Maya", "titel" : "Stereo Love", "song-id" : "753"}, 
{"interpret" : "Maroon 5", "titel" : "This love", "song-id" : "756"}, 
{"interpret" : "Flo Rida featuring Kesha", "titel" : "Right Round", "song-id" : "767"}, 
{"interpret" : "Kiiara", "titel" : "Gold", "song-id" : "787"}, 
{"interpret" : "Weaves", "titel" : "#53", "song-id" : "807"}, 
{"interpret" : "Wittek", "titel" : "Lass Sie Kind Sein (J. Bodean Radio Remix)", "song-id" : "850"}, 
{"interpret" : "Why Don't We", "titel" : "Trust Fund Baby", "song-id" : "863"}, 
{"interpret" : "Elias", "titel" : "Focus", "song-id" : "865"}, 
{"interpret" : "Mura Masa feat. A$AP Rocky", "titel" : "Love$ick", "song-id" : "870"}, 
{"interpret" : "Alex Clare", "titel" : "Treading water", "song-id" : "874"}, 
{"interpret" : "Frenship & Emily Warren", "titel" : "Capsize", "song-id" : "876"}, 
{"interpret" : "BETAMENSCH", "titel" : "Ein Blick", "song-id" : "879"}, 
{"interpret" : "Leoniden", "titel" : "The Tired", "song-id" : "881"}, 
{"interpret" : "Lions Head", "titel" : "When I Wake Up (Sway Gray & Lokee Remix)", "song-id" : "886"}, 
{"interpret" : "Mark Forster", "titel" : "Flash mich", "song-id" : "909"}, 
{"interpret" : "Sarah Connor", "titel" : "Wie schön Du bist", "song-id" : "913"}, 
{"interpret" : "Pitbull feat. Ke$ha", "titel" : "Timber", "song-id" : "927"}, 
{"interpret" : "Martin Solveig feat. Sam White", "titel" : "+1", "song-id" : "947"}, 
{"interpret" : "LunchMoney Lewis", "titel" : "Ain't Too Cool", "song-id" : "950"}, 
{"interpret" : "Riton feat. Kah-Lo", "titel" : "Rinse & repeat", "song-id" : "952"}, 
{"interpret" : "Mahmut Orhan feat. Sena Sener", "titel" : "Feel", "song-id" : "960"}, 
{"interpret" : "J-Kwon", "titel" : "Tipsy", "song-id" : "967"}, 
{"interpret" : "Duke Dumont", "titel" : "Ocean Drive (Groovefore & Neevald Remix)", "song-id" : "978"}, 
{"interpret" : "Arash feat. Sean Paul", "titel" : "She Makes Me Go", "song-id" : "1001"}, 
{"interpret" : "Mighty Oaks", "titel" : "Brother", "song-id" : "1018"}, 
{"interpret" : "DJ Snake feat. Justin Bieber", "titel" : "Let me love you", "song-id" : "1020"}, 
{"interpret" : "Robbie Williams", "titel" : "Rock DJ", "song-id" : "1026"}, 
{"interpret" : "Rihanna", "titel" : "California King Bed", "song-id" : "1030"}, 
{"interpret" : "M-22", "titel" : "Good to be loved", "song-id" : "1047"}, 
{"interpret" : "French Montana", "titel" : "Famous", "song-id" : "1050"}, 
{"interpret" : "My Friend the Chocolate Cake", "titel" : "I've Got a Plan", "song-id" : "1058"}, 
{"interpret" : "Lizzo", "titel" : "Water Me", "song-id" : "1067"}, 
{"interpret" : "Snow Patrol", "titel" : "Called Out In The Dark", "song-id" : "1068"}, 
{"interpret" : "Izzy Bizu", "titel" : "White Tiger (Radio-Mix)", "song-id" : "1089"}, 
{"interpret" : "Wax", "titel" : "Rosana (Radio Edit)", "song-id" : "1095"}, 
{"interpret" : "Darcy", "titel" : "Cape of no hope", "song-id" : "1110"}, 
{"interpret" : "Champyons", "titel" : "Maria-Luiza", "song-id" : "1120"}, 
{"interpret" : "Snoop Dogg feat. B Slade", "titel" : "Words Are Few", "song-id" : "1123"}, 
{"interpret" : "Milky Chance", "titel" : "Down By The River", "song-id" : "1127"}, 
{"interpret" : "Mark Forster", "titel" : "Auf dem Weg", "song-id" : "1137"}, 
{"interpret" : "Joshua Kadison", "titel" : "Picture postcards from L.A.", "song-id" : "1139"}, 
{"interpret" : "Foals", "titel" : "Mountain at my Gates", "song-id" : "1161"}, 
{"interpret" : "Era Istrefi", "titel" : "Bonbon", "song-id" : "1164"}, 
{"interpret" : "Stromae", "titel" : "Formidable", "song-id" : "1177"}, 
{"interpret" : "Beck", "titel" : "Dear Life", "song-id" : "1185"}, 
{"interpret" : "Safari", "titel" : "Shakalaka", "song-id" : "1189"}, 
{"interpret" : "Kris Feat. Dante Thomas", "titel" : "Diese Tage (Ich liebe diese Tage)", "song-id" : "1198"}, 
{"interpret" : "Peter Fox", "titel" : "Ich Steine, du Steine", "song-id" : "1219"}, 
{"interpret" : "Ill Camille feat. Amaru", "titel" : "Slip Away", "song-id" : "1227"}, 
{"interpret" : "DJ Premier feat. A$AP Ferg", "titel" : "Our Streets", "song-id" : "1231"}, 
{"interpret" : "Arcade Fire", "titel" : "Intervention", "song-id" : "1234"}, 
{"interpret" : "Adulescens", "titel" : "My Modest Monster", "song-id" : "1238"}, 
{"interpret" : "Wax", "titel" : "Rosana (Radio Version)", "song-id" : "1249"}, 
{"interpret" : "Eule", "titel" : "Stehaufmädchen", "song-id" : "1266"}, 
{"interpret" : "Felix Jaehn feat. Marc E. Bassy + Gucci Mane", "titel" : "Cool", "song-id" : "1272"}, 
{"interpret" : "Anstandslos & Durchgeknallt f. Jasmiina", "titel" : "Egal", "song-id" : "1273"}, 
{"interpret" : "The xx", "titel" : "Dangerous", "song-id" : "1293"}, 
{"interpret" : "Junior Senior", "titel" : "Move Your Feet", "song-id" : "1304"}, 
{"interpret" : "Bausa", "titel" : "Was Du Liebe Nennst (Anstandslos & Durchgeknallt Remix)", "song-id" : "1306"}, 
{"interpret" : "Selena Gomez x Marshmello", "titel" : "Wolves (Vinsand Remix)", "song-id" : "1310"}, 
{"interpret" : "Mark Forster", "titel" : "Chöre (Alex Martura Remix)", "song-id" : "1313"}, 
{"interpret" : "J.C.A.", "titel" : "I begin to wonder", "song-id" : "1319"}, 
{"interpret" : "Chris & Tyga Brown", "titel" : "Ayo", "song-id" : "1337"}, 
{"interpret" : "Mafia Clowns feat. Sean Kingston", "titel" : "I wanna luv ya", "song-id" : "1339"}, 
{"interpret" : "Patrick Miller", "titel" : "Dancing in London (David May Radio Mix)", "song-id" : "1344"}, 
{"interpret" : "Kungs feat. Olly Murs & Coely", "titel" : "More Mess", "song-id" : "1357"}, 
{"interpret" : "Kokab", "titel" : "Got U (Ready or Not)", "song-id" : "1363"}, 
{"interpret" : "Sigala feat. John Newman & Nile Rodgers", "titel" : "Give me your love", "song-id" : "1365"}, 
{"interpret" : "Mark Forster", "titel" : "Sowieso (DJ Chris O. Remix)", "song-id" : "1366"}, 
{"interpret" : "Flo Rida", "titel" : "Whistle", "song-id" : "1385"}, 
{"interpret" : "Spice Girls", "titel" : "Say you'll be there", "song-id" : "1407"}, 
{"interpret" : "Frans", "titel" : "If I Were Sorry (Blaze U x Mave & Zac vs. Nicole Chen Remix)", "song-id" : "1433"}, 
{"interpret" : "Gusttavo Lima", "titel" : "Balada", "song-id" : "1434"}, 
{"interpret" : "Reel 2 Real", "titel" : "I like to move it", "song-id" : "1440"}, 
{"interpret" : "Axwell /\ Ingrosso feat. Trevor Guthrie", "titel" : "Dreamer", "song-id" : "1447"}, 
{"interpret" : "Bomfunk MC's feat. Jessica Folcker", "titel" : "(Crack it) Something going on", "song-id" : "1466"}, 
{"interpret" : "Lemonheads", "titel" : "Mrs. Robinson", "song-id" : "1503"}, 
{"interpret" : "Torfrock", "titel" : "Beinhart", "song-id" : "1523"}, 
{"interpret" : "Touch And Go", "titel" : "Would you?", "song-id" : "1530"}, 
{"interpret" : "Namika", "titel" : "Lieblingsmensch", "song-id" : "1567"}, 
{"interpret" : "The Roots feat. Cody Chesnutt", "titel" : "The Seed (2.0)", "song-id" : "1587"}, 
{"interpret" : "Theophilus London", "titel" : "Wine & Chocolates (andhim Edit)", "song-id" : "1591"}, 
{"interpret" : "Wax", "titel" : "Rosana (Original Version)", "song-id" : "1613"}, 
{"interpret" : "Macy Gray", "titel" : "When I See You", "song-id" : "1620"}, 
{"interpret" : "Cro", "titel" : "Computiful (Radio Edit)", "song-id" : "1630"}, 
{"interpret" : "MGMT", "titel" : "Me And Michael", "song-id" : "1633"}, 
{"interpret" : "Vasser", "titel" : "Falling", "song-id" : "1637"}, 
{"interpret" : "L'aupaire", "titel" : "Flowers", "song-id" : "1644"}, 
{"interpret" : "Wolfsheim", "titel" : "Kein Zurück", "song-id" : "1651"}, 
{"interpret" : "Olly Murs Featuring Flo Rida", "titel" : "Troublemaker", "song-id" : "1653"}, 
{"interpret" : "Lilly Wood & The Prick and Robin Schulz", "titel" : "Prayer in C (Robin Schulz Radio Edit)", "song-id" : "1661"}, 
{"interpret" : "Möwe", "titel" : "Who's To Blame", "song-id" : "1685"}, 
{"interpret" : "Cro", "titel" : "Bad Chick", "song-id" : "1689"}, 
{"interpret" : "Bandits", "titel" : "Catch me", "song-id" : "1690"}, 
{"interpret" : "DJ Snake feat. Justin Bieber", "titel" : "Let Me Love You (Chartwell Remix)", "song-id" : "1704"}, 
{"interpret" : "Lea", "titel" : "Leiser (2Clouds Remix)", "song-id" : "1717"}, 
{"interpret" : "Frans", "titel" : "If I Were Sorry (Neytram Remix)", "song-id" : "1718"}, 
{"interpret" : "Pink", "titel" : "What About Us (Madison Mars Remix)", "song-id" : "1720"}, 
{"interpret" : "Celine Dion", "titel" : "My heart will go on", "song-id" : "1730"}, 
{"interpret" : "Jason Derulo", "titel" : "Marry Me", "song-id" : "1731"}, 
{"interpret" : "Sean Paul", "titel" : "Other side of love", "song-id" : "1752"}, 
{"interpret" : "Jay Sean feat. Sean Paul", "titel" : "Make my love go", "song-id" : "1760"}, 
{"interpret" : "Rooney", "titel" : "When did your heart go missing?", "song-id" : "1770"}, 
{"interpret" : "Lions Head", "titel" : "True Love", "song-id" : "1779"}, 
{"interpret" : "The Black Keys", "titel" : "Fever", "song-id" : "1798"}, 
{"interpret" : "Rooney", "titel" : "when did your heart go missing?", "song-id" : "1816"}, 
{"interpret" : "Xavier Darcy", "titel" : "Kismet", "song-id" : "1817"}, 
{"interpret" : "Garland Jeffreys", "titel" : "The answer", "song-id" : "1848"}, 
{"interpret" : "Lions Head", "titel" : "See You", "song-id" : "1860"}, 
{"interpret" : "Imagine Dragons", "titel" : "Next To Me", "song-id" : "1881"}, 
{"interpret" : "Little Simz", "titel" : "Picture Perfect", "song-id" : "1886"}, 
{"interpret" : "Bosse", "titel" : "Schönste Zeit", "song-id" : "1889"}, 
{"interpret" : "ZULU", "titel" : "Inactive Life (PULS Live Session)", "song-id" : "1891"}, 
{"interpret" : "AMI", "titel" : "Blessing & Curse", "song-id" : "1893"}, 
{"interpret" : "Aura Dione", "titel" : "I will love you monday", "song-id" : "1901"}, 
{"interpret" : "R. Kelly", "titel" : "Ignition (Remix)", "song-id" : "1902"}, 
{"interpret" : "Justin Bieber", "titel" : "What do you mean?", "song-id" : "1903"}, 
{"interpret" : "Topic feat. Jake Reese", "titel" : "Find you", "song-id" : "1907"}, 
{"interpret" : "Xavier Darcy", "titel" : "Jonah", "song-id" : "1915"}, 
{"interpret" : "The Roots; Cody Chesnutt", "titel" : "The Seed (2.0)", "song-id" : "1916"}, 
{"interpret" : "Toploader", "titel" : "Dancing in the moonlight", "song-id" : "1920"}, 
{"interpret" : "Pitbull feat. John Ryan", "titel" : "Fireball", "song-id" : "1944"}, 
{"interpret" : "Nico Santos und Kleinste Band der Welt", "titel" : "Rooftop (Kleinste Band der Welt)", "song-id" : "1950"}, 
{"interpret" : "Nico & Vinz", "titel" : "Am I Wrong", "song-id" : "1951"}, 
{"interpret" : "The Night Game", "titel" : "Bad Girls Don't Cry (Radio Edit)", "song-id" : "1952"}, 
{"interpret" : "Michael Schulte", "titel" : "You Let Me Walk Alone", "song-id" : "1954"}, 
{"interpret" : "Julia Engelmann", "titel" : "Stille Poeten", "song-id" : "1964"}, 
{"interpret" : "Imagine Dragons", "titel" : "Next to me", "song-id" : "1967"}, 
{"interpret" : "Frøkedal", "titel" : "Believe", "song-id" : "1970"}, 
{"interpret" : "Cro", "titel" : "Computiful", "song-id" : "1978"}, 
{"interpret" : "Radiohead", "titel" : "Creep", "song-id" : "1979"}, 
{"interpret" : "Wankelmut & Emma Louise", "titel" : "My Head Is A Jungle", "song-id" : "1986"}, 
{"interpret" : "Mamas Gun", "titel" : "London Girls", "song-id" : "1997"}, 
{"interpret" : "Nicky Jam & Enrique Iglesias", "titel" : "El Perdon (Daniel Bellido Remix)", "song-id" : "1998"}, 
{"interpret" : "Frans", "titel" : "If I Were Sorry (Syn Cole Remix)", "song-id" : "2002"}, 
{"interpret" : "Alma", "titel" : "Karma", "song-id" : "2013"}, 
{"interpret" : "H-Blockx", "titel" : "Risin' high", "song-id" : "2014"}, 
{"interpret" : "Micar", "titel" : "Sleep alone", "song-id" : "2024"}, 
{"interpret" : "Axwell ^ Ingrosso feat. Trevor Guthrie", "titel" : "Dreamer (Impulse Remix)", "song-id" : "2040"}, 
{"interpret" : "Gestört aber Geil feat. Sebastian Hämer", "titel" : "Ich & du", "song-id" : "2041"}, 
{"interpret" : "Selena Gomez x Marshmello", "titel" : "Wolves (ANGEMI Remix)", "song-id" : "2042"}, 
{"interpret" : "Kevin Lyttle", "titel" : "Turn me on", "song-id" : "2048"}, 
{"interpret" : "filous feat. James Hersey", "titel" : "How Hard I Try", "song-id" : "2060"}, 
{"interpret" : "Jonas Blue feat. JP Cooper", "titel" : "Perfect strangers", "song-id" : "2062"}, 
{"interpret" : "Shakira", "titel" : "Waka Waka", "song-id" : "2064"}, 
{"interpret" : "Caro Emerald", "titel" : "Stuck", "song-id" : "2076"}, 
{"interpret" : "Cro", "titel" : "Bad Chick (Edit)", "song-id" : "2080"}, 
{"interpret" : "Jack Johnson", "titel" : "Upside down", "song-id" : "2082"}, 
{"interpret" : "Kristian Leontiou", "titel" : "Story Of My Life", "song-id" : "2091"}, 
{"interpret" : "Naaz", "titel" : "Words", "song-id" : "2093"}, 
{"interpret" : "Tommy Finke", "titel" : "Borderline Betty", "song-id" : "2094"}, 
{"interpret" : "Xavier Darcy", "titel" : "Lorelei (Traditi.ON)", "song-id" : "2097"}, 
{"interpret" : "The Night Game", "titel" : "Bad Girls Don't Cry", "song-id" : "2130"}, 
{"interpret" : "Brooke Fraser", "titel" : "Something In The Water", "song-id" : "2131"}, 
{"interpret" : "Sean Paul", "titel" : "Temperature", "song-id" : "2138"}, 
{"interpret" : "Jez Dior", "titel" : "Loved you first", "song-id" : "2139"}, 
{"interpret" : "Matoma & The Notorious B.I.G. feat. Ja Rule and Ralph Tresvant", "titel" : "Old Thing Back", "song-id" : "2147"}, 
{"interpret" : "DMA's", "titel" : "In The Air", "song-id" : "2155"}, 
{"interpret" : "Dessa", "titel" : "Fire Drills", "song-id" : "2157"}, 
{"interpret" : "Bad Paris feat. Mimoza", "titel" : "I heart U", "song-id" : "2173"}, 
{"interpret" : "Kina Grannis", "titel" : "The One You Say Goodnight To", "song-id" : "2198"}, 
{"interpret" : "Raury featuring Tom Morello", "titel" : "Friends", "song-id" : "2203"}, 
{"interpret" : "Dante Thomas", "titel" : "Miss California", "song-id" : "2220"}, 
{"interpret" : "Bon Jovi", "titel" : "Keep the faith", "song-id" : "2223"}, 
{"interpret" : "Romano", "titel" : "Ja, ich will", "song-id" : "2249"}, 
{"interpret" : "Portugal. The Man", "titel" : "Feel It Still (Ofenbach Remix)", "song-id" : "2270"}, 
{"interpret" : "Mark Forster", "titel" : "Chöre (Patrick Metzker Remix)", "song-id" : "2274"}, 
{"interpret" : "Justin Bieber", "titel" : "What Do You Mean (Delirious & Alex K Mix)", "song-id" : "2275"}, 
{"interpret" : "Olly Murs", "titel" : "Right Place Right time", "song-id" : "2279"}, 
{"interpret" : "Bausa", "titel" : "Was Du Liebe Nennst (Mark Bale Remix)", "song-id" : "2306"}, 
{"interpret" : "Fake Pictures", "titel" : "Two Princes (Dominik Koislmeyer Radio Edit)", "song-id" : "2311"}, 
{"interpret" : "Simple Plan  (feat. Sean Paul)", "titel" : "Summer Paradise", "song-id" : "2334"}, 
{"interpret" : "Mikey Mike", "titel" : "Doin' me", "song-id" : "2351"}, 
{"interpret" : "PA Sports", "titel" : "100 Bars Legacy", "song-id" : "2359"}, 
{"interpret" : "Die Fantastischen Vier feat. Don Snow", "titel" : "25", "song-id" : "2365"}, 
{"interpret" : "Stromae", "titel" : "Tous les mêmes", "song-id" : "2371"}, 
{"interpret" : "Sigrid", "titel" : "Don't Kill My Vibe", "song-id" : "2390"}, 
{"interpret" : "Melanie C", "titel" : "Never be the same again", "song-id" : "2399"}, 
{"interpret" : "AMI", "titel" : "Follow", "song-id" : "2407"}, 
{"interpret" : "Låpsley", "titel" : "Operator (DJ Koze Mix)", "song-id" : "2414"}, 
{"interpret" : "Ina Regen", "titel" : "Wie a Kind", "song-id" : "2437"}, 
{"interpret" : "Melissa Etheridge", "titel" : "Like the way I do", "song-id" : "2438"}, 
{"interpret" : "Nico Santos", "titel" : "Rooftop (Live @ BAYERN 3 fresh)", "song-id" : "2462"}, 
{"interpret" : "Nico Santos", "titel" : "Medley (Live @ BAYERN 3 fresh)", "song-id" : "2464"}, 
{"interpret" : "Pnau", "titel" : "Chameleon", "song-id" : "2467"}, 
{"interpret" : "DJ Snake feat. Justin Bieber", "titel" : "Let Me Love You (Andry J Remix)", "song-id" : "2479"}, 
{"interpret" : "Manic Street Preachers", "titel" : "A design for life", "song-id" : "2544"}, 
{"interpret" : "LANY", "titel" : "ILYSB", "song-id" : "2556"}, 
{"interpret" : "K'naan", "titel" : "Wavin' Flag (Celebration Mix)", "song-id" : "2563"}, 
{"interpret" : "Good Weather Forecast", "titel" : "Superhumans", "song-id" : "2574"}, 
{"interpret" : "Fool's Garden", "titel" : "Lemon tree", "song-id" : "2581"}, 
{"interpret" : "Namika", "titel" : "Kompliziert", "song-id" : "2588"}, 
{"interpret" : "Destiny's Child", "titel" : "Say my name", "song-id" : "2594"}, 
{"interpret" : "eRRdeKa feat. Oliver Gottwald", "titel" : "Funkeln (PULS Live Session)", "song-id" : "2605"}, 
{"interpret" : "Blond", "titel" : "Spinaci", "song-id" : "2606"}, 
{"interpret" : "Bad Stream", "titel" : "Sex Cries", "song-id" : "2608"}, 
{"interpret" : "Logic feat. Wiz Khalifa", "titel" : "Indica Badu", "song-id" : "2626"}, 
{"interpret" : "Alma feat. Tove Styrke", "titel" : "Good Vibes", "song-id" : "2645"}, 
{"interpret" : "Me And Reas", "titel" : "Boy In A Box", "song-id" : "2651"}, 
{"interpret" : "Axwell ^ Ingrosso feat. Trevor Guthrie", "titel" : "Dreamer (Petkis Remix)", "song-id" : "2680"}, 
{"interpret" : "Topic feat. Nico Santos", "titel" : "Home (Vitize Remix)", "song-id" : "2687"}, 
{"interpret" : "Selena Gomez x Marshmello", "titel" : "Wolves (Sirprice Remix)", "song-id" : "2702"}, 
{"interpret" : "Lions Head", "titel" : "When I Wake Up (Frank Dal Pra & GetSet Remix)", "song-id" : "2704"}, 
{"interpret" : "Filous feat. James Hersey", "titel" : "How Hard I Try", "song-id" : "2718"}, 
{"interpret" : "The Chainsmokers", "titel" : "Everybody Hates Me (Radio Edit)", "song-id" : "2727"}, 
{"interpret" : "Migos feat. Drake", "titel" : "Walk It Talk It", "song-id" : "2734"}, 
{"interpret" : "Jay-Z", "titel" : "Marcy Me", "song-id" : "2745"}, 
{"interpret" : "The Killers", "titel" : "Run For Cover", "song-id" : "2748"}, 
{"interpret" : "Sløtface", "titel" : "Galaxies", "song-id" : "2753"}, 
{"interpret" : "Me & Reas", "titel" : "Boy In A Box (PULS Live Session)", "song-id" : "2768"}, 
{"interpret" : "ALMA feat. Tove Styrke", "titel" : "Good Vibes", "song-id" : "2778"}, 
{"interpret" : "Alle Farben & RHODES", "titel" : "H.O.L.Y.", "song-id" : "2798"}, 
{"interpret" : "Chet Faker", "titel" : "No Diggity", "song-id" : "2824"}, 
{"interpret" : "DJ Antoine feat. Jay Sean", "titel" : "Weekend love", "song-id" : "2837"}, 
{"interpret" : "None", "titel" : "TdW KW 13 Umfrage // BC Unidos feat. U.S. Girls & Ledinsky - Take It Easy", "song-id" : "2914"}, 
{"interpret" : "Ry X", "titel" : "Berlin", "song-id" : "2920"}, 
{"interpret" : "Die Fantastischen Vier", "titel" : "Der Picknicker", "song-id" : "2930"}, 
{"interpret" : "Biffy Clyro", "titel" : "Many of Horror", "song-id" : "2931"}, 
{"interpret" : "Van Halen", "titel" : "Jump", "song-id" : "2954"}, 
{"interpret" : "Frances", "titel" : "Don't worry about me", "song-id" : "2957"}, 
{"interpret" : "L'aupaire", "titel" : "I Would Do It All Again", "song-id" : "2971"}, 
{"interpret" : "Passenger", "titel" : "Let Her Go (Single)", "song-id" : "2985"}, 
{"interpret" : "Guy Mandon", "titel" : "Kokosfett", "song-id" : "2993"}, 
{"interpret" : "P!nk feat. Lily Allen", "titel" : "True Love", "song-id" : "3000"}, 
{"interpret" : "Kungs vs Cookin' On 3 Burners", "titel" : "This Girl", "song-id" : "33"}, 
{"interpret" : "LunchMoney Lewis", "titel" : "Bills", "song-id" : "37"}, 
{"interpret" : "Nico Santos", "titel" : "Rooftop (Sonnendeck Remix)", "song-id" : "45"}, 
{"interpret" : "Milow", "titel" : "Howling At The Moon", "song-id" : "54"}, 
{"interpret" : "Odesza feat. Leon Bridges", "titel" : "Across the room", "song-id" : "69"}, 
{"interpret" : "Julian Perretta", "titel" : "Miracle", "song-id" : "94"}, 
{"interpret" : "Frans", "titel" : "If I Were Sorry", "song-id" : "97"}, 
{"interpret" : "Macklemore & Ryan Lewis feat Ray Dalton", "titel" : "Can't Hold Us", "song-id" : "98"}, 
{"interpret" : "Lilly Wood & The Prick and Robin Schulz", "titel" : "Prayer in C (Robin Schulz Remix)", "song-id" : "121"}, 
{"interpret" : "Axwell ^ Ingrosso feat. Trevor Guthrie", "titel" : "Dreamer", "song-id" : "124"}, 
{"interpret" : "Marlon Roudette", "titel" : "New Age", "song-id" : "126"}, 
{"interpret" : "Ed Sheeran", "titel" : "Galway Girl", "song-id" : "136"}, 
{"interpret" : "Cro", "titel" : "Bye Bye (MTV Unplugged)", "song-id" : "139"}, 
{"interpret" : "Nico Santos", "titel" : "Rooftop", "song-id" : "140"}, 
{"interpret" : "The BossHoss", "titel" : "Don't gimme that", "song-id" : "147"}, 
{"interpret" : "The Strumbellas", "titel" : "Spirits", "song-id" : "197"}, 
{"interpret" : "Selena Gomez x Marshmello", "titel" : "Wolves (Da Brozz Remix)", "song-id" : "236"}, 
{"interpret" : "Room 5", "titel" : "Make Luv", "song-id" : "245"}, 
{"interpret" : "Cortez vs. X-Ray feat. Lemonjuice", "titel" : "What U get is what U C", "song-id" : "249"}, 
{"interpret" : "Riegler Hias featuring d'Hundskrippln", "titel" : "Gloana Bauer", "song-id" : "269"}, 
{"interpret" : "Nicky Jam & Enrique Iglesias", "titel" : "El perdón", "song-id" : "288"}, 
{"interpret" : "Cro", "titel" : "Traum", "song-id" : "306"}, 
{"interpret" : "Bausa", "titel" : "Was du Liebe nennst", "song-id" : "366"}, 
{"interpret" : "Spiller", "titel" : "Groove Jet (if this ain't love)", "song-id" : "393"}, 
{"interpret" : "Billie Eilish", "titel" : "Bellyache", "song-id" : "407"}, 
{"interpret" : "Capital Cities", "titel" : "Safe and Sound", "song-id" : "423"}, 
{"interpret" : "Robin Thicke feat. T.I. & Pharrell", "titel" : "Blurred lines", "song-id" : "456"}, 
{"interpret" : "Lea", "titel" : "Leiser", "song-id" : "462"}, 
{"interpret" : "Robbie Williams", "titel" : "The road to Mandalay", "song-id" : "491"}, 
{"interpret" : "Barenaked Ladies", "titel" : "Pinch me", "song-id" : "495"}, 
{"interpret" : "SOHN", "titel" : "Conrad", "song-id" : "500"}, 
{"interpret" : "Sam Smith", "titel" : "Money On My Mind", "song-id" : "522"}, 
{"interpret" : "St. Lucia", "titel" : "Elevate", "song-id" : "531"}, 
{"interpret" : "K-Maro", "titel" : "Femme Like U", "song-id" : "542"}, 
{"interpret" : "Deep Blue Something", "titel" : "Breakfast at Tiffany's", "song-id" : "570"}, 
{"interpret" : "John Legend", "titel" : "All Of Me", "song-id" : "575"}, 
{"interpret" : "Django Django", "titel" : "Surface To Air", "song-id" : "618"}, 
{"interpret" : "Odesza feat. Leon Bridges", "titel" : "Across The Room", "song-id" : "629"}, 
{"interpret" : "Foals", "titel" : "My Number", "song-id" : "633"}, 
{"interpret" : "Leyya", "titel" : "Zoo", "song-id" : "710"}, 
{"interpret" : "Arnold Palmer", "titel" : "Hey there Delilah", "song-id" : "729"}, 
{"interpret" : "Theophilus London", "titel" : "Wine & Chocolates [andhim Remix]", "song-id" : "730"}, 
{"interpret" : "Maroon 5", "titel" : "This love", "song-id" : "756"}, 
{"interpret" : "Flo Rida featuring Kesha", "titel" : "Right Round", "song-id" : "767"}, 
{"interpret" : "Kiiara", "titel" : "Gold", "song-id" : "787"}, 
{"interpret" : "Wittek", "titel" : "Lass Sie Kind Sein (J. Bodean Radio Remix)", "song-id" : "850"}, 
{"interpret" : "Mura Masa feat. A$AP Rocky", "titel" : "Love$ick", "song-id" : "870"}, 
{"interpret" : "Alex Clare", "titel" : "Treading water", "song-id" : "874"}, 
{"interpret" : "Frenship & Emily Warren", "titel" : "Capsize", "song-id" : "876"}, 
{"interpret" : "BETAMENSCH", "titel" : "Ein Blick", "song-id" : "879"}, 
{"interpret" : "Leoniden", "titel" : "The Tired", "song-id" : "881"}, 
{"interpret" : "Sarah Connor", "titel" : "Wie schön Du bist", "song-id" : "913"}, 
{"interpret" : "Pitbull feat. Ke$ha", "titel" : "Timber", "song-id" : "927"}, 
{"interpret" : "Martin Solveig feat. Sam White", "titel" : "+1", "song-id" : "947"}, 
{"interpret" : "Mahmut Orhan feat. Sena Sener", "titel" : "Feel", "song-id" : "960"}, 
{"interpret" : "J-Kwon", "titel" : "Tipsy", "song-id" : "967"}, 
{"interpret" : "Mighty Oaks", "titel" : "Brother", "song-id" : "1018"}, 
{"interpret" : "M-22", "titel" : "Good to be loved", "song-id" : "1047"}, 
{"interpret" : "My Friend the Chocolate Cake", "titel" : "I've Got a Plan", "song-id" : "1058"}, 
{"interpret" : "Lizzo", "titel" : "Water Me", "song-id" : "1067"}, 
{"interpret" : "Snow Patrol", "titel" : "Called Out In The Dark", "song-id" : "1068"}, 
{"interpret" : "Izzy Bizu", "titel" : "White Tiger (Radio-Mix)", "song-id" : "1089"}, 
{"interpret" : "Darcy", "titel" : "Cape of no hope", "song-id" : "1110"}, 
{"interpret" : "Champyons", "titel" : "Maria-Luiza", "song-id" : "1120"}, 
{"interpret" : "Mark Forster", "titel" : "Auf dem Weg", "song-id" : "1137"}, 
{"interpret" : "Joshua Kadison", "titel" : "Picture postcards from L.A.", "song-id" : "1139"}, 
{"interpret" : "Foals", "titel" : "Mountain at my Gates", "song-id" : "1161"}, 
{"interpret" : "Era Istrefi", "titel" : "Bonbon", "song-id" : "1164"}, 
{"interpret" : "Stromae", "titel" : "Formidable", "song-id" : "1177"}, 
{"interpret" : "Beck", "titel" : "Dear Life", "song-id" : "1185"}, 
{"interpret" : "Kris Feat. Dante Thomas", "titel" : "Diese Tage (Ich liebe diese Tage)", "song-id" : "1198"}, 
{"interpret" : "Peter Fox", "titel" : "Ich Steine, du Steine", "song-id" : "1219"}, 
{"interpret" : "Eule", "titel" : "Stehaufmädchen", "song-id" : "1266"}, 
{"interpret" : "The xx", "titel" : "Dangerous", "song-id" : "1293"}, 
{"interpret" : "Bausa", "titel" : "Was Du Liebe Nennst (Anstandslos & Durchgeknallt Remix)", "song-id" : "1306"}, 
{"interpret" : "Selena Gomez x Marshmello", "titel" : "Wolves (Vinsand Remix)", "song-id" : "1310"}, 
{"interpret" : "J.C.A.", "titel" : "I begin to wonder", "song-id" : "1319"}, 
{"interpret" : "Chris & Tyga Brown", "titel" : "Ayo", "song-id" : "1337"}, 
{"interpret" : "Mafia Clowns feat. Sean Kingston", "titel" : "I wanna luv ya", "song-id" : "1339"}, 
{"interpret" : "Patrick Miller", "titel" : "Dancing in London (David May Radio Mix)", "song-id" : "1344"}, 
{"interpret" : "Kungs feat. Olly Murs & Coely", "titel" : "More Mess", "song-id" : "1357"}, 
{"interpret" : "Sigala feat. John Newman & Nile Rodgers", "titel" : "Give me your love", "song-id" : "1365"}, 
{"interpret" : "Frans", "titel" : "If I Were Sorry (Blaze U x Mave & Zac vs. Nicole Chen Remix)", "song-id" : "1433"}, 
{"interpret" : "Gusttavo Lima", "titel" : "Balada", "song-id" : "1434"}, 
{"interpret" : "Reel 2 Real", "titel" : "I like to move it", "song-id" : "1440"}, 
{"interpret" : "Axwell /\ Ingrosso feat. Trevor Guthrie", "titel" : "Dreamer", "song-id" : "1447"}, 
{"interpret" : "Bomfunk MC's feat. Jessica Folcker", "titel" : "(Crack it) Something going on", "song-id" : "1466"}, 
{"interpret" : "Lemonheads", "titel" : "Mrs. Robinson", "song-id" : "1503"}, 
{"interpret" : "Namika", "titel" : "Lieblingsmensch", "song-id" : "1567"}, 
{"interpret" : "Theophilus London", "titel" : "Wine & Chocolates (andhim Edit)", "song-id" : "1591"}, 
{"interpret" : "Macy Gray", "titel" : "When I See You", "song-id" : "1620"}, 
{"interpret" : "MGMT", "titel" : "Me And Michael", "song-id" : "1633"}, 
{"interpret" : "Vasser", "titel" : "Falling", "song-id" : "1637"}, 
{"interpret" : "L'aupaire", "titel" : "Flowers", "song-id" : "1644"}, 
{"interpret" : "Olly Murs Featuring Flo Rida", "titel" : "Troublemaker", "song-id" : "1653"}, 
{"interpret" : "Lilly Wood & The Prick and Robin Schulz", "titel" : "Prayer in C (Robin Schulz Radio Edit)", "song-id" : "1661"}, 
{"interpret" : "Möwe", "titel" : "Who's To Blame", "song-id" : "1685"}, 
{"interpret" : "Cro", "titel" : "Bad Chick", "song-id" : "1689"}, 
{"interpret" : "Bandits", "titel" : "Catch me", "song-id" : "1690"}, 
{"interpret" : "Lea", "titel" : "Leiser (2Clouds Remix)", "song-id" : "1717"}, 
{"interpret" : "Frans", "titel" : "If I Were Sorry (Neytram Remix)", "song-id" : "1718"}, 
{"interpret" : "Pink", "titel" : "What About Us (Madison Mars Remix)", "song-id" : "1720"}, 
{"interpret" : "Celine Dion", "titel" : "My heart will go on", "song-id" : "1730"}, 
{"interpret" : "Jason Derulo", "titel" : "Marry Me", "song-id" : "1731"}, 
{"interpret" : "Sean Paul", "titel" : "Other side of love", "song-id" : "1752"}, 
{"interpret" : "Jay Sean feat. Sean Paul", "titel" : "Make my love go", "song-id" : "1760"}, 
{"interpret" : "Rooney", "titel" : "When did your heart go missing?", "song-id" : "1770"}, 
{"interpret" : "The Black Keys", "titel" : "Fever", "song-id" : "1798"}, 
{"interpret" : "Rooney", "titel" : "when did your heart go missing?", "song-id" : "1816"}, 
{"interpret" : "Xavier Darcy", "titel" : "Kismet", "song-id" : "1817"}, 
{"interpret" : "Garland Jeffreys", "titel" : "The answer", "song-id" : "1848"}, 
{"interpret" : "Lions Head", "titel" : "See You", "song-id" : "1860"}, 
{"interpret" : "Bosse", "titel" : "Schönste Zeit", "song-id" : "1889"}, 
{"interpret" : "ZULU", "titel" : "Inactive Life (PULS Live Session)", "song-id" : "1891"}, 
{"interpret" : "Aura Dione", "titel" : "I will love you monday", "song-id" : "1901"}, 
{"interpret" : "Topic feat. Jake Reese", "titel" : "Find you", "song-id" : "1907"}, 
{"interpret" : "Xavier Darcy", "titel" : "Jonah", "song-id" : "1915"}, 
{"interpret" : "Pitbull feat. John Ryan", "titel" : "Fireball", "song-id" : "1944"}, 
{"interpret" : "Nico Santos und Kleinste Band der Welt", "titel" : "Rooftop (Kleinste Band der Welt)", "song-id" : "1950"}, 
{"interpret" : "The Night Game", "titel" : "Bad Girls Don't Cry (Radio Edit)", "song-id" : "1952"}, 
{"interpret" : "Michael Schulte", "titel" : "You Let Me Walk Alone", "song-id" : "1954"}, 
{"interpret" : "Cro", "titel" : "Computiful", "song-id" : "1978"}, 
{"interpret" : "Wankelmut & Emma Louise", "titel" : "My Head Is A Jungle", "song-id" : "1986"}, 
{"interpret" : "Nicky Jam & Enrique Iglesias", "titel" : "El Perdon (Daniel Bellido Remix)", "song-id" : "1998"}, 
{"interpret" : "Frans", "titel" : "If I Were Sorry (Syn Cole Remix)", "song-id" : "2002"}, 
{"interpret" : "Alma", "titel" : "Karma", "song-id" : "2013"}, 
{"interpret" : "Micar", "titel" : "Sleep alone", "song-id" : "2024"}, 
{"interpret" : "Axwell ^ Ingrosso feat. Trevor Guthrie", "titel" : "Dreamer (Impulse Remix)", "song-id" : "2040"}, 
{"interpret" : "Gestört aber Geil feat. Sebastian Hämer", "titel" : "Ich & du", "song-id" : "2041"}, 
{"interpret" : "Selena Gomez x Marshmello", "titel" : "Wolves (ANGEMI Remix)", "song-id" : "2042"}, 
{"interpret" : "Kevin Lyttle", "titel" : "Turn me on", "song-id" : "2048"}, 
{"interpret" : "filous feat. James Hersey", "titel" : "How Hard I Try", "song-id" : "2060"}, 
{"interpret" : "Shakira", "titel" : "Waka Waka", "song-id" : "2064"}, 
{"interpret" : "Caro Emerald", "titel" : "Stuck", "song-id" : "2076"}, 
{"interpret" : "Cro", "titel" : "Bad Chick (Edit)", "song-id" : "2080"}, 
{"interpret" : "Kristian Leontiou", "titel" : "Story Of My Life", "song-id" : "2091"}, 
{"interpret" : "Naaz", "titel" : "Words", "song-id" : "2093"}, 
{"interpret" : "Xavier Darcy", "titel" : "Lorelei (Traditi.ON)", "song-id" : "2097"}, 
{"interpret" : "The Night Game", "titel" : "Bad Girls Don't Cry", "song-id" : "2130"}, 
{"interpret" : "Brooke Fraser", "titel" : "Something In The Water", "song-id" : "2131"}, 
{"interpret" : "Sean Paul", "titel" : "Temperature", "song-id" : "2138"}, 
{"interpret" : "Jez Dior", "titel" : "Loved you first", "song-id" : "2139"}, 
{"interpret" : "Dessa", "titel" : "Fire Drills", "song-id" : "2157"}, 
{"interpret" : "Bad Paris feat. Mimoza", "titel" : "I heart U", "song-id" : "2173"}, 
{"interpret" : "Kina Grannis", "titel" : "The One You Say Goodnight To", "song-id" : "2198"}, 
{"interpret" : "Dante Thomas", "titel" : "Miss California", "song-id" : "2220"}, 
{"interpret" : "Portugal. The Man", "titel" : "Feel It Still (Ofenbach Remix)", "song-id" : "2270"}, 
{"interpret" : "Bausa", "titel" : "Was Du Liebe Nennst (Mark Bale Remix)", "song-id" : "2306"}, 
{"interpret" : "Fake Pictures", "titel" : "Two Princes (Dominik Koislmeyer Radio Edit)", "song-id" : "2311"}, 
{"interpret" : "Simple Plan  (feat. Sean Paul)", "titel" : "Summer Paradise", "song-id" : "2334"}, 
{"interpret" : "PA Sports", "titel" : "100 Bars Legacy", "song-id" : "2359"}, 
{"interpret" : "Die Fantastischen Vier feat. Don Snow", "titel" : "25", "song-id" : "2365"}, 
{"interpret" : "Stromae", "titel" : "Tous les mêmes", "song-id" : "2371"}, 
{"interpret" : "Melanie C", "titel" : "Never be the same again", "song-id" : "2399"}, 
{"interpret" : "AMI", "titel" : "Follow", "song-id" : "2407"}, 
{"interpret" : "Låpsley", "titel" : "Operator (DJ Koze Mix)", "song-id" : "2414"}, 
{"interpret" : "Ina Regen", "titel" : "Wie a Kind", "song-id" : "2437"}, 
{"interpret" : "Nico Santos", "titel" : "Rooftop (Live @ BAYERN 3 fresh)", "song-id" : "2462"}, 
{"interpret" : "Nico Santos", "titel" : "Medley (Live @ BAYERN 3 fresh)", "song-id" : "2464"}, 
{"interpret" : "Pnau", "titel" : "Chameleon", "song-id" : "2467"}, 
{"interpret" : "LANY", "titel" : "ILYSB", "song-id" : "2556"}, 
{"interpret" : "K'naan", "titel" : "Wavin' Flag (Celebration Mix)", "song-id" : "2563"}, 
{"interpret" : "Good Weather Forecast", "titel" : "Superhumans", "song-id" : "2574"}, 
{"interpret" : "Destiny's Child", "titel" : "Say my name", "song-id" : "2594"}, 
{"interpret" : "eRRdeKa feat. Oliver Gottwald", "titel" : "Funkeln (PULS Live Session)", "song-id" : "2605"}, 
{"interpret" : "Blond", "titel" : "Spinaci", "song-id" : "2606"}, 
{"interpret" : "Axwell ^ Ingrosso feat. Trevor Guthrie", "titel" : "Dreamer (Petkis Remix)", "song-id" : "2680"}, 
{"interpret" : "Topic feat. Nico Santos", "titel" : "Home (Vitize Remix)", "song-id" : "2687"}, 
{"interpret" : "Selena Gomez x Marshmello", "titel" : "Wolves (Sirprice Remix)", "song-id" : "2702"}, 
{"interpret" : "Filous feat. James Hersey", "titel" : "How Hard I Try", "song-id" : "2718"}, 
{"interpret" : "Migos feat. Drake", "titel" : "Walk It Talk It", "song-id" : "2734"}, 
{"interpret" : "The Killers", "titel" : "Run For Cover", "song-id" : "2748"}, 
{"interpret" : "Chet Faker", "titel" : "No Diggity", "song-id" : "2824"}, 
{"interpret" : "None", "titel" : "TdW KW 13 Umfrage // BC Unidos feat. U.S. Girls & Ledinsky - Take It Easy", "song-id" : "2914"}, 
{"interpret" : "Ry X", "titel" : "Berlin", "song-id" : "2920"}, 
{"interpret" : "Die Fantastischen Vier", "titel" : "Der Picknicker", "song-id" : "2930"}, 
{"interpret" : "Passenger", "titel" : "Let Her Go (Single)", "song-id" : "2985"}, 
{"interpret" : "Alle Farben & ILIRA", "titel" : "Fading", "song-id" : "3010"}, 
{"interpret" : "Rea Garvey", "titel" : "Kiss Me - Single Mix", "song-id" : "3014"}, 
{"interpret" : "Malik Harris", "titel" : "Say the name", "song-id" : "3021"}, 
{"interpret" : "Lady Gaga & Bradley Cooper", "titel" : "Shallow", "song-id" : "3037"}, 
{"interpret" : "Tom Gregory", "titel" : "Honest", "song-id" : "3040"}, 
{"interpret" : "Nico Santos", "titel" : "Oh Hello", "song-id" : "3047"}, 
{"interpret" : "Wincent Weiss", "titel" : "An Wunder", "song-id" : "3048"}, 
{"interpret" : "Lea", "titel" : "Zu dir", "song-id" : "3051"}, 
{"interpret" : "Stefanie Heinzmann feat. Alle Farben", "titel" : "Build A House", "song-id" : "3056"}, 
{"interpret" : "Nico Santos", "titel" : "Safe", "song-id" : "3061"}, 
{"interpret" : "Sunrise Avenue", "titel" : "Dreamer", "song-id" : "3074"}, 
{"interpret" : "Ingrid Michaelson", "titel" : "The way I am", "song-id" : "3078"}, 
{"interpret" : "Josh.", "titel" : "Cordula Grün", "song-id" : "3094"}, 
{"interpret" : "Malik Harris", "titel" : "Say The Name", "song-id" : "3100"}, 
{"interpret" : "Kara Marni", "titel" : "Move", "song-id" : "3104"}, 
{"interpret" : "Anderson .Paak", "titel" : "Who R U?", "song-id" : "3113"}, 
{"interpret" : "Declan J Donovan", "titel" : "Pieces", "song-id" : "3127"}, 
{"interpret" : "Rea Garvey", "titel" : "Kiss Me", "song-id" : "3132"}, 
{"interpret" : "Revolverheld feat. Antje Schomaker", "titel" : "Liebe auf Distanz", "song-id" : "3134"}, 
{"interpret" : "El Profesor", "titel" : "Bella ciao [Hugel Remix]", "song-id" : "3137"}, 
{"interpret" : "Wincent Weiss", "titel" : "Hier mit dir", "song-id" : "3138"}, 
{"interpret" : "None", "titel" : "Kakkmaddafakka - Naked Blue", "song-id" : "3169"}, 
{"interpret" : "Riegler Hias feat. d'Hundskrippln", "titel" : "Gloana Bauer", "song-id" : "3184"}, 
{"interpret" : "Darlene Love", "titel" : "All alone on Christmas", "song-id" : "3188"}, 
{"interpret" : "Frank Popp Ensemble", "titel" : "Hip Teens Don't Wear Blue Jeans", "song-id" : "3193"}, 
{"interpret" : "LEA", "titel" : "Zu dir", "song-id" : "3194"}, 
{"interpret" : "Kungs vs Cookin' On 3 Burners", "titel" : "This Girl", "song-id" : "33"}, 
{"interpret" : "LunchMoney Lewis", "titel" : "Bills", "song-id" : "37"}, 
{"interpret" : "Nico Santos", "titel" : "Rooftop (Sonnendeck Remix)", "song-id" : "45"}, 
{"interpret" : "Milow", "titel" : "Howling At The Moon", "song-id" : "54"}, 
{"interpret" : "Odesza feat. Leon Bridges", "titel" : "Across the room", "song-id" : "69"}, 
{"interpret" : "Julian Perretta", "titel" : "Miracle", "song-id" : "94"}, 
{"interpret" : "Frans", "titel" : "If I Were Sorry", "song-id" : "97"}, 
{"interpret" : "Macklemore & Ryan Lewis feat Ray Dalton", "titel" : "Can't Hold Us", "song-id" : "98"}, 
{"interpret" : "Lilly Wood & The Prick and Robin Schulz", "titel" : "Prayer in C (Robin Schulz Remix)", "song-id" : "121"}, 
{"interpret" : "Axwell ^ Ingrosso feat. Trevor Guthrie", "titel" : "Dreamer", "song-id" : "124"}, 
{"interpret" : "Marlon Roudette", "titel" : "New Age", "song-id" : "126"}, 
{"interpret" : "Ed Sheeran", "titel" : "Galway Girl", "song-id" : "136"}, 
{"interpret" : "Cro", "titel" : "Bye Bye (MTV Unplugged)", "song-id" : "139"}, 
{"interpret" : "Nico Santos", "titel" : "Rooftop", "song-id" : "140"}, 
{"interpret" : "The BossHoss", "titel" : "Don't gimme that", "song-id" : "147"}, 
{"interpret" : "The Strumbellas", "titel" : "Spirits", "song-id" : "197"}, 
{"interpret" : "Selena Gomez x Marshmello", "titel" : "Wolves (Da Brozz Remix)", "song-id" : "236"}, 
{"interpret" : "Room 5", "titel" : "Make Luv", "song-id" : "245"}, 
{"interpret" : "Cortez vs. X-Ray feat. Lemonjuice", "titel" : "What U get is what U C", "song-id" : "249"}, 
{"interpret" : "Riegler Hias featuring d'Hundskrippln", "titel" : "Gloana Bauer", "song-id" : "269"}, 
{"interpret" : "Nicky Jam & Enrique Iglesias", "titel" : "El perdón", "song-id" : "288"}, 
{"interpret" : "Cro", "titel" : "Traum", "song-id" : "306"}, 
{"interpret" : "Bausa", "titel" : "Was du Liebe nennst", "song-id" : "366"}, 
{"interpret" : "Spiller", "titel" : "Groove Jet (if this ain't love)", "song-id" : "393"}, 
{"interpret" : "Billie Eilish", "titel" : "Bellyache", "song-id" : "407"}, 
{"interpret" : "Capital Cities", "titel" : "Safe and Sound", "song-id" : "423"}, 
{"interpret" : "Robin Thicke feat. T.I. & Pharrell", "titel" : "Blurred lines", "song-id" : "456"}, 
{"interpret" : "Lea", "titel" : "Leiser", "song-id" : "462"}, 
{"interpret" : "Robbie Williams", "titel" : "The road to Mandalay", "song-id" : "491"}, 
{"interpret" : "Barenaked Ladies", "titel" : "Pinch me", "song-id" : "495"}, 
{"interpret" : "SOHN", "titel" : "Conrad", "song-id" : "500"}, 
{"interpret" : "Sam Smith", "titel" : "Money On My Mind", "song-id" : "522"}, 
{"interpret" : "St. Lucia", "titel" : "Elevate", "song-id" : "531"}, 
{"interpret" : "K-Maro", "titel" : "Femme Like U", "song-id" : "542"}, 
{"interpret" : "Deep Blue Something", "titel" : "Breakfast at Tiffany's", "song-id" : "570"}, 
{"interpret" : "John Legend", "titel" : "All Of Me", "song-id" : "575"}, 
{"interpret" : "Django Django", "titel" : "Surface To Air", "song-id" : "618"}, 
{"interpret" : "Odesza feat. Leon Bridges", "titel" : "Across The Room", "song-id" : "629"}, 
{"interpret" : "Foals", "titel" : "My Number", "song-id" : "633"}, 
{"interpret" : "Leyya", "titel" : "Zoo", "song-id" : "710"}, 
{"interpret" : "Arnold Palmer", "titel" : "Hey there Delilah", "song-id" : "729"}, 
{"interpret" : "Theophilus London", "titel" : "Wine & Chocolates [andhim Remix]", "song-id" : "730"}, 
{"interpret" : "Maroon 5", "titel" : "This love", "song-id" : "756"}, 
{"interpret" : "Flo Rida featuring Kesha", "titel" : "Right Round", "song-id" : "767"}, 
{"interpret" : "Kiiara", "titel" : "Gold", "song-id" : "787"}, 
{"interpret" : "Wittek", "titel" : "Lass Sie Kind Sein (J. Bodean Radio Remix)", "song-id" : "850"}, 
{"interpret" : "Mura Masa feat. A$AP Rocky", "titel" : "Love$ick", "song-id" : "870"}, 
{"interpret" : "Frenship & Emily Warren", "titel" : "Capsize", "song-id" : "876"}, 
{"interpret" : "BETAMENSCH", "titel" : "Ein Blick", "song-id" : "879"}, 
{"interpret" : "Leoniden", "titel" : "The Tired", "song-id" : "881"}, 
{"interpret" : "Sarah Connor", "titel" : "Wie schön Du bist", "song-id" : "913"}, 
{"interpret" : "Pitbull feat. Ke$ha", "titel" : "Timber", "song-id" : "927"}, 
{"interpret" : "Martin Solveig feat. Sam White", "titel" : "+1", "song-id" : "947"}, 
{"interpret" : "Mahmut Orhan feat. Sena Sener", "titel" : "Feel", "song-id" : "960"}, 
{"interpret" : "J-Kwon", "titel" : "Tipsy", "song-id" : "967"}, 
{"interpret" : "Mighty Oaks", "titel" : "Brother", "song-id" : "1018"}, 
{"interpret" : "M-22", "titel" : "Good to be loved", "song-id" : "1047"}, 
{"interpret" : "My Friend the Chocolate Cake", "titel" : "I've Got a Plan", "song-id" : "1058"}, 
{"interpret" : "Lizzo", "titel" : "Water Me", "song-id" : "1067"}, 
{"interpret" : "Snow Patrol", "titel" : "Called Out In The Dark", "song-id" : "1068"}, 
{"interpret" : "Izzy Bizu", "titel" : "White Tiger (Radio-Mix)", "song-id" : "1089"}, 
{"interpret" : "Darcy", "titel" : "Cape of no hope", "song-id" : "1110"}, 
{"interpret" : "Champyons", "titel" : "Maria-Luiza", "song-id" : "1120"}, 
{"interpret" : "Mark Forster", "titel" : "Auf dem Weg", "song-id" : "1137"}, 
{"interpret" : "Joshua Kadison", "titel" : "Picture postcards from L.A.", "song-id" : "1139"}, 
{"interpret" : "Foals", "titel" : "Mountain at my Gates", "song-id" : "1161"}, 
{"interpret" : "Era Istrefi", "titel" : "Bonbon", "song-id" : "1164"}, 
{"interpret" : "Stromae", "titel" : "Formidable", "song-id" : "1177"}, 
{"interpret" : "Beck", "titel" : "Dear Life", "song-id" : "1185"}, 
{"interpret" : "Kris Feat. Dante Thomas", "titel" : "Diese Tage (Ich liebe diese Tage)", "song-id" : "1198"}, 
{"interpret" : "Peter Fox", "titel" : "Ich Steine, du Steine", "song-id" : "1219"}, 
{"interpret" : "Eule", "titel" : "Stehaufmädchen", "song-id" : "1266"}, 
{"interpret" : "The xx", "titel" : "Dangerous", "song-id" : "1293"}, 
{"interpret" : "Bausa", "titel" : "Was Du Liebe Nennst (Anstandslos & Durchgeknallt Remix)", "song-id" : "1306"}, 
{"interpret" : "Selena Gomez x Marshmello", "titel" : "Wolves (Vinsand Remix)", "song-id" : "1310"}, 
{"interpret" : "J.C.A.", "titel" : "I begin to wonder", "song-id" : "1319"}, 
{"interpret" : "Chris & Tyga Brown", "titel" : "Ayo", "song-id" : "1337"}, 
{"interpret" : "Mafia Clowns feat. Sean Kingston", "titel" : "I wanna luv ya", "song-id" : "1339"}, 
{"interpret" : "Patrick Miller", "titel" : "Dancing in London (David May Radio Mix)", "song-id" : "1344"}, 
{"interpret" : "Kungs feat. Olly Murs & Coely", "titel" : "More Mess", "song-id" : "1357"}, 
{"interpret" : "Sigala feat. John Newman & Nile Rodgers", "titel" : "Give me your love", "song-id" : "1365"}, 
{"interpret" : "Frans", "titel" : "If I Were Sorry (Blaze U x Mave & Zac vs. Nicole Chen Remix)", "song-id" : "1433"}, 
{"interpret" : "Gusttavo Lima", "titel" : "Balada", "song-id" : "1434"}, 
{"interpret" : "Reel 2 Real", "titel" : "I like to move it", "song-id" : "1440"}, 
{"interpret" : "Axwell /\ Ingrosso feat. Trevor Guthrie", "titel" : "Dreamer", "song-id" : "1447"}, 
{"interpret" : "Bomfunk MC's feat. Jessica Folcker", "titel" : "(Crack it) Something going on", "song-id" : "1466"}, 
{"interpret" : "Lemonheads", "titel" : "Mrs. Robinson", "song-id" : "1503"}, 
{"interpret" : "Namika", "titel" : "Lieblingsmensch", "song-id" : "1567"}, 
{"interpret" : "Theophilus London", "titel" : "Wine & Chocolates (andhim Edit)", "song-id" : "1591"}, 
{"interpret" : "MGMT", "titel" : "Me And Michael", "song-id" : "1633"}, 
{"interpret" : "Vasser", "titel" : "Falling", "song-id" : "1637"}, 
{"interpret" : "L'aupaire", "titel" : "Flowers", "song-id" : "1644"}, 
{"interpret" : "Olly Murs Featuring Flo Rida", "titel" : "Troublemaker", "song-id" : "1653"}, 
{"interpret" : "Lilly Wood & The Prick and Robin Schulz", "titel" : "Prayer in C (Robin Schulz Radio Edit)", "song-id" : "1661"}, 
{"interpret" : "Möwe", "titel" : "Who's To Blame", "song-id" : "1685"}, 
{"interpret" : "Cro", "titel" : "Bad Chick", "song-id" : "1689"}, 
{"interpret" : "Bandits", "titel" : "Catch me", "song-id" : "1690"}, 
{"interpret" : "Lea", "titel" : "Leiser (2Clouds Remix)", "song-id" : "1717"}, 
{"interpret" : "Frans", "titel" : "If I Were Sorry (Neytram Remix)", "song-id" : "1718"}, 
{"interpret" : "Pink", "titel" : "What About Us (Madison Mars Remix)", "song-id" : "1720"}, 
{"interpret" : "Celine Dion", "titel" : "My heart will go on", "song-id" : "1730"}, 
{"interpret" : "Jason Derulo", "titel" : "Marry Me", "song-id" : "1731"}, 
{"interpret" : "Sean Paul", "titel" : "Other side of love", "song-id" : "1752"}, 
{"interpret" : "Jay Sean feat. Sean Paul", "titel" : "Make my love go", "song-id" : "1760"}, 
{"interpret" : "Rooney", "titel" : "When did your heart go missing?", "song-id" : "1770"}, 
{"interpret" : "The Black Keys", "titel" : "Fever", "song-id" : "1798"}, 
{"interpret" : "Rooney", "titel" : "when did your heart go missing?", "song-id" : "1816"}, 
{"interpret" : "Xavier Darcy", "titel" : "Kismet", "song-id" : "1817"}, 
{"interpret" : "Garland Jeffreys", "titel" : "The answer", "song-id" : "1848"}, 
{"interpret" : "Lions Head", "titel" : "See You", "song-id" : "1860"}, 
{"interpret" : "Bosse", "titel" : "Schönste Zeit", "song-id" : "1889"}, 
{"interpret" : "ZULU", "titel" : "Inactive Life (PULS Live Session)", "song-id" : "1891"}, 
{"interpret" : "Aura Dione", "titel" : "I will love you monday", "song-id" : "1901"}, 
{"interpret" : "Topic feat. Jake Reese", "titel" : "Find you", "song-id" : "1907"}, 
{"interpret" : "Xavier Darcy", "titel" : "Jonah", "song-id" : "1915"}, 
{"interpret" : "Pitbull feat. John Ryan", "titel" : "Fireball", "song-id" : "1944"}, 
{"interpret" : "Nico Santos und Kleinste Band der Welt", "titel" : "Rooftop (Kleinste Band der Welt)", "song-id" : "1950"}, 
{"interpret" : "The Night Game", "titel" : "Bad Girls Don't Cry (Radio Edit)", "song-id" : "1952"}, 
{"interpret" : "Michael Schulte", "titel" : "You Let Me Walk Alone", "song-id" : "1954"}, 
{"interpret" : "Cro", "titel" : "Computiful", "song-id" : "1978"}, 
{"interpret" : "Wankelmut & Emma Louise", "titel" : "My Head Is A Jungle", "song-id" : "1986"}, 
{"interpret" : "Nicky Jam & Enrique Iglesias", "titel" : "El Perdon (Daniel Bellido Remix)", "song-id" : "1998"}, 
{"interpret" : "Frans", "titel" : "If I Were Sorry (Syn Cole Remix)", "song-id" : "2002"}, 
{"interpret" : "Alma", "titel" : "Karma", "song-id" : "2013"}, 
{"interpret" : "Micar", "titel" : "Sleep alone", "song-id" : "2024"}, 
{"interpret" : "Axwell ^ Ingrosso feat. Trevor Guthrie", "titel" : "Dreamer (Impulse Remix)", "song-id" : "2040"}, 
{"interpret" : "Gestört aber Geil feat. Sebastian Hämer", "titel" : "Ich & du", "song-id" : "2041"}, 
{"interpret" : "Selena Gomez x Marshmello", "titel" : "Wolves (ANGEMI Remix)", "song-id" : "2042"}, 
{"interpret" : "Kevin Lyttle", "titel" : "Turn me on", "song-id" : "2048"}, 
{"interpret" : "filous feat. James Hersey", "titel" : "How Hard I Try", "song-id" : "2060"}, 
{"interpret" : "Shakira", "titel" : "Waka Waka", "song-id" : "2064"}, 
{"interpret" : "Caro Emerald", "titel" : "Stuck", "song-id" : "2076"}, 
{"interpret" : "Cro", "titel" : "Bad Chick (Edit)", "song-id" : "2080"}, 
{"interpret" : "Kristian Leontiou", "titel" : "Story Of My Life", "song-id" : "2091"}, 
{"interpret" : "Naaz", "titel" : "Words", "song-id" : "2093"}, 
{"interpret" : "Xavier Darcy", "titel" : "Lorelei (Traditi.ON)", "song-id" : "2097"}, 
{"interpret" : "The Night Game", "titel" : "Bad Girls Don't Cry", "song-id" : "2130"}, 
{"interpret" : "Brooke Fraser", "titel" : "Something In The Water", "song-id" : "2131"}, 
{"interpret" : "Sean Paul", "titel" : "Temperature", "song-id" : "2138"}, 
{"interpret" : "Jez Dior", "titel" : "Loved you first", "song-id" : "2139"}, 
{"interpret" : "Dessa", "titel" : "Fire Drills", "song-id" : "2157"}, 
{"interpret" : "Bad Paris feat. Mimoza", "titel" : "I heart U", "song-id" : "2173"}, 
{"interpret" : "Kina Grannis", "titel" : "The One You Say Goodnight To", "song-id" : "2198"}, 
{"interpret" : "Dante Thomas", "titel" : "Miss California", "song-id" : "2220"}, 
{"interpret" : "Portugal. The Man", "titel" : "Feel It Still (Ofenbach Remix)", "song-id" : "2270"}, 
{"interpret" : "Bausa", "titel" : "Was Du Liebe Nennst (Mark Bale Remix)", "song-id" : "2306"}, 
{"interpret" : "Fake Pictures", "titel" : "Two Princes (Dominik Koislmeyer Radio Edit)", "song-id" : "2311"}, 
{"interpret" : "Simple Plan  (feat. Sean Paul)", "titel" : "Summer Paradise", "song-id" : "2334"}, 
{"interpret" : "PA Sports", "titel" : "100 Bars Legacy", "song-id" : "2359"}, 
{"interpret" : "Die Fantastischen Vier feat. Don Snow", "titel" : "25", "song-id" : "2365"}, 
{"interpret" : "Stromae", "titel" : "Tous les mêmes", "song-id" : "2371"}, 
{"interpret" : "Melanie C", "titel" : "Never be the same again", "song-id" : "2399"}, 
{"interpret" : "AMI", "titel" : "Follow", "song-id" : "2407"}, 
{"interpret" : "Låpsley", "titel" : "Operator (DJ Koze Mix)", "song-id" : "2414"}, 
{"interpret" : "Ina Regen", "titel" : "Wie a Kind", "song-id" : "2437"}, 
{"interpret" : "Nico Santos", "titel" : "Rooftop (Live @ BAYERN 3 fresh)", "song-id" : "2462"}, 
{"interpret" : "Nico Santos", "titel" : "Medley (Live @ BAYERN 3 fresh)", "song-id" : "2464"}, 
{"interpret" : "Pnau", "titel" : "Chameleon", "song-id" : "2467"}, 
{"interpret" : "LANY", "titel" : "ILYSB", "song-id" : "2556"}, 
{"interpret" : "K'naan", "titel" : "Wavin' Flag (Celebration Mix)", "song-id" : "2563"}, 
{"interpret" : "Good Weather Forecast", "titel" : "Superhumans", "song-id" : "2574"}, 
{"interpret" : "eRRdeKa feat. Oliver Gottwald", "titel" : "Funkeln (PULS Live Session)", "song-id" : "2605"}, 
{"interpret" : "Blond", "titel" : "Spinaci", "song-id" : "2606"}, 
{"interpret" : "Axwell ^ Ingrosso feat. Trevor Guthrie", "titel" : "Dreamer (Petkis Remix)", "song-id" : "2680"}, 
{"interpret" : "Topic feat. Nico Santos", "titel" : "Home (Vitize Remix)", "song-id" : "2687"}, 
{"interpret" : "Selena Gomez x Marshmello", "titel" : "Wolves (Sirprice Remix)", "song-id" : "2702"}, 
{"interpret" : "Filous feat. James Hersey", "titel" : "How Hard I Try", "song-id" : "2718"}, 
{"interpret" : "Migos feat. Drake", "titel" : "Walk It Talk It", "song-id" : "2734"}, 
{"interpret" : "The Killers", "titel" : "Run For Cover", "song-id" : "2748"}, 
{"interpret" : "Chet Faker", "titel" : "No Diggity", "song-id" : "2824"}, 
{"interpret" : "None", "titel" : "TdW KW 13 Umfrage // BC Unidos feat. U.S. Girls & Ledinsky - Take It Easy", "song-id" : "2914"}, 
{"interpret" : "Ry X", "titel" : "Berlin", "song-id" : "2920"}, 
{"interpret" : "Die Fantastischen Vier", "titel" : "Der Picknicker", "song-id" : "2930"}, 
{"interpret" : "Passenger", "titel" : "Let Her Go (Single)", "song-id" : "2985"}, 
{"interpret" : "Alle Farben & ILIRA", "titel" : "Fading", "song-id" : "3010"}, 
{"interpret" : "Rea Garvey", "titel" : "Kiss Me - Single Mix", "song-id" : "3014"}, 
{"interpret" : "Malik Harris", "titel" : "Say the name", "song-id" : "3021"}, 
{"interpret" : "Lady Gaga & Bradley Cooper", "titel" : "Shallow", "song-id" : "3037"}, 
{"interpret" : "Tom Gregory", "titel" : "Honest", "song-id" : "3040"}, 
{"interpret" : "Nico Santos", "titel" : "Oh Hello", "song-id" : "3047"}, 
{"interpret" : "Wincent Weiss", "titel" : "An Wunder", "song-id" : "3048"}, 
{"interpret" : "Lea", "titel" : "Zu dir", "song-id" : "3051"}, 
{"interpret" : "Stefanie Heinzmann feat. Alle Farben", "titel" : "Build A House", "song-id" : "3056"}, 
{"interpret" : "Nico Santos", "titel" : "Safe", "song-id" : "3061"}, 
{"interpret" : "Sunrise Avenue", "titel" : "Dreamer", "song-id" : "3074"}, 
{"interpret" : "Ingrid Michaelson", "titel" : "The way I am", "song-id" : "3078"}, 
{"interpret" : "Josh.", "titel" : "Cordula Grün", "song-id" : "3094"}, 
{"interpret" : "Malik Harris", "titel" : "Say The Name", "song-id" : "3100"}, 
{"interpret" : "Kara Marni", "titel" : "Move", "song-id" : "3104"}, 
{"interpret" : "Anderson .Paak", "titel" : "Who R U?", "song-id" : "3113"}, 
{"interpret" : "Declan J Donovan", "titel" : "Pieces", "song-id" : "3127"}, 
{"interpret" : "Rea Garvey", "titel" : "Kiss Me", "song-id" : "3132"}, 
{"interpret" : "Revolverheld feat. Antje Schomaker", "titel" : "Liebe auf Distanz", "song-id" : "3134"}, 
{"interpret" : "El Profesor", "titel" : "Bella ciao [Hugel Remix]", "song-id" : "3137"}, 
{"interpret" : "Wincent Weiss", "titel" : "Hier mit dir", "song-id" : "3138"}, 
{"interpret" : "Sunflower Bean", "titel" : "Come For Me", "song-id" : "3166"}, 
{"interpret" : "None", "titel" : "Kakkmaddafakka - Naked Blue", "song-id" : "3169"}, 
{"interpret" : "Riegler Hias feat. d'Hundskrippln", "titel" : "Gloana Bauer", "song-id" : "3184"}, 
{"interpret" : "Darlene Love", "titel" : "All alone on Christmas", "song-id" : "3188"}, 
{"interpret" : "Frank Popp Ensemble", "titel" : "Hip Teens Don't Wear Blue Jeans", "song-id" : "3193"}, 
{"interpret" : "LEA", "titel" : "Zu dir", "song-id" : "3194"}, 
{"interpret" : "Kungs vs Cookin' On 3 Burners", "titel" : "This Girl", "song-id" : "33"}, 
{"interpret" : "LunchMoney Lewis", "titel" : "Bills", "song-id" : "37"}, 
{"interpret" : "Nico Santos", "titel" : "Rooftop (Sonnendeck Remix)", "song-id" : "45"}, 
{"interpret" : "Milow", "titel" : "Howling At The Moon", "song-id" : "54"}, 
{"interpret" : "Odesza feat. Leon Bridges", "titel" : "Across the room", "song-id" : "69"}, 
{"interpret" : "Julian Perretta", "titel" : "Miracle", "song-id" : "94"}, 
{"interpret" : "Frans", "titel" : "If I Were Sorry", "song-id" : "97"}, 
{"interpret" : "Macklemore & Ryan Lewis feat Ray Dalton", "titel" : "Can't Hold Us", "song-id" : "98"}, 
{"interpret" : "Lilly Wood & The Prick and Robin Schulz", "titel" : "Prayer in C (Robin Schulz Remix)", "song-id" : "121"}, 
{"interpret" : "Axwell ^ Ingrosso feat. Trevor Guthrie", "titel" : "Dreamer", "song-id" : "124"}, 
{"interpret" : "Marlon Roudette", "titel" : "New Age", "song-id" : "126"}, 
{"interpret" : "Ed Sheeran", "titel" : "Galway Girl", "song-id" : "136"}, 
{"interpret" : "Cro", "titel" : "Bye Bye (MTV Unplugged)", "song-id" : "139"}, 
{"interpret" : "Nico Santos", "titel" : "Rooftop", "song-id" : "140"}, 
{"interpret" : "The BossHoss", "titel" : "Don't gimme that", "song-id" : "147"}, 
{"interpret" : "The Strumbellas", "titel" : "Spirits", "song-id" : "197"}, 
{"interpret" : "Selena Gomez x Marshmello", "titel" : "Wolves (Da Brozz Remix)", "song-id" : "236"}, 
{"interpret" : "Room 5", "titel" : "Make Luv", "song-id" : "245"}, 
{"interpret" : "Cortez vs. X-Ray feat. Lemonjuice", "titel" : "What U get is what U C", "song-id" : "249"}, 
{"interpret" : "Riegler Hias featuring d'Hundskrippln", "titel" : "Gloana Bauer", "song-id" : "269"}, 
{"interpret" : "Nicky Jam & Enrique Iglesias", "titel" : "El perdón", "song-id" : "288"}, 
{"interpret" : "Cro", "titel" : "Traum", "song-id" : "306"}, 
{"interpret" : "Bausa", "titel" : "Was du Liebe nennst", "song-id" : "366"}, 
{"interpret" : "Spiller", "titel" : "Groove Jet (if this ain't love)", "song-id" : "393"}, 
{"interpret" : "Billie Eilish", "titel" : "Bellyache", "song-id" : "407"}, 
{"interpret" : "Capital Cities", "titel" : "Safe and Sound", "song-id" : "423"}, 
{"interpret" : "Robin Thicke feat. T.I. & Pharrell", "titel" : "Blurred lines", "song-id" : "456"}, 
{"interpret" : "Lea", "titel" : "Leiser", "song-id" : "462"}, 
{"interpret" : "Robbie Williams", "titel" : "The road to Mandalay", "song-id" : "491"}, 
{"interpret" : "Barenaked Ladies", "titel" : "Pinch me", "song-id" : "495"}, 
{"interpret" : "SOHN", "titel" : "Conrad", "song-id" : "500"}, 
{"interpret" : "Sam Smith", "titel" : "Money On My Mind", "song-id" : "522"}, 
{"interpret" : "St. Lucia", "titel" : "Elevate", "song-id" : "531"}, 
{"interpret" : "K-Maro", "titel" : "Femme Like U", "song-id" : "542"}, 
{"interpret" : "Deep Blue Something", "titel" : "Breakfast at Tiffany's", "song-id" : "570"}, 
{"interpret" : "John Legend", "titel" : "All Of Me", "song-id" : "575"}, 
{"interpret" : "Django Django", "titel" : "Surface To Air", "song-id" : "618"}, 
{"interpret" : "Odesza feat. Leon Bridges", "titel" : "Across The Room", "song-id" : "629"}, 
{"interpret" : "Foals", "titel" : "My Number", "song-id" : "633"}, 
{"interpret" : "Leyya", "titel" : "Zoo", "song-id" : "710"}, 
{"interpret" : "Arnold Palmer", "titel" : "Hey there Delilah", "song-id" : "729"}, 
{"interpret" : "Theophilus London", "titel" : "Wine & Chocolates [andhim Remix]", "song-id" : "730"}, 
{"interpret" : "Maroon 5", "titel" : "This love", "song-id" : "756"}, 
{"interpret" : "Flo Rida featuring Kesha", "titel" : "Right Round", "song-id" : "767"}, 
{"interpret" : "Kiiara", "titel" : "Gold", "song-id" : "787"}, 
{"interpret" : "Wittek", "titel" : "Lass Sie Kind Sein (J. Bodean Radio Remix)", "song-id" : "850"}, 
{"interpret" : "Mura Masa feat. A$AP Rocky", "titel" : "Love$ick", "song-id" : "870"}, 
{"interpret" : "Frenship & Emily Warren", "titel" : "Capsize", "song-id" : "876"}, 
{"interpret" : "BETAMENSCH", "titel" : "Ein Blick", "song-id" : "879"}, 
{"interpret" : "Leoniden", "titel" : "The Tired", "song-id" : "881"}, 
{"interpret" : "Sarah Connor", "titel" : "Wie schön Du bist", "song-id" : "913"}, 
{"interpret" : "Pitbull feat. Ke$ha", "titel" : "Timber", "song-id" : "927"}, 
{"interpret" : "Martin Solveig feat. Sam White", "titel" : "+1", "song-id" : "947"}, 
{"interpret" : "Mahmut Orhan feat. Sena Sener", "titel" : "Feel", "song-id" : "960"}, 
{"interpret" : "J-Kwon", "titel" : "Tipsy", "song-id" : "967"}, 
{"interpret" : "Mighty Oaks", "titel" : "Brother", "song-id" : "1018"}, 
{"interpret" : "M-22", "titel" : "Good to be loved", "song-id" : "1047"}, 
{"interpret" : "My Friend the Chocolate Cake", "titel" : "I've Got a Plan", "song-id" : "1058"}, 
{"interpret" : "Lizzo", "titel" : "Water Me", "song-id" : "1067"}, 
{"interpret" : "Snow Patrol", "titel" : "Called Out In The Dark", "song-id" : "1068"}, 
{"interpret" : "Izzy Bizu", "titel" : "White Tiger (Radio-Mix)", "song-id" : "1089"}, 
{"interpret" : "Darcy", "titel" : "Cape of no hope", "song-id" : "1110"}, 
{"interpret" : "Champyons", "titel" : "Maria-Luiza", "song-id" : "1120"}, 
{"interpret" : "Mark Forster", "titel" : "Auf dem Weg", "song-id" : "1137"}, 
{"interpret" : "Joshua Kadison", "titel" : "Picture postcards from L.A.", "song-id" : "1139"}, 
{"interpret" : "Foals", "titel" : "Mountain at my Gates", "song-id" : "1161"}, 
{"interpret" : "Era Istrefi", "titel" : "Bonbon", "song-id" : "1164"}, 
{"interpret" : "Stromae", "titel" : "Formidable", "song-id" : "1177"}, 
{"interpret" : "Beck", "titel" : "Dear Life", "song-id" : "1185"}, 
{"interpret" : "Kris Feat. Dante Thomas", "titel" : "Diese Tage (Ich liebe diese Tage)", "song-id" : "1198"}, 
{"interpret" : "Peter Fox", "titel" : "Ich Steine, du Steine", "song-id" : "1219"}, 
{"interpret" : "Eule", "titel" : "Stehaufmädchen", "song-id" : "1266"}, 
{"interpret" : "The xx", "titel" : "Dangerous", "song-id" : "1293"}, 
{"interpret" : "Bausa", "titel" : "Was Du Liebe Nennst (Anstandslos & Durchgeknallt Remix)", "song-id" : "1306"}, 
{"interpret" : "Selena Gomez x Marshmello", "titel" : "Wolves (Vinsand Remix)", "song-id" : "1310"}, 
{"interpret" : "J.C.A.", "titel" : "I begin to wonder", "song-id" : "1319"}, 
{"interpret" : "Chris & Tyga Brown", "titel" : "Ayo", "song-id" : "1337"}, 
{"interpret" : "Mafia Clowns feat. Sean Kingston", "titel" : "I wanna luv ya", "song-id" : "1339"}, 
{"interpret" : "Patrick Miller", "titel" : "Dancing in London (David May Radio Mix)", "song-id" : "1344"}, 
{"interpret" : "Kungs feat. Olly Murs & Coely", "titel" : "More Mess", "song-id" : "1357"}, 
{"interpret" : "Sigala feat. John Newman & Nile Rodgers", "titel" : "Give me your love", "song-id" : "1365"}, 
{"interpret" : "Frans", "titel" : "If I Were Sorry (Blaze U x Mave & Zac vs. Nicole Chen Remix)", "song-id" : "1433"}, 
{"interpret" : "Gusttavo Lima", "titel" : "Balada", "song-id" : "1434"}, 
{"interpret" : "Reel 2 Real", "titel" : "I like to move it", "song-id" : "1440"}, 
{"interpret" : "Axwell /\ Ingrosso feat. Trevor Guthrie", "titel" : "Dreamer", "song-id" : "1447"}, 
{"interpret" : "Bomfunk MC's feat. Jessica Folcker", "titel" : "(Crack it) Something going on", "song-id" : "1466"}, 
{"interpret" : "Lemonheads", "titel" : "Mrs. Robinson", "song-id" : "1503"}, 
{"interpret" : "Namika", "titel" : "Lieblingsmensch", "song-id" : "1567"}, 
{"interpret" : "Theophilus London", "titel" : "Wine & Chocolates (andhim Edit)", "song-id" : "1591"}, 
{"interpret" : "MGMT", "titel" : "Me And Michael", "song-id" : "1633"}, 
{"interpret" : "Vasser", "titel" : "Falling", "song-id" : "1637"}, 
{"interpret" : "L'aupaire", "titel" : "Flowers", "song-id" : "1644"}, 
{"interpret" : "Olly Murs Featuring Flo Rida", "titel" : "Troublemaker", "song-id" : "1653"}, 
{"interpret" : "Lilly Wood & The Prick and Robin Schulz", "titel" : "Prayer in C (Robin Schulz Radio Edit)", "song-id" : "1661"}, 
{"interpret" : "Möwe", "titel" : "Who's To Blame", "song-id" : "1685"}, 
{"interpret" : "Cro", "titel" : "Bad Chick", "song-id" : "1689"}, 
{"interpret" : "Bandits", "titel" : "Catch me", "song-id" : "1690"}, 
{"interpret" : "Lea", "titel" : "Leiser (2Clouds Remix)", "song-id" : "1717"}, 
{"interpret" : "Frans", "titel" : "If I Were Sorry (Neytram Remix)", "song-id" : "1718"}, 
{"interpret" : "Pink", "titel" : "What About Us (Madison Mars Remix)", "song-id" : "1720"}, 
{"interpret" : "Celine Dion", "titel" : "My heart will go on", "song-id" : "1730"}, 
{"interpret" : "Jason Derulo", "titel" : "Marry Me", "song-id" : "1731"}, 
{"interpret" : "Sean Paul", "titel" : "Other side of love", "song-id" : "1752"}, 
{"interpret" : "Jay Sean feat. Sean Paul", "titel" : "Make my love go", "song-id" : "1760"}, 
{"interpret" : "Rooney", "titel" : "When did your heart go missing?", "song-id" : "1770"}, 
{"interpret" : "The Black Keys", "titel" : "Fever", "song-id" : "1798"}, 
{"interpret" : "Rooney", "titel" : "when did your heart go missing?", "song-id" : "1816"}, 
{"interpret" : "Xavier Darcy", "titel" : "Kismet", "song-id" : "1817"}, 
{"interpret" : "Garland Jeffreys", "titel" : "The answer", "song-id" : "1848"}, 
{"interpret" : "Lions Head", "titel" : "See You", "song-id" : "1860"}, 
{"interpret" : "Bosse", "titel" : "Schönste Zeit", "song-id" : "1889"}, 
{"interpret" : "ZULU", "titel" : "Inactive Life (PULS Live Session)", "song-id" : "1891"}, 
{"interpret" : "Aura Dione", "titel" : "I will love you monday", "song-id" : "1901"}, 
{"interpret" : "Topic feat. Jake Reese", "titel" : "Find you", "song-id" : "1907"}, 
{"interpret" : "Xavier Darcy", "titel" : "Jonah", "song-id" : "1915"}, 
{"interpret" : "Pitbull feat. John Ryan", "titel" : "Fireball", "song-id" : "1944"}, 
{"interpret" : "Nico Santos und Kleinste Band der Welt", "titel" : "Rooftop (Kleinste Band der Welt)", "song-id" : "1950"}, 
{"interpret" : "The Night Game", "titel" : "Bad Girls Don't Cry (Radio Edit)", "song-id" : "1952"}, 
{"interpret" : "Michael Schulte", "titel" : "You Let Me Walk Alone", "song-id" : "1954"}, 
{"interpret" : "Cro", "titel" : "Computiful", "song-id" : "1978"}, 
{"interpret" : "Wankelmut & Emma Louise", "titel" : "My Head Is A Jungle", "song-id" : "1986"}, 
{"interpret" : "Nicky Jam & Enrique Iglesias", "titel" : "El Perdon (Daniel Bellido Remix)", "song-id" : "1998"}, 
{"interpret" : "Frans", "titel" : "If I Were Sorry (Syn Cole Remix)", "song-id" : "2002"}, 
{"interpret" : "Alma", "titel" : "Karma", "song-id" : "2013"}, 
{"interpret" : "Micar", "titel" : "Sleep alone", "song-id" : "2024"}, 
{"interpret" : "Axwell ^ Ingrosso feat. Trevor Guthrie", "titel" : "Dreamer (Impulse Remix)", "song-id" : "2040"}, 
{"interpret" : "Gestört aber Geil feat. Sebastian Hämer", "titel" : "Ich & du", "song-id" : "2041"}, 
{"interpret" : "Selena Gomez x Marshmello", "titel" : "Wolves (ANGEMI Remix)", "song-id" : "2042"}, 
{"interpret" : "Kevin Lyttle", "titel" : "Turn me on", "song-id" : "2048"}, 
{"interpret" : "filous feat. James Hersey", "titel" : "How Hard I Try", "song-id" : "2060"}, 
{"interpret" : "Shakira", "titel" : "Waka Waka", "song-id" : "2064"}, 
{"interpret" : "Caro Emerald", "titel" : "Stuck", "song-id" : "2076"}, 
{"interpret" : "Cro", "titel" : "Bad Chick (Edit)", "song-id" : "2080"}, 
{"interpret" : "Kristian Leontiou", "titel" : "Story Of My Life", "song-id" : "2091"}, 
{"interpret" : "Naaz", "titel" : "Words", "song-id" : "2093"}, 
{"interpret" : "Xavier Darcy", "titel" : "Lorelei (Traditi.ON)", "song-id" : "2097"}, 
{"interpret" : "The Night Game", "titel" : "Bad Girls Don't Cry", "song-id" : "2130"}, 
{"interpret" : "Brooke Fraser", "titel" : "Something In The Water", "song-id" : "2131"}, 
{"interpret" : "Sean Paul", "titel" : "Temperature", "song-id" : "2138"}, 
{"interpret" : "Jez Dior", "titel" : "Loved you first", "song-id" : "2139"}, 
{"interpret" : "Dessa", "titel" : "Fire Drills", "song-id" : "2157"}, 
{"interpret" : "Bad Paris feat. Mimoza", "titel" : "I heart U", "song-id" : "2173"}, 
{"interpret" : "Kina Grannis", "titel" : "The One You Say Goodnight To", "song-id" : "2198"}, 
{"interpret" : "Dante Thomas", "titel" : "Miss California", "song-id" : "2220"}, 
{"interpret" : "Portugal. The Man", "titel" : "Feel It Still (Ofenbach Remix)", "song-id" : "2270"}, 
{"interpret" : "Bausa", "titel" : "Was Du Liebe Nennst (Mark Bale Remix)", "song-id" : "2306"}, 
{"interpret" : "Fake Pictures", "titel" : "Two Princes (Dominik Koislmeyer Radio Edit)", "song-id" : "2311"}, 
{"interpret" : "Simple Plan  (feat. Sean Paul)", "titel" : "Summer Paradise", "song-id" : "2334"}, 
{"interpret" : "PA Sports", "titel" : "100 Bars Legacy", "song-id" : "2359"}, 
{"interpret" : "Die Fantastischen Vier feat. Don Snow", "titel" : "25", "song-id" : "2365"}, 
{"interpret" : "Stromae", "titel" : "Tous les mêmes", "song-id" : "2371"}, 
{"interpret" : "Melanie C", "titel" : "Never be the same again", "song-id" : "2399"}, 
{"interpret" : "AMI", "titel" : "Follow", "song-id" : "2407"}, 
{"interpret" : "Låpsley", "titel" : "Operator (DJ Koze Mix)", "song-id" : "2414"}, 
{"interpret" : "Ina Regen", "titel" : "Wie a Kind", "song-id" : "2437"}, 
{"interpret" : "Nico Santos", "titel" : "Rooftop (Live @ BAYERN 3 fresh)", "song-id" : "2462"}, 
{"interpret" : "Nico Santos", "titel" : "Medley (Live @ BAYERN 3 fresh)", "song-id" : "2464"}, 
{"interpret" : "Pnau", "titel" : "Chameleon", "song-id" : "2467"}, 
{"interpret" : "LANY", "titel" : "ILYSB", "song-id" : "2556"}, 
{"interpret" : "K'naan", "titel" : "Wavin' Flag (Celebration Mix)", "song-id" : "2563"}, 
{"interpret" : "Good Weather Forecast", "titel" : "Superhumans", "song-id" : "2574"}, 
{"interpret" : "eRRdeKa feat. Oliver Gottwald", "titel" : "Funkeln (PULS Live Session)", "song-id" : "2605"}, 
{"interpret" : "Blond", "titel" : "Spinaci", "song-id" : "2606"}, 
{"interpret" : "Axwell ^ Ingrosso feat. Trevor Guthrie", "titel" : "Dreamer (Petkis Remix)", "song-id" : "2680"}, 
{"interpret" : "Topic feat. Nico Santos", "titel" : "Home (Vitize Remix)", "song-id" : "2687"}, 
{"interpret" : "Selena Gomez x Marshmello", "titel" : "Wolves (Sirprice Remix)", "song-id" : "2702"}, 
{"interpret" : "Filous feat. James Hersey", "titel" : "How Hard I Try", "song-id" : "2718"}, 
{"interpret" : "Migos feat. Drake", "titel" : "Walk It Talk It", "song-id" : "2734"}, 
{"interpret" : "The Killers", "titel" : "Run For Cover", "song-id" : "2748"}, 
{"interpret" : "Chet Faker", "titel" : "No Diggity", "song-id" : "2824"}, 
{"interpret" : "None", "titel" : "TdW KW 13 Umfrage // BC Unidos feat. U.S. Girls & Ledinsky - Take It Easy", "song-id" : "2914"}, 
{"interpret" : "Ry X", "titel" : "Berlin", "song-id" : "2920"}, 
{"interpret" : "Die Fantastischen Vier", "titel" : "Der Picknicker", "song-id" : "2930"}, 
{"interpret" : "Passenger", "titel" : "Let Her Go (Single)", "song-id" : "2985"}, 
{"interpret" : "Alle Farben & ILIRA", "titel" : "Fading", "song-id" : "3010"}, 
{"interpret" : "Rea Garvey", "titel" : "Kiss Me - Single Mix", "song-id" : "3014"}, 
{"interpret" : "Malik Harris", "titel" : "Say the name", "song-id" : "3021"}, 
{"interpret" : "Lady Gaga & Bradley Cooper", "titel" : "Shallow", "song-id" : "3037"}, 
{"interpret" : "Tom Gregory", "titel" : "Honest", "song-id" : "3040"}, 
{"interpret" : "Nico Santos", "titel" : "Oh Hello", "song-id" : "3047"}, 
{"interpret" : "Wincent Weiss", "titel" : "An Wunder", "song-id" : "3048"}, 
{"interpret" : "Lea", "titel" : "Zu dir", "song-id" : "3051"}, 
{"interpret" : "Stefanie Heinzmann feat. Alle Farben", "titel" : "Build A House", "song-id" : "3056"}, 
{"interpret" : "Nico Santos", "titel" : "Safe", "song-id" : "3061"}, 
{"interpret" : "Sunrise Avenue", "titel" : "Dreamer", "song-id" : "3074"}, 
{"interpret" : "Ingrid Michaelson", "titel" : "The way I am", "song-id" : "3078"}, 
{"interpret" : "Josh.", "titel" : "Cordula Grün", "song-id" : "3094"}, 
{"interpret" : "Malik Harris", "titel" : "Say The Name", "song-id" : "3100"}, 
{"interpret" : "Kara Marni", "titel" : "Move", "song-id" : "3104"}, 
{"interpret" : "Anderson .Paak", "titel" : "Who R U?", "song-id" : "3113"}, 
{"interpret" : "Declan J Donovan", "titel" : "Pieces", "song-id" : "3127"}, 
{"interpret" : "Rea Garvey", "titel" : "Kiss Me", "song-id" : "3132"}, 
{"interpret" : "Revolverheld feat. Antje Schomaker", "titel" : "Liebe auf Distanz", "song-id" : "3134"}, 
{"interpret" : "El Profesor", "titel" : "Bella ciao [Hugel Remix]", "song-id" : "3137"}, 
{"interpret" : "Wincent Weiss", "titel" : "Hier mit dir", "song-id" : "3138"}, 
{"interpret" : "Sunflower Bean", "titel" : "Come For Me", "song-id" : "3166"}, 
{"interpret" : "None", "titel" : "Kakkmaddafakka - Naked Blue", "song-id" : "3169"}, 
{"interpret" : "Riegler Hias feat. d'Hundskrippln", "titel" : "Gloana Bauer", "song-id" : "3184"}, 
{"interpret" : "Darlene Love", "titel" : "All alone on Christmas", "song-id" : "3188"}, 
{"interpret" : "Frank Popp Ensemble", "titel" : "Hip Teens Don't Wear Blue Jeans", "song-id" : "3193"}, 
{"interpret" : "LEA", "titel" : "Zu dir", "song-id" : "3194"}, 
{"interpret" : "The Wombats", "titel" : "Lethal Combination", "song-id" : "3215"}, 
{"interpret" : "Leoniden", "titel" : "Alone", "song-id" : "3221"}, 
{"interpret" : "Izzy Bizu", "titel" : "White Tiger (AC-Mix)", "song-id" : "3225"}, 
{"interpret" : "Rea Garvey", "titel" : "Kiss Me (Adventskalender)", "song-id" : "3238"}, 
{"interpret" : "Imany", "titel" : "Don't Be So Shy [Album Version]", "song-id" : "3243"}, 
{"interpret" : "Caroline Rose", "titel" : "Bikini", "song-id" : "3254"}, 
{"interpret" : "Cosby", "titel" : "Sunlight", "song-id" : "3256"}, 
{"interpret" : "Capital Bra", "titel" : "Feuer", "song-id" : "3290"}, 
{"interpret" : "Michael Schulte", "titel" : "Being home", "song-id" : "3293"}, 
{"interpret" : "Picture This", "titel" : "Everything Or Nothing", "song-id" : "3297"}, 
{"interpret" : "Thomas Gold feat. Graham Candy", "titel" : "Real Love", "song-id" : "3304"}, 
{"interpret" : "Keuning", "titel" : "Boat Accident", "song-id" : "3305"}, 
{"interpret" : "WARGIRL", "titel" : "Mess Around", "song-id" : "3312"}, 
{"interpret" : "Bilderbuch", "titel" : "Lounge 2.0", "song-id" : "3329"}, 
{"interpret" : "Bob Marley & The Wailers", "titel" : "Exodus", "song-id" : "3336"}, 
{"interpret" : "El Profesor", "titel" : "Bella Ciao (Cool Keedz & Zucchi Remix)", "song-id" : "3345"}, 
{"interpret" : "Kungs vs Cookin' On 3 Burners", "titel" : "This girl (Extended)", "song-id" : "3352"}, 
{"interpret" : "Dermot Kennedy", "titel" : "Power over me", "song-id" : "3354"}, 
{"interpret" : "K.Maro", "titel" : "Femme Like U", "song-id" : "3381"}, 
{"interpret" : "Salzburg", "titel" : "Worakls", "song-id" : "3389"}, 
{"interpret" : "Coldplay", "titel" : "Christmas Lights", "song-id" : "3406"}, 
{"interpret" : "Christina Stürmer", "titel" : "In ein paar Jahren", "song-id" : "3407"}, 
{"interpret" : "Gwen Stefani; Akon", "titel" : "The sweet escape", "song-id" : "3412"}, 
{"interpret" : "Destiny's Child", "titel" : "Bootylicious", "song-id" : "3424"}, 
{"interpret" : "Bausa", "titel" : "Vagabund", "song-id" : "3425"}, 
{"interpret" : "Django Django", "titel" : "Swimming At Night", "song-id" : "3432"}, 
{"interpret" : "KT Tunstall", "titel" : "Black Horse & The Cherry Tree", "song-id" : "3440"}, 
{"interpret" : "ZAZ", "titel" : "Demain c'est toi", "song-id" : "3449"}, 
{"interpret" : "Olly Murs feat. Flo Rida", "titel" : "Troublemaker", "song-id" : "3462"}, 
{"interpret" : "Audrey Hannah", "titel" : "It's December (and I'll be missing you)", "song-id" : "3466"}, 
{"interpret" : "Bonaparte", "titel" : "Das Lied vom Tod", "song-id" : "3479"}, 
{"interpret" : "J.I.D", "titel" : "151 Rum", "song-id" : "3481"}, 
{"interpret" : "Justice", "titel" : "Love S.O.S.", "song-id" : "3482"}, 
{"interpret" : "Death Cab For Cutie", "titel" : "I Dreamt We Spoke Again", "song-id" : "3516"}, 
{"interpret" : "Sasha", "titel" : "Waterworks", "song-id" : "3518"}, 
{"interpret" : "None", "titel" : "Token - Treehouse", "song-id" : "3522"}, 
{"interpret" : "Robin Thicke feat. T.I. + Pharrell", "titel" : "Blurred lines", "song-id" : "3529"}, 
{"interpret" : "Dominic Fike", "titel" : "3 Nights", "song-id" : "3539"}, 
{"interpret" : "Younotus / Graham Candy / GWYLO", "titel" : "Who We Are", "song-id" : "3544"}, 
{"interpret" : "ILIRA", "titel" : "GET OFF MY D!CK", "song-id" : "3545"}, 
{"interpret" : "Kontra K", "titel" : "Farben", "song-id" : "3548"}, 
{"interpret" : "Bibi Bourelly", "titel" : "White House", "song-id" : "3549"}, 
{"interpret" : "Ensemble", "titel" : "Christmas; Weihnachten; instrumental", "song-id" : "3554"}, 
{"interpret" : "Lady Gaga & Bradley Cooper", "titel" : "Shallow (Dark Intensity Remix)", "song-id" : "3564"}, 
{"interpret" : "Bruno Mars", "titel" : "Treasure (Cosmic Dawn Remix)", "song-id" : "3575"}, 
{"interpret" : "Sarah Connor", "titel" : "Wie schön Du bist (Adventskalender)", "song-id" : "3588"}, 
{"interpret" : "Ed Sheeran", "titel" : "Shape Of You (Cosmic Dawn Remix)", "song-id" : "3602"}, 
{"interpret" : "El Profesor", "titel" : "Bella Ciao (HUGEL Vocal Radio Cut)", "song-id" : "3631"}, 
{"interpret" : "Revolverheld feat. Antje Schomaker", "titel" : "Liebe auf Distanz (Adventskalender)", "song-id" : "3632"}, 
{"interpret" : "Dermot Kennedy", "titel" : "Power over me [Frühaufdreher Hit von morgen]", "song-id" : "3633"}, 
{"interpret" : "Eminem", "titel" : "Berzerk", "song-id" : "3637"}, 
{"interpret" : "The Day", "titel" : "Where The Wild Things Are", "song-id" : "3642"}, 
{"interpret" : "Lamya", "titel" : "Empires (Bring Me Men)", "song-id" : "3679"}, 
{"interpret" : "Sepalot feat. Lylit", "titel" : "I Kiss Goodbye (Take Back Remix)", "song-id" : "3692"}, 
{"interpret" : "Loredana", "titel" : "MILLIONDOLLAR$MILE", "song-id" : "3694"}, 
{"interpret" : "Brenda Lee", "titel" : "Rockin' around the Christmas tree", "song-id" : "3724"}, 
{"interpret" : "Honne", "titel" : "Coastal love", "song-id" : "3730"}, 
{"interpret" : "Kärbholz", "titel" : "Mutmacher", "song-id" : "3735"}, 
{"interpret" : "Santigold", "titel" : "Coo Coo Coo", "song-id" : "3745"}, 
{"interpret" : "Lady Gaga & Bradley Cooper", "titel" : "Shallow (Zopke Remix)", "song-id" : "3757"}, 
{"interpret" : "Eli", "titel" : "Change Your Mind (Klangspieler Remix)", "song-id" : "3773"}, 
{"interpret" : "Cro", "titel" : "Traum (Mave Remix)", "song-id" : "3783"}, 
{"interpret" : "Felix Jaehn feat. Polina", "titel" : "Book of love", "song-id" : "3789"}, 
{"interpret" : "Lucenzo & Kenza Farah", "titel" : "Obsesion", "song-id" : "3790"}, 
{"interpret" : "Flo Rida feat. Kesha", "titel" : "Right Round", "song-id" : "3798"}, 
{"interpret" : "OneRepublic", "titel" : "Christmas Without You", "song-id" : "3799"}, 
{"interpret" : "Virginia Rosa", "titel" : "Lá Vai Alguém", "song-id" : "3828"}, 
{"interpret" : "Jessie J", "titel" : "Santa Claus Is Coming To Town", "song-id" : "3834"}, 
{"interpret" : "Years & Years", "titel" : "No Tears Left To Cry (BBC Live Lounge 2018)", "song-id" : "3837"}, 
{"interpret" : "Mika", "titel" : "Vive Le Vent (Jingle Bells)", "song-id" : "3842"}, 
{"interpret" : "Passenger", "titel" : "Let Her Go", "song-id" : "3858"}, 
{"interpret" : "Etta James", "titel" : "At last", "song-id" : "3860"}, 
{"interpret" : "Mathias Kellner & Münchner Rundfunkorchester", "titel" : "(Ich wünsch dir) Sternstunden - der BR Benefizsong", "song-id" : "3861"}, 
{"interpret" : "Sufjan Stevens und Bridgit DeCook", "titel" : "Joy to the world", "song-id" : "3868"}, 
{"interpret" : "Lions Head", "titel" : "See you", "song-id" : "3883"}, 
{"interpret" : "NOTD x Felix Jaehn feat. Captain Cuts & Georgia Ku", "titel" : "So close", "song-id" : "3898"}, 
{"interpret" : "George Ezra", "titel" : "Hold My Girl", "song-id" : "3899"}, 
{"interpret" : "Kerstin Ott & Helene Fischer", "titel" : "Regenbogenfarben", "song-id" : "3901"}, 
{"interpret" : "Capital Bra", "titel" : "Benzema", "song-id" : "3903"}, 
{"interpret" : "Robin Thicke feat. T.I. + Pharrell", "titel" : "Blurred Lines", "song-id" : "3905"}, 
{"interpret" : "Macklemore & Ryan Lewis feat. Ray Dalton", "titel" : "Can't Hold Us", "song-id" : "3933"}, 
{"interpret" : "Monja Mari Achi", "titel" : "Dominique [Bernasconi Edit]", "song-id" : "3936"}, 
{"interpret" : "Sebastian Winkler & Sascha Seelemann", "titel" : "Bleib für immer - der BAYERN 3 Sommer-Hit", "song-id" : "3954"}, 
{"interpret" : "Eli", "titel" : "Change Your Mind", "song-id" : "3955"}, 
{"interpret" : "Mark Forster feat. Gentleman", "titel" : "Like a Lion", "song-id" : "3958"}, 
{"interpret" : "Eli", "titel" : "Change Your Mind (Dantec Remix)", "song-id" : "3980"}, 
{"interpret" : "Axwell ^ Ingrosso feat. Trevor Guthrie", "titel" : "Dreamer (Plusplay Remix)", "song-id" : "3986"}, 
{"interpret" : "Philipp Poisel", "titel" : "Freunde", "song-id" : "3987"}, 
{"interpret" : "Phosphorescent", "titel" : "Song For Zula", "song-id" : "3988"}, 
{"interpret" : "Primitive Radio Gods", "titel" : "Standing outside a broken phone booth with money in my hand", "song-id" : "3993"}, 
{"interpret" : "Ilira", "titel" : "Get off my d!ck", "song-id" : "4002"}, 
