{"song-id" : "5", "titel" : "She Doesn't Mind", "interpret" : "Sean Paul", "reason" : "toomany", "count" : "2" } 
{"song-id" : "6", "titel" : "Silence (DJ Damian Remix)", "interpret" : "Marshmello feat. Khalid", "reason" : "toomany", "count" : "5" } 
{"song-id" : "12", "titel" : "The rhythm of the night", "interpret" : "Corona", "reason" : "toomany", "count" : "5" } 
{"song-id" : "16", "titel" : "Est-ce que tu m'aimes?", "interpret" : "Maître Gims", "reason" : "toomany", "count" : "5" } 
{"song-id" : "18", "titel" : "Blue (Da ba dee)", "interpret" : "Eiffel 65", "reason" : "toomany", "count" : "5" } 
{"song-id" : "19", "titel" : "SOS", "interpret" : "Jan Leyk", "reason" : "toomany", "count" : "5" } 
{"song-id" : "20", "titel" : "I miss you", "interpret" : "Clean Bandit feat. Julia Michaels", "reason" : "toomany", "count" : "3" } 
{"song-id" : "23", "titel" : "Lights (Feenixpawl Remix)", "interpret" : "Ellie Goulding", "reason" : "toomany", "count" : "5" } 
{"song-id" : "34", "titel" : "It's my life", "interpret" : "Dr. Alban", "reason" : "toomany", "count" : "5" } 
{"song-id" : "37", "titel" : "Bills", "interpret" : "LunchMoney Lewis", "reason" : "toomany", "count" : "2" } 
{"song-id" : "40", "titel" : "My Humps", "interpret" : "Black Eyed Peas", "reason" : "toomany", "count" : "3" } 
{"song-id" : "41", "titel" : "Beautiful Trauma (MOTi Remix)", "interpret" : "P!nk", "reason" : "toomany", "count" : "5" } 
{"song-id" : "42", "titel" : "Love you like that", "interpret" : "Dagny", "reason" : "toomany", "count" : "2" } 
{"song-id" : "47", "titel" : "Bitch", "interpret" : "Meredith Brooks", "reason" : "toomany", "count" : "5" } 
{"song-id" : "56", "titel" : "Only Girl (In The World)", "interpret" : "Rihanna", "reason" : "toomany", "count" : "4" } 
{"song-id" : "57", "titel" : "More than you know", "interpret" : "Axwell & Ingrosso", "reason" : "toomany", "count" : "3" } 
{"song-id" : "58", "titel" : "Dirty Sexy Money (feat. Charli XCX & French Montana)", "interpret" : "David Guetta & Afrojack", "reason" : "toomany", "count" : "2" } 
{"song-id" : "64", "titel" : "Take Me To Church (Shelco Garcia & Teenwolf Remix)", "interpret" : "Hozier", "reason" : "toomany", "count" : "2" } 
{"song-id" : "67", "titel" : "Heavy Cross", "interpret" : "Gossip", "reason" : "toomany", "count" : "3" } 
{"song-id" : "70", "titel" : "Too close", "interpret" : "Alex Clare", "reason" : "toomany", "count" : "3" } 
{"song-id" : "74", "titel" : "Scars To Your Beautiful (Joe Mason Remix)", "interpret" : "Alessia Cara", "reason" : "toomany", "count" : "2" } 
{"song-id" : "76", "titel" : "Chöre (Radio Edit)", "interpret" : "Mark Forster", "reason" : "toomany", "count" : "5" } 
{"song-id" : "77", "titel" : "Hey There Delilah", "interpret" : "Plain White T's", "reason" : "toomany", "count" : "3" } 
{"song-id" : "78", "titel" : "Mattress", "interpret" : "Leland", "reason" : "toomany", "count" : "3" } 
{"song-id" : "79", "titel" : "Ain't Nobody (Loves Me Better)", "interpret" : "Felix Jaehn feat. Jasmine Thompson", "reason" : "toomany", "count" : "2" } 
{"song-id" : "80", "titel" : "Walk On Water", "interpret" : "Thirty Seconds To Mars", "reason" : "toomany", "count" : "3" } 
{"song-id" : "81", "titel" : "Ist da jemand", "interpret" : "Adel Tawil", "reason" : "toomany", "count" : "5" } 
{"song-id" : "83", "titel" : "Whatever It Takes", "interpret" : "Imagine Dragons", "reason" : "toomany", "count" : "2" } 
{"song-id" : "84", "titel" : "What About Us", "interpret" : "Pink", "reason" : "toomany", "count" : "2" } 
{"song-id" : "89", "titel" : "I'm a believer", "interpret" : "Smash Mouth", "reason" : "toomany", "count" : "2" } 
{"song-id" : "91", "titel" : "Gorgeous", "interpret" : "Taylor Swift", "reason" : "toomany", "count" : "2" } 
{"song-id" : "95", "titel" : "Music (Edit)", "interpret" : "Patrice", "reason" : "toomany", "count" : "5" } 
{"song-id" : "99", "titel" : "Frische Luft - Boogieman & Pyke Remix", "interpret" : "Wincent Weiss", "reason" : "toomany", "count" : "3" } 
{"song-id" : "100", "titel" : "Genie in a bottle", "interpret" : "Christina Aguilera", "reason" : "toomany", "count" : "5" } 
{"song-id" : "101", "titel" : "Heartbreak Century [Frühaufdreher-Hittipp]", "interpret" : "Sunrise Avenue", "reason" : "toomany", "count" : "2" } 
{"song-id" : "102", "titel" : "Wild and Free", "interpret" : "Lena", "reason" : "toomany", "count" : "2" } 
{"song-id" : "103", "titel" : "Cheerleader (Felix Jaehn Remix)", "interpret" : "Omi", "reason" : "toomany", "count" : "2" } 
{"song-id" : "104", "titel" : "Crazy", "interpret" : "Lost Frequencies & Zonderling", "reason" : "toomany", "count" : "2" } 
{"song-id" : "105", "titel" : "21 Guns", "interpret" : "Green Day", "reason" : "toomany", "count" : "5" } 
{"song-id" : "107", "titel" : "U can't touch this", "interpret" : "MC Hammer", "reason" : "toomany", "count" : "4" } 
{"song-id" : "108", "titel" : "Kreise", "interpret" : "Johannes Oerding", "reason" : "toomany", "count" : "2" } 
{"song-id" : "114", "titel" : "Nur ein Wort", "interpret" : "Wir sind Helden", "reason" : "toomany", "count" : "2" } 
{"song-id" : "115", "titel" : "All Falls Down", "interpret" : "Noah Cyrus & Digital Farm Alan Walker", "reason" : "toomany", "count" : "2" } 
{"song-id" : "116", "titel" : "Hot2Touch", "interpret" : "Hight & Alex Aiono Felix Jaehn", "reason" : "toomany", "count" : "3" } 
{"song-id" : "117", "titel" : "Jein", "interpret" : "Fettes Brot", "reason" : "toomany", "count" : "3" } 
{"song-id" : "118", "titel" : "My My My!", "interpret" : "Troye Sivan", "reason" : "toomany", "count" : "2" } 
{"song-id" : "119", "titel" : "Rehab", "interpret" : "Amy Winehouse", "reason" : "toomany", "count" : "3" } 
{"song-id" : "120", "titel" : "After the rain", "interpret" : "Nickelback", "reason" : "toomany", "count" : "5" } 
{"song-id" : "121", "titel" : "Prayer in C (Robin Schulz Remix)", "interpret" : "Lilly Wood & The Prick and Robin Schulz", "reason" : "toomany", "count" : "2" } 
{"song-id" : "122", "titel" : "Kogong", "interpret" : "Mark Forster", "reason" : "toomany", "count" : "5" } 
{"song-id" : "123", "titel" : "Complicated", "interpret" : "Avril Lavigne", "reason" : "toomany", "count" : "5" } 
{"song-id" : "125", "titel" : "Unter den Wolken", "interpret" : "Die Toten Hosen", "reason" : "toomany", "count" : "3" } 
{"song-id" : "127", "titel" : "Mercy", "interpret" : "Duffy", "reason" : "toomany", "count" : "5" } 
{"song-id" : "131", "titel" : "Beautiful Trauma", "interpret" : "P!nk  (Pink)", "reason" : "toomany", "count" : "5" } 
{"song-id" : "133", "titel" : "Naked", "interpret" : "James Arthur", "reason" : "toomany", "count" : "3" } 
{"song-id" : "134", "titel" : "The Edge Of Glory", "interpret" : "Lady Gaga", "reason" : "toomany", "count" : "3" } 
{"song-id" : "135", "titel" : "Rockabye", "interpret" : "Clean Bandit ft. Sean Paul & Anne-Marie", "reason" : "toomany", "count" : "2" } 
{"song-id" : "137", "titel" : "King of my castle", "interpret" : "Wamdue Project", "reason" : "toomany", "count" : "5" } 
{"song-id" : "139", "titel" : "Bye Bye (MTV Unplugged)", "interpret" : "Cro", "reason" : "toomany", "count" : "3" } 
{"song-id" : "141", "titel" : "rockstar", "interpret" : "Post Malone feat. 21 Savage", "reason" : "toomany", "count" : "2" } 
{"song-id" : "143", "titel" : "Legendary", "interpret" : "Welshly Arms", "reason" : "toomany", "count" : "2" } 
{"song-id" : "144", "titel" : "Heavy", "interpret" : "Linkin Park and Kiiara", "reason" : "toomany", "count" : "2" } 
{"song-id" : "148", "titel" : "Shut up", "interpret" : "Black Eyed Peas", "reason" : "toomany", "count" : "4" } 
{"song-id" : "149", "titel" : "Smooth", "interpret" : "Santana", "reason" : "toomany", "count" : "2" } 
{"song-id" : "151", "titel" : "Stressed out", "interpret" : "Twenty One Pilots", "reason" : "toomany", "count" : "2" } 
{"song-id" : "154", "titel" : "Thunder", "interpret" : "Imagine Dragons", "reason" : "toomany", "count" : "2" } 
{"song-id" : "155", "titel" : "Lasse redn", "interpret" : "Die Ärzte", "reason" : "toomany", "count" : "2" } 
{"song-id" : "156", "titel" : "Geiles Leben [Madizin Single Mix]", "interpret" : "Glasperlenspiel", "reason" : "toomany", "count" : "5" } 
{"song-id" : "158", "titel" : "Underneath your clothes", "interpret" : "Shakira", "reason" : "toomany", "count" : "5" } 
{"song-id" : "159", "titel" : "Lot to learn", "interpret" : "Luke Christopher", "reason" : "toomany", "count" : "3" } 
{"song-id" : "160", "titel" : "Mr. Vain", "interpret" : "Culture Beat", "reason" : "toomany", "count" : "5" } 
{"song-id" : "162", "titel" : "Toxic", "interpret" : "Britney Spears", "reason" : "toomany", "count" : "2" } 
{"song-id" : "163", "titel" : "Roar!", "interpret" : "Katy Perry", "reason" : "toomany", "count" : "2" } 
{"song-id" : "165", "titel" : "Crazy", "interpret" : "Lost Frequencies", "reason" : "toomany", "count" : "2" } 
{"song-id" : "166", "titel" : "Save tonight", "interpret" : "Eagle-Eye Cherry", "reason" : "toomany", "count" : "3" } 
{"song-id" : "167", "titel" : "The Hanging Tree [Rebel Remix]", "interpret" : "James Newton Howard / Jennifer Lawrence", "reason" : "toomany", "count" : "5" } 
{"song-id" : "169", "titel" : "La Passion", "interpret" : "Gigi D'Agostino", "reason" : "toomany", "count" : "5" } 
{"song-id" : "170", "titel" : "I Couldn't Care Less", "interpret" : "Leslie Clio", "reason" : "toomany", "count" : "3" } 
{"song-id" : "171", "titel" : "Bad Ideas (Original Edit)", "interpret" : "Alle Farben", "reason" : "toomany", "count" : "5" } 
{"song-id" : "172", "titel" : "Ruby", "interpret" : "Kaiser Chiefs", "reason" : "toomany", "count" : "5" } 
{"song-id" : "176", "titel" : "I Need Your Love (Radio Version)", "interpret" : "Calvin Harris feat. Ellie Goulding", "reason" : "toomany", "count" : "2" } 
{"song-id" : "178", "titel" : "Heart Skips A Beat", "interpret" : "Olly Murs feat. Rizzle Kicks", "reason" : "toomany", "count" : "3" } 
{"song-id" : "179", "titel" : "Like A Riddle", "interpret" : "Felix Jaehn feat. Hearts & Colors", "reason" : "toomany", "count" : "4" } 
{"song-id" : "180", "titel" : "Semi-charmed life", "interpret" : "Third Eye Blind", "reason" : "toomany", "count" : "3" } 
{"song-id" : "181", "titel" : "All stars", "interpret" : "Martin Solveig feat. Alma", "reason" : "toomany", "count" : "2" } 
{"song-id" : "183", "titel" : "Nicht so schnell", "interpret" : "Max Giesinger", "reason" : "toomany", "count" : "5" } 
{"song-id" : "185", "titel" : "Black or White", "interpret" : "Michael Jackson", "reason" : "toomany", "count" : "5" } 
{"song-id" : "186", "titel" : "Feuerwerk", "interpret" : "Wincent Weiss", "reason" : "toomany", "count" : "3" } 
{"song-id" : "189", "titel" : "Bleeding Love", "interpret" : "Leona Lewis", "reason" : "toomany", "count" : "5" } 
{"song-id" : "195", "titel" : "Das kann uns keiner nehmen", "interpret" : "Revolverheld", "reason" : "toomany", "count" : "2" } 
{"song-id" : "196", "titel" : "Arms open", "interpret" : "The Script", "reason" : "toomany", "count" : "2" } 
{"song-id" : "198", "titel" : "All About That Bass", "interpret" : "Meghan Trainor", "reason" : "toomany", "count" : "3" } 
{"song-id" : "199", "titel" : "When I come around", "interpret" : "Green Day", "reason" : "toomany", "count" : "3" } 
{"song-id" : "200", "titel" : "Chöre", "interpret" : "Mark Forster", "reason" : "toomany", "count" : "4" } 
{"song-id" : "201", "titel" : "... Baby one more time", "interpret" : "Britney Spears", "reason" : "toomany", "count" : "5" } 
{"song-id" : "202", "titel" : "How you remind me (Rock-Mix)", "interpret" : "Nickelback", "reason" : "toomany", "count" : "5" } 
{"song-id" : "204", "titel" : "In the shadows", "interpret" : "Rasmus", "reason" : "toomany", "count" : "3" } 
{"song-id" : "206", "titel" : "Mr. Saxobeat", "interpret" : "Alexandra Stan", "reason" : "toomany", "count" : "5" } 
{"song-id" : "207", "titel" : "Be my lover", "interpret" : "La Bouche", "reason" : "toomany", "count" : "5" } 
{"song-id" : "208", "titel" : "Call me maybe", "interpret" : "Carly Rae Jepsen", "reason" : "toomany", "count" : "5" } 
{"song-id" : "211", "titel" : "What Goes Around ... Comes Around", "interpret" : "Justin Timberlake", "reason" : "toomany", "count" : "5" } 
{"song-id" : "214", "titel" : "Lose yourself", "interpret" : "Eminem", "reason" : "toomany", "count" : "5" } 
{"song-id" : "215", "titel" : "Hey Mama", "interpret" : "David Guetta feat. Nicki Minaj", "reason" : "toomany", "count" : "2" } 
{"song-id" : "217", "titel" : "Sorry (Astero Remix)", "interpret" : "Justin Bieber", "reason" : "toomany", "count" : "2" } 
{"song-id" : "220", "titel" : "No roots", "interpret" : "Alice Merton", "reason" : "toomany", "count" : "2" } 
{"song-id" : "222", "titel" : "Stolen Dance (Single)", "interpret" : "Milky Chance", "reason" : "toomany", "count" : "2" } 
{"song-id" : "224", "titel" : "Summer", "interpret" : "Calvin Harris", "reason" : "toomany", "count" : "3" } 
{"song-id" : "225", "titel" : "Despacito (Sombury Remix)", "interpret" : "Luis Fonsi feat. Daddy Yankee", "reason" : "toomany", "count" : "2" } 
{"song-id" : "227", "titel" : "Scared To Be Lonely (OutaMatic Remix)", "interpret" : "Martin Garrix & Dua Lipa", "reason" : "toomany", "count" : "2" } 
{"song-id" : "228", "titel" : "Shake It Off", "interpret" : "Taylor Swift", "reason" : "toomany", "count" : "4" } 
{"song-id" : "229", "titel" : "Happy", "interpret" : "Pharrell Williams", "reason" : "toomany", "count" : "3" } 
{"song-id" : "234", "titel" : "Disko Partizani", "interpret" : "Shantel", "reason" : "toomany", "count" : "3" } 
{"song-id" : "235", "titel" : "Attention", "interpret" : "Charlie Puth", "reason" : "toomany", "count" : "2" } 
{"song-id" : "237", "titel" : "Intoxicated", "interpret" : "Martin Solveig; GTA", "reason" : "toomany", "count" : "2" } 
{"song-id" : "241", "titel" : "Mr. Big", "interpret" : "dePresno", "reason" : "toomany", "count" : "5" } 
{"song-id" : "242", "titel" : "All that she wants", "interpret" : "Ace Of Base", "reason" : "toomany", "count" : "5" } 
{"song-id" : "243", "titel" : "Airplanes", "interpret" : "B.o.B featuring Hayley Williams", "reason" : "toomany", "count" : "3" } 
{"song-id" : "244", "titel" : "Dye My Hair (Kahikko Remix)", "interpret" : "Alma", "reason" : "toomany", "count" : "2" } 
{"song-id" : "248", "titel" : "Cold", "interpret" : "Maroon 5 feat. Future", "reason" : "toomany", "count" : "2" } 
{"song-id" : "250", "titel" : "Loin", "interpret" : "Maître Gims feat. Dany Synthé", "reason" : "toomany", "count" : "5" } 
{"song-id" : "252", "titel" : "No Good (Eric Mendosa Remix)", "interpret" : "Prodigy", "reason" : "toomany", "count" : "5" } 
{"song-id" : "254", "titel" : "Whatever It Takes (Andy Light Ramirez Remix)", "interpret" : "Imagine Dragons", "reason" : "toomany", "count" : "2" } 
{"song-id" : "260", "titel" : "By Your Side", "interpret" : "Jonas Blue feat. Raye", "reason" : "toomany", "count" : "2" } 
{"song-id" : "261", "titel" : "Hotter than hell", "interpret" : "Dua Lipa", "reason" : "toomany", "count" : "2" } 
{"song-id" : "266", "titel" : "Bella Vita", "interpret" : "DJ Antoine vs Mad Mark 2k13", "reason" : "toomany", "count" : "2" } 
{"song-id" : "267", "titel" : "Stay (INFDLS Remix)", "interpret" : "Zedd & Alessia Cara", "reason" : "toomany", "count" : "3" } 
{"song-id" : "268", "titel" : "Pony (Radio Mix)", "interpret" : "Sixx Paxx feat. Marc Terenzi", "reason" : "toomany", "count" : "2" } 
{"song-id" : "270", "titel" : "I know you", "interpret" : "Craig David feat. Bastille", "reason" : "toomany", "count" : "2" } 
{"song-id" : "271", "titel" : "The Rockafeller Skank", "interpret" : "Fatboy Slim", "reason" : "toomany", "count" : "5" } 
{"song-id" : "272", "titel" : "I Believe I'm Fine", "interpret" : "Robin Schulz & HUGEL", "reason" : "toomany", "count" : "2" } 
{"song-id" : "273", "titel" : "Let you down", "interpret" : "NF", "reason" : "toomany", "count" : "5" } 
{"song-id" : "277", "titel" : "All Falls Down", "interpret" : "Alan Walker & Noah Cyrus", "reason" : "toomany", "count" : "2" } 
{"song-id" : "278", "titel" : "The real slim shady", "interpret" : "Eminem", "reason" : "toomany", "count" : "3" } 
{"song-id" : "279", "titel" : "Young Blood", "interpret" : "The Naked & Famous", "reason" : "toomany", "count" : "2" } 
{"song-id" : "281", "titel" : "Boom! Shake the room", "interpret" : "DJ Jazzy Jeff & The Fresh Prince", "reason" : "toomany", "count" : "2" } 
{"song-id" : "284", "titel" : "We be burnin'", "interpret" : "Sean Paul", "reason" : "toomany", "count" : "2" } 
{"song-id" : "286", "titel" : "Shape of You", "interpret" : "Ed Sheeran", "reason" : "toomany", "count" : "5" } 
{"song-id" : "287", "titel" : "Ice Ice Baby", "interpret" : "Vanilla Ice", "reason" : "toomany", "count" : "5" } 
{"song-id" : "289", "titel" : "Bonfire", "interpret" : "Felix Jaehn featuring Alma", "reason" : "toomany", "count" : "2" } 
{"song-id" : "291", "titel" : "Sexy and I know it", "interpret" : "LMFAO", "reason" : "toomany", "count" : "3" } 
{"song-id" : "293", "titel" : "Who let the dogs out", "interpret" : "Baha Men", "reason" : "toomany", "count" : "5" } 
{"song-id" : "294", "titel" : "Emanuela", "interpret" : "Fettes Brot", "reason" : "toomany", "count" : "2" } 
{"song-id" : "295", "titel" : "Dos Bros", "interpret" : "The BossHoss", "reason" : "toomany", "count" : "4" } 
{"song-id" : "296", "titel" : "Cloud 9", "interpret" : "Aden x Olson", "reason" : "toomany", "count" : "5" } 
{"song-id" : "298", "titel" : "Please Don't Lie", "interpret" : "Hugo Helmig", "reason" : "toomany", "count" : "2" } 
{"song-id" : "300", "titel" : "Dynamite", "interpret" : "Taio Cruz", "reason" : "toomany", "count" : "3" } 
{"song-id" : "304", "titel" : "Rhythm is a dancer", "interpret" : "Snap", "reason" : "toomany", "count" : "4" } 
{"song-id" : "305", "titel" : "Dance with somebody", "interpret" : "Mando Diao", "reason" : "toomany", "count" : "4" } 
{"song-id" : "306", "titel" : "Traum", "interpret" : "Cro", "reason" : "toomany", "count" : "5" } 
{"song-id" : "308", "titel" : "Killing me softly", "interpret" : "Fugees", "reason" : "toomany", "count" : "4" } 
{"song-id" : "309", "titel" : "Geronimo", "interpret" : "Sheppard", "reason" : "toomany", "count" : "2" } 
{"song-id" : "310", "titel" : "Good Grief", "interpret" : "Bastille", "reason" : "toomany", "count" : "2" } 
{"song-id" : "311", "titel" : "They don't care about us", "interpret" : "Michael Jackson", "reason" : "toomany", "count" : "5" } 
{"song-id" : "312", "titel" : "Someone Like You", "interpret" : "Adele", "reason" : "toomany", "count" : "3" } 
{"song-id" : "313", "titel" : "Scars to your beautiful", "interpret" : "Alessia Cara", "reason" : "toomany", "count" : "2" } 
{"song-id" : "314", "titel" : "Catch & Release [Deepend Remix]", "interpret" : "Matt Simons", "reason" : "toomany", "count" : "2" } 
{"song-id" : "315", "titel" : "Valerie", "interpret" : "Amy Ronson", "reason" : "toomany", "count" : "4" } 
{"song-id" : "319", "titel" : "Everybody (Backstreet's back)", "interpret" : "Backstreet Boys", "reason" : "toomany", "count" : "5" } 
{"song-id" : "320", "titel" : "Human", "interpret" : "Rag'n'Bone Man", "reason" : "toomany", "count" : "5" } 
{"song-id" : "321", "titel" : "Family affair", "interpret" : "Mary J. Blige", "reason" : "toomany", "count" : "4" } 
{"song-id" : "323", "titel" : "Something just like this", "interpret" : "The Chainsmokers & Coldplay", "reason" : "toomany", "count" : "2" } 
{"song-id" : "324", "titel" : "My love is your love", "interpret" : "Whitney Houston", "reason" : "toomany", "count" : "5" } 
{"song-id" : "325", "titel" : "Sing Me to Sleep", "interpret" : "Alan Walker", "reason" : "toomany", "count" : "2" } 
{"song-id" : "326", "titel" : "The bad touch", "interpret" : "Bloodhound Gang", "reason" : "toomany", "count" : "5" } 
{"song-id" : "327", "titel" : "Be the one - Street Single", "interpret" : "Dua Lipa", "reason" : "toomany", "count" : "4" } 
{"song-id" : "330", "titel" : "Beautiful Trauma", "interpret" : "P!nk", "reason" : "toomany", "count" : "5" } 
{"song-id" : "333", "titel" : "Tonight", "interpret" : "Reamonn", "reason" : "toomany", "count" : "3" } 
{"song-id" : "334", "titel" : "Price Tag", "interpret" : "Jessie J feat. B.o.B", "reason" : "toomany", "count" : "2" } 
{"song-id" : "335", "titel" : "She's the one", "interpret" : "Robbie Williams", "reason" : "toomany", "count" : "4" } 
{"song-id" : "336", "titel" : "Call on me [Ryan Riback Remix]", "interpret" : "Starley", "reason" : "toomany", "count" : "3" } 
{"song-id" : "337", "titel" : "Walk", "interpret" : "Kwabs", "reason" : "toomany", "count" : "2" } 
{"song-id" : "339", "titel" : "DJ got us fallin' in love", "interpret" : "Usher", "reason" : "toomany", "count" : "5" } 
{"song-id" : "340", "titel" : "Read all about it (Part 3) Single", "interpret" : "Emeli Sandé", "reason" : "toomany", "count" : "5" } 
{"song-id" : "342", "titel" : "Time of your life (good riddance)", "interpret" : "Green Day", "reason" : "toomany", "count" : "4" } 
{"song-id" : "343", "titel" : "Little Talks", "interpret" : "Of Monsters And Men", "reason" : "toomany", "count" : "2" } 
{"song-id" : "349", "titel" : "I'll be there for you", "interpret" : "Rembrandts", "reason" : "toomany", "count" : "2" } 
{"song-id" : "350", "titel" : "Get Lucky", "interpret" : "Daft Punk feat. Pharrell Williams", "reason" : "toomany", "count" : "4" } 
{"song-id" : "351", "titel" : "Stolen dance", "interpret" : "Milky Chance", "reason" : "toomany", "count" : "2" } 
{"song-id" : "354", "titel" : "Tearing up my heart", "interpret" : "N-Sync", "reason" : "toomany", "count" : "2" } 
{"song-id" : "355", "titel" : "Treat You Better", "interpret" : "Shawn Mendes", "reason" : "toomany", "count" : "3" } 
{"song-id" : "358", "titel" : "Alone", "interpret" : "Alan Walker", "reason" : "toomany", "count" : "2" } 
{"song-id" : "361", "titel" : "Enjoy The Silence", "interpret" : "Depeche Mode", "reason" : "toomany", "count" : "5" } 
{"song-id" : "363", "titel" : "Wire To Wire", "interpret" : "Razorlight", "reason" : "toomany", "count" : "2" } 
{"song-id" : "364", "titel" : "Lose control", "interpret" : "Matt Simons", "reason" : "toomany", "count" : "5" } 
{"song-id" : "365", "titel" : "We are the people", "interpret" : "Empire of the sun", "reason" : "toomany", "count" : "5" } 
{"song-id" : "367", "titel" : "Bitter sweet symphony (Single)", "interpret" : "Verve", "reason" : "toomany", "count" : "5" } 
{"song-id" : "368", "titel" : "One Day / Reckoning Song [Wankelmut Remix]", "interpret" : "Asaf Avidan", "reason" : "toomany", "count" : "5" } 
{"song-id" : "369", "titel" : "Lila Wolken", "interpret" : "Marteria / Yasha / Miss Platnum", "reason" : "toomany", "count" : "2" } 
{"song-id" : "372", "titel" : "Love so soft", "interpret" : "Kelly Clarkson", "reason" : "toomany", "count" : "2" } 
{"song-id" : "373", "titel" : "Ain't your Mama", "interpret" : "Jennifer Lopez", "reason" : "toomany", "count" : "2" } 
{"song-id" : "374", "titel" : "Poker face", "interpret" : "Lady GaGa", "reason" : "toomany", "count" : "3" } 
{"song-id" : "375", "titel" : "Lieder", "interpret" : "Adel Tawil", "reason" : "toomany", "count" : "2" } 
{"song-id" : "376", "titel" : "Scream & Shout", "interpret" : "Will.i.am feat. Britney Spears", "reason" : "toomany", "count" : "2" } 
{"song-id" : "377", "titel" : "Hey ya!", "interpret" : "Outkast", "reason" : "toomany", "count" : "4" } 
{"song-id" : "378", "titel" : "What's up?", "interpret" : "4 Non Blondes", "reason" : "toomany", "count" : "4" } 
{"song-id" : "380", "titel" : "It's Time", "interpret" : "Imagine Dragons", "reason" : "toomany", "count" : "3" } 
{"song-id" : "381", "titel" : "Zombie", "interpret" : "Cranberries", "reason" : "toomany", "count" : "5" } 
{"song-id" : "384", "titel" : "Somebody That I Used To Know", "interpret" : "Gotye featuring Kimbra", "reason" : "toomany", "count" : "2" } 
{"song-id" : "387", "titel" : "Mr. Loverman", "interpret" : "Shabba Ranks", "reason" : "toomany", "count" : "3" } 
{"song-id" : "390", "titel" : "Weiter, weiter", "interpret" : "Wanda", "reason" : "toomany", "count" : "5" } 
{"song-id" : "391", "titel" : "Dear Mr. President", "interpret" : "Pink; Indigo Girls", "reason" : "toomany", "count" : "5" } 
{"song-id" : "392", "titel" : "Party Rock Anthem", "interpret" : "LMFAO", "reason" : "toomany", "count" : "3" } 
{"song-id" : "394", "titel" : "Hummingbird", "interpret" : "LCAW feat. Sophie Ellis-Bextor", "reason" : "toomany", "count" : "5" } 
{"song-id" : "395", "titel" : "Achterbahn", "interpret" : "Clueso", "reason" : "toomany", "count" : "5" } 
{"song-id" : "398", "titel" : "Pumped Up Kicks", "interpret" : "Foster the People", "reason" : "toomany", "count" : "5" } 
{"song-id" : "400", "titel" : "Numb", "interpret" : "Linkin Park", "reason" : "toomany", "count" : "5" } 
{"song-id" : "404", "titel" : "You & I", "interpret" : "Crystal Fighters", "reason" : "toomany", "count" : "2" } 
{"song-id" : "405", "titel" : "Glory Box", "interpret" : "Portishead", "reason" : "toomany", "count" : "5" } 
{"song-id" : "407", "titel" : "Bellyache", "interpret" : "Billie Eilish", "reason" : "toomany", "count" : "2" } 
{"song-id" : "408", "titel" : "Let me love you", "interpret" : "Mario", "reason" : "toomany", "count" : "2" } 
{"song-id" : "409", "titel" : "Rockstar", "interpret" : "Stefan Dettl", "reason" : "toomany", "count" : "3" } 
{"song-id" : "411", "titel" : "Remember me", "interpret" : "Lilly Among Clouds", "reason" : "toomany", "count" : "2" } 
{"song-id" : "415", "titel" : "Handyman", "interpret" : "Awolnation", "reason" : "toomany", "count" : "2" } 
{"song-id" : "416", "titel" : "You're Not Alone", "interpret" : "Olive", "reason" : "toomany", "count" : "5" } 
{"song-id" : "417", "titel" : "Hello (Album Version)", "interpret" : "Adele", "reason" : "toomany", "count" : "2" } 
{"song-id" : "418", "titel" : "Changes", "interpret" : "Faul & Wad Ad vs. Pnau", "reason" : "toomany", "count" : "5" } 
{"song-id" : "421", "titel" : "You get what you give", "interpret" : "New Radicals", "reason" : "toomany", "count" : "2" } 
{"song-id" : "423", "titel" : "Safe and Sound", "interpret" : "Capital Cities", "reason" : "toomany", "count" : "2" } 
{"song-id" : "425", "titel" : "Don't cha", "interpret" : "The Pussycat Dolls; Busta Rhymes", "reason" : "toomany", "count" : "2" } 
{"song-id" : "426", "titel" : "Good Feeling", "interpret" : "Flo Rida", "reason" : "toomany", "count" : "2" } 
{"song-id" : "428", "titel" : "Royals", "interpret" : "Lorde", "reason" : "toomany", "count" : "2" } 
{"song-id" : "429", "titel" : "Spice Up Your Life", "interpret" : "Spice Girls", "reason" : "toomany", "count" : "3" } 
{"song-id" : "432", "titel" : "Heartbreak Century", "interpret" : "Sunrise Avenue", "reason" : "toomany", "count" : "2" } 
{"song-id" : "434", "titel" : "Bologna", "interpret" : "Wanda", "reason" : "toomany", "count" : "5" } 
{"song-id" : "442", "titel" : "Back to black", "interpret" : "Amy Winehouse", "reason" : "toomany", "count" : "5" } 
{"song-id" : "443", "titel" : "Waves (Robin Schulz Remix)", "interpret" : "Mr. Probz", "reason" : "toomany", "count" : "2" } 
{"song-id" : "444", "titel" : "Don't look back in anger", "interpret" : "Oasis", "reason" : "toomany", "count" : "4" } 
{"song-id" : "445", "titel" : "Paparazzi", "interpret" : "Lady Gaga", "reason" : "toomany", "count" : "3" } 
{"song-id" : "446", "titel" : "It Ain't Me", "interpret" : "Kygo & Selena Gomez", "reason" : "toomany", "count" : "3" } 
{"song-id" : "447", "titel" : "Impossible", "interpret" : "James Arthur", "reason" : "toomany", "count" : "2" } 
{"song-id" : "450", "titel" : "24K Magic", "interpret" : "Bruno Mars", "reason" : "toomany", "count" : "5" } 
{"song-id" : "451", "titel" : "She said", "interpret" : "Plan B", "reason" : "toomany", "count" : "3" } 
{"song-id" : "452", "titel" : "Leave out all the rest", "interpret" : "Linkin Park", "reason" : "toomany", "count" : "5" } 
{"song-id" : "453", "titel" : "Jar Of Hearts", "interpret" : "Christina Perri", "reason" : "toomany", "count" : "2" } 
{"song-id" : "454", "titel" : "Ich will nur dass du weißt", "interpret" : "SDP featuring Adel Tawil", "reason" : "toomany", "count" : "2" } 
{"song-id" : "455", "titel" : "Lost on you", "interpret" : "LP", "reason" : "toomany", "count" : "4" } 
{"song-id" : "459", "titel" : "Westerland", "interpret" : "Die Ärzte", "reason" : "toomany", "count" : "5" } 
{"song-id" : "460", "titel" : "I hate u I love u", "interpret" : "Gnash featuring Olivia O'Brien", "reason" : "toomany", "count" : "2" } 
{"song-id" : "463", "titel" : "Mmmbop", "interpret" : "Hanson", "reason" : "toomany", "count" : "5" } 
{"song-id" : "465", "titel" : "I like", "interpret" : "Keri Hilson", "reason" : "toomany", "count" : "2" } 
{"song-id" : "468", "titel" : "Gangsta's Paradise", "interpret" : "Coolio", "reason" : "toomany", "count" : "5" } 
{"song-id" : "469", "titel" : "Girl On Fire", "interpret" : "Alicia Keys", "reason" : "toomany", "count" : "5" } 
{"song-id" : "470", "titel" : "Stay", "interpret" : "Zedd & Alessia Cara", "reason" : "toomany", "count" : "3" } 
{"song-id" : "471", "titel" : "Sie ist weg", "interpret" : "Die Fantastischen Vier", "reason" : "toomany", "count" : "2" } 
{"song-id" : "472", "titel" : "FourFiveSeconds", "interpret" : "Rihanna; Kanye West; Paul McCartney", "reason" : "toomany", "count" : "2" } 
{"song-id" : "473", "titel" : "Jolene", "interpret" : "The BossHoss feat. The Common Linnets", "reason" : "toomany", "count" : "3" } 
{"song-id" : "474", "titel" : "Let me entertain you", "interpret" : "Robbie Williams", "reason" : "toomany", "count" : "4" } 
{"song-id" : "475", "titel" : "Wherever you will go", "interpret" : "Calling", "reason" : "toomany", "count" : "4" } 
{"song-id" : "476", "titel" : "Pompeii", "interpret" : "Bastille", "reason" : "toomany", "count" : "5" } 
{"song-id" : "477", "titel" : "Dangerous", "interpret" : "Sam Guetta", "reason" : "toomany", "count" : "2" } 
{"song-id" : "478", "titel" : "Don't let me down", "interpret" : "The Chainsmokers feat. Daya", "reason" : "toomany", "count" : "2" } 
{"song-id" : "479", "titel" : "All rise", "interpret" : "Blue", "reason" : "toomany", "count" : "3" } 
{"song-id" : "481", "titel" : "Back Home", "interpret" : "Fritz Kalkbrenner", "reason" : "toomany", "count" : "5" } 
{"song-id" : "482", "titel" : "Love on the brain", "interpret" : "Rihanna", "reason" : "toomany", "count" : "2" } 
{"song-id" : "483", "titel" : "Grenade", "interpret" : "Bruno Mars", "reason" : "toomany", "count" : "2" } 
{"song-id" : "484", "titel" : "Hello", "interpret" : "Adele", "reason" : "toomany", "count" : "2" } 
{"song-id" : "486", "titel" : "Butterfly", "interpret" : "Crazy Town", "reason" : "toomany", "count" : "5" } 
{"song-id" : "488", "titel" : "Levels", "interpret" : "Avicii", "reason" : "toomany", "count" : "4" } 
{"song-id" : "490", "titel" : "Sanctuary", "interpret" : "Gabriella Cilmi", "reason" : "toomany", "count" : "5" } 
{"song-id" : "494", "titel" : "Change", "interpret" : "Daniel Merriweather", "reason" : "toomany", "count" : "3" } 
{"song-id" : "495", "titel" : "Pinch me", "interpret" : "Barenaked Ladies", "reason" : "toomany", "count" : "2" } 
{"song-id" : "498", "titel" : "Stay (I missed you)", "interpret" : "Lisa Loeb & Nine Stories", "reason" : "toomany", "count" : "2" } 
{"song-id" : "501", "titel" : "Fix you", "interpret" : "Coldplay", "reason" : "toomany", "count" : "5" } 
{"song-id" : "502", "titel" : "Perfect Gentleman", "interpret" : "Wyclef Jean", "reason" : "toomany", "count" : "3" } 
{"song-id" : "503", "titel" : "I fall apart", "interpret" : "Post Malone", "reason" : "toomany", "count" : "5" } 
{"song-id" : "506", "titel" : "Girl you know it's true", "interpret" : "Milli Vanilli", "reason" : "toomany", "count" : "4" } 
{"song-id" : "509", "titel" : "Lola's Theme", "interpret" : "Shapeshifters", "reason" : "toomany", "count" : "3" } 
{"song-id" : "511", "titel" : "Go f*** yourself", "interpret" : "Two Feet", "reason" : "toomany", "count" : "4" } 
{"song-id" : "514", "titel" : "Easy Love", "interpret" : "Lauv", "reason" : "toomany", "count" : "5" } 
{"song-id" : "515", "titel" : "Happy When I'm Blue", "interpret" : "Jesper Munk", "reason" : "toomany", "count" : "4" } 
{"song-id" : "516", "titel" : "Are you gonna be my girl", "interpret" : "Jet", "reason" : "toomany", "count" : "5" } 
{"song-id" : "517", "titel" : "Light Ltd.", "interpret" : "Mile Me Deaf", "reason" : "toomany", "count" : "4" } 
{"song-id" : "518", "titel" : "No Roots", "interpret" : "Alice Merton", "reason" : "toomany", "count" : "2" } 
{"song-id" : "519", "titel" : "Palmen am Balkon", "interpret" : "Granada", "reason" : "toomany", "count" : "5" } 
{"song-id" : "521", "titel" : "Am Ende", "interpret" : "Kraftklub", "reason" : "toomany", "count" : "5" } 
{"song-id" : "522", "titel" : "Money On My Mind", "interpret" : "Sam Smith", "reason" : "toomany", "count" : "2" } 
{"song-id" : "525", "titel" : "Zipper", "interpret" : "Brockhampton", "reason" : "toomany", "count" : "5" } 
{"song-id" : "527", "titel" : "Polygraph Eyes", "interpret" : "Yungblud", "reason" : "toomany", "count" : "3" } 
{"song-id" : "528", "titel" : "Off The Radar", "interpret" : "Noga Erez", "reason" : "toomany", "count" : "2" } 
{"song-id" : "535", "titel" : "Alpina Weiss", "interpret" : "SIND", "reason" : "toomany", "count" : "2" } 
{"song-id" : "537", "titel" : "Narcotic", "interpret" : "Liquido", "reason" : "toomany", "count" : "4" } 
{"song-id" : "539", "titel" : "Love don't cost a thing", "interpret" : "Jennifer Lopez", "reason" : "toomany", "count" : "4" } 
{"song-id" : "541", "titel" : "When The Beat Drops Out", "interpret" : "Marlon Roudette", "reason" : "toomany", "count" : "5" } 
{"song-id" : "543", "titel" : "Babylon", "interpret" : "David Gray", "reason" : "toomany", "count" : "2" } 
{"song-id" : "544", "titel" : "The Flood", "interpret" : "Take That", "reason" : "toomany", "count" : "2" } 
{"song-id" : "545", "titel" : "Why does my heart feel so bad", "interpret" : "Moby", "reason" : "toomany", "count" : "4" } 
{"song-id" : "546", "titel" : "Something Just Like This", "interpret" : "The Chainsmokers & Coldplay", "reason" : "toomany", "count" : "2" } 
{"song-id" : "547", "titel" : "Way Back Home", "interpret" : "Bag Raiders", "reason" : "toomany", "count" : "2" } 
{"song-id" : "548", "titel" : "The Weekend", "interpret" : "Michael Gray", "reason" : "toomany", "count" : "3" } 
{"song-id" : "549", "titel" : "Oft gefragt", "interpret" : "AnnenMayKantereit", "reason" : "toomany", "count" : "5" } 
{"song-id" : "550", "titel" : "You're Beautiful", "interpret" : "James Blunt", "reason" : "toomany", "count" : "5" } 
{"song-id" : "552", "titel" : "Booty Swing", "interpret" : "Parov Stelar", "reason" : "toomany", "count" : "3" } 
{"song-id" : "554", "titel" : "The way I are", "interpret" : "Keri Timbaland; Hilson", "reason" : "toomany", "count" : "4" } 
{"song-id" : "556", "titel" : "Little lion man", "interpret" : "Mumford & Sons", "reason" : "toomany", "count" : "2" } 
{"song-id" : "558", "titel" : "No Scrubs", "interpret" : "TLC", "reason" : "toomany", "count" : "5" } 
{"song-id" : "559", "titel" : "Riptide (Flic Flac Remix)", "interpret" : "Vance Joy", "reason" : "toomany", "count" : "2" } 
{"song-id" : "562", "titel" : "A Sky Full Of Stars", "interpret" : "Coldplay", "reason" : "toomany", "count" : "4" } 
{"song-id" : "564", "titel" : "Trouble", "interpret" : "Pink", "reason" : "toomany", "count" : "5" } 
{"song-id" : "566", "titel" : "Perfekte Welle", "interpret" : "Juli", "reason" : "toomany", "count" : "2" } 
{"song-id" : "567", "titel" : "Bad Ideas", "interpret" : "Alle Farben", "reason" : "toomany", "count" : "5" } 
{"song-id" : "569", "titel" : "Ironic", "interpret" : "Alanis Morissette", "reason" : "toomany", "count" : "4" } 
{"song-id" : "572", "titel" : "All star", "interpret" : "Smash Mouth", "reason" : "toomany", "count" : "5" } 
{"song-id" : "577", "titel" : "Join me", "interpret" : "Him", "reason" : "toomany", "count" : "4" } 
{"song-id" : "579", "titel" : "Faded", "interpret" : "Alan Walker", "reason" : "toomany", "count" : "2" } 
{"song-id" : "580", "titel" : "Feel", "interpret" : "Robbie Williams", "reason" : "toomany", "count" : "4" } 
{"song-id" : "581", "titel" : "Heart Skips A Beat", "interpret" : "Olly Murs ft. Rizzle Kicks", "reason" : "toomany", "count" : "3" } 
{"song-id" : "582", "titel" : "Hips Don't  Lie (No Rap)", "interpret" : "Shakira; Wyclef Jean", "reason" : "toomany", "count" : "5" } 
{"song-id" : "586", "titel" : "2 Times", "interpret" : "Ann Lee", "reason" : "toomany", "count" : "5" } 
{"song-id" : "588", "titel" : "Under the bridge", "interpret" : "Red Hot Chili Peppers", "reason" : "toomany", "count" : "4" } 
{"song-id" : "590", "titel" : "Jubel", "interpret" : "Klingande", "reason" : "toomany", "count" : "3" } 
{"song-id" : "591", "titel" : "U + Ur Hand", "interpret" : "Pink", "reason" : "toomany", "count" : "4" } 
{"song-id" : "592", "titel" : "Girls Chase Boys", "interpret" : "Ingrid Michaelson", "reason" : "toomany", "count" : "5" } 
{"song-id" : "594", "titel" : "Big Jumps", "interpret" : "Emiliana Torrini", "reason" : "toomany", "count" : "5" } 
{"song-id" : "595", "titel" : "Young Folks", "interpret" : "Peter Bjorn And John", "reason" : "toomany", "count" : "4" } 
{"song-id" : "596", "titel" : "Unbelievable", "interpret" : "EMF", "reason" : "toomany", "count" : "5" } 
{"song-id" : "597", "titel" : "Young Dumb & Broke (Remix)", "interpret" : "Khalid feat. Rae Sremmurd & Lil Yachty", "reason" : "toomany", "count" : "2" } 
{"song-id" : "599", "titel" : "The middle", "interpret" : "Jimmy Eat World", "reason" : "toomany", "count" : "4" } 
{"song-id" : "600", "titel" : "5 Years Time", "interpret" : "Noah & The Whale", "reason" : "toomany", "count" : "3" } 
{"song-id" : "602", "titel" : "My Way", "interpret" : "Limp Bizkit", "reason" : "toomany", "count" : "4" } 
{"song-id" : "605", "titel" : "Fans", "interpret" : "Kings Of Leon", "reason" : "toomany", "count" : "2" } 
{"song-id" : "606", "titel" : "Yeah!", "interpret" : "Usher featuring Ludacris & Lil Jon", "reason" : "toomany", "count" : "2" } 
{"song-id" : "608", "titel" : "Low life", "interpret" : "Soleima", "reason" : "toomany", "count" : "5" } 
{"song-id" : "611", "titel" : "I got 5 on it", "interpret" : "Luniz", "reason" : "toomany", "count" : "4" } 
{"song-id" : "613", "titel" : "Radioactive (Remix)", "interpret" : "Imagine Dragons feat. Kendrick Lamar", "reason" : "toomany", "count" : "2" } 
{"song-id" : "614", "titel" : "Schnelles Glück", "interpret" : ".fab", "reason" : "toomany", "count" : "5" } 
{"song-id" : "615", "titel" : "Not Fair (Album Version)", "interpret" : "Lily Allen", "reason" : "toomany", "count" : "5" } 
{"song-id" : "617", "titel" : "Believer", "interpret" : "Paper Lions", "reason" : "toomany", "count" : "5" } 
{"song-id" : "619", "titel" : "Crazy", "interpret" : "Gnarls Barkley", "reason" : "toomany", "count" : "4" } 
{"song-id" : "620", "titel" : "To Lose My Life", "interpret" : "White Lies", "reason" : "toomany", "count" : "5" } 
{"song-id" : "622", "titel" : "Big Cat", "interpret" : "Wild Beasts", "reason" : "toomany", "count" : "5" } 
{"song-id" : "625", "titel" : "Katy Perry", "interpret" : "Milliarden", "reason" : "toomany", "count" : "3" } 
{"song-id" : "628", "titel" : "Niemand wie ihr", "interpret" : "Feine Sahne Fischfilet", "reason" : "toomany", "count" : "5" } 
{"song-id" : "630", "titel" : "Flip", "interpret" : "Russ", "reason" : "toomany", "count" : "5" } 
{"song-id" : "635", "titel" : "Remember Me", "interpret" : "Lilly Among Clouds", "reason" : "toomany", "count" : "2" } 
{"song-id" : "638", "titel" : "Morning Bells", "interpret" : "Lola Marsh", "reason" : "toomany", "count" : "4" } 
{"song-id" : "640", "titel" : "Sing Hallelujah!", "interpret" : "Dr. Alban", "reason" : "toomany", "count" : "3" } 
{"song-id" : "642", "titel" : "Hot n Cold", "interpret" : "Katy Perry", "reason" : "toomany", "count" : "5" } 
{"song-id" : "643", "titel" : "Oh Carolina", "interpret" : "Shaggy", "reason" : "toomany", "count" : "4" } 
{"song-id" : "645", "titel" : "Human", "interpret" : "Killers", "reason" : "toomany", "count" : "4" } 
{"song-id" : "653", "titel" : "Changed The Way You Kiss Me", "interpret" : "Example", "reason" : "toomany", "count" : "4" } 
{"song-id" : "654", "titel" : "Boulevard of Broken Dreams", "interpret" : "Green Day", "reason" : "toomany", "count" : "5" } 
{"song-id" : "655", "titel" : "Sorry", "interpret" : "Justin Bieber", "reason" : "toomany", "count" : "2" } 
{"song-id" : "659", "titel" : "Tubthumping", "interpret" : "Chumbawamba", "reason" : "toomany", "count" : "5" } 
{"song-id" : "660", "titel" : "So I begin", "interpret" : "Galleon", "reason" : "toomany", "count" : "5" } 
{"song-id" : "661", "titel" : "Behind blue eyes", "interpret" : "Limp Bizkit", "reason" : "toomany", "count" : "4" } 
{"song-id" : "662", "titel" : "Enjoy the silence", "interpret" : "Depeche Mode", "reason" : "toomany", "count" : "5" } 
{"song-id" : "663", "titel" : "Viva La Vida", "interpret" : "Coldplay", "reason" : "toomany", "count" : "5" } 
{"song-id" : "664", "titel" : "Poker Face", "interpret" : "Lady GaGa", "reason" : "toomany", "count" : "3" } 
{"song-id" : "666", "titel" : "Missing (Todd Terry Remix)", "interpret" : "Everything But The Girl", "reason" : "toomany", "count" : "3" } 
{"song-id" : "668", "titel" : "People Help The People (Single)", "interpret" : "Birdy", "reason" : "toomany", "count" : "2" } 
{"song-id" : "669", "titel" : "Nobody's home", "interpret" : "Avril Lavigne", "reason" : "toomany", "count" : "5" } 
{"song-id" : "670", "titel" : "Wannabe", "interpret" : "Spice Girls", "reason" : "toomany", "count" : "4" } 
{"song-id" : "671", "titel" : "The sound of silence (Single Edit)", "interpret" : "Disturbed", "reason" : "toomany", "count" : "2" } 
{"song-id" : "672", "titel" : "Barbra Streisand", "interpret" : "Duck Sauce", "reason" : "toomany", "count" : "5" } 
{"song-id" : "673", "titel" : "Whenever wherever", "interpret" : "Shakira", "reason" : "toomany", "count" : "5" } 
{"song-id" : "675", "titel" : "Sky and sand", "interpret" : "Paul & Fritz Kalkbrenner", "reason" : "toomany", "count" : "2" } 
{"song-id" : "678", "titel" : "Sober", "interpret" : "Pink", "reason" : "toomany", "count" : "5" } 
{"song-id" : "679", "titel" : "Have a nice day", "interpret" : "Bon Jovi", "reason" : "toomany", "count" : "5" } 
{"song-id" : "680", "titel" : "Where Is The Love?", "interpret" : "Black Eyed Peas", "reason" : "toomany", "count" : "5" } 
{"song-id" : "681", "titel" : "Pon De Replay", "interpret" : "Rihanna", "reason" : "toomany", "count" : "3" } 
{"song-id" : "683", "titel" : "I kissed a girl", "interpret" : "Katy Perry", "reason" : "toomany", "count" : "5" } 
{"song-id" : "685", "titel" : "Another Love", "interpret" : "Tom Odell", "reason" : "toomany", "count" : "2" } 
{"song-id" : "688", "titel" : "The Lazy Song", "interpret" : "Bruno Mars", "reason" : "toomany", "count" : "4" } 
{"song-id" : "689", "titel" : "Porcelain", "interpret" : "Moby", "reason" : "toomany", "count" : "4" } 
{"song-id" : "692", "titel" : "Sedona", "interpret" : "Houndmouth", "reason" : "toomany", "count" : "5" } 
{"song-id" : "693", "titel" : "Beverly Hills", "interpret" : "Weezer", "reason" : "toomany", "count" : "2" } 
{"song-id" : "694", "titel" : "The Hills", "interpret" : "The Weeknd", "reason" : "toomany", "count" : "2" } 
{"song-id" : "695", "titel" : "Mine", "interpret" : "Bazzi", "reason" : "toomany", "count" : "4" } 
{"song-id" : "698", "titel" : "No Roots (Liebling des Jahres 2017)", "interpret" : "Alice Merton", "reason" : "toomany", "count" : "2" } 
{"song-id" : "701", "titel" : "Seven Days And One Week", "interpret" : "B.B.E.", "reason" : "toomany", "count" : "5" } 
{"song-id" : "702", "titel" : "God's Plan", "interpret" : "Drake", "reason" : "toomany", "count" : "2" } 
{"song-id" : "703", "titel" : "Dominos", "interpret" : "The Big Pink", "reason" : "toomany", "count" : "2" } 
{"song-id" : "705", "titel" : "Mr. Brightside", "interpret" : "Killers", "reason" : "toomany", "count" : "5" } 
{"song-id" : "708", "titel" : "Datalove", "interpret" : "RIN", "reason" : "toomany", "count" : "5" } 
{"song-id" : "710", "titel" : "Zoo", "interpret" : "Leyya", "reason" : "toomany", "count" : "4" } 
{"song-id" : "711", "titel" : "Take Me Out", "interpret" : "Franz Ferdinand", "reason" : "toomany", "count" : "5" } 
{"song-id" : "712", "titel" : "Think It Over", "interpret" : "Wild Child", "reason" : "toomany", "count" : "5" } 
{"song-id" : "713", "titel" : "Learn To Fly", "interpret" : "Foo Fighters", "reason" : "toomany", "count" : "5" } 
{"song-id" : "715", "titel" : "Someone New", "interpret" : "Kakkmaddafakka", "reason" : "toomany", "count" : "5" } 
{"song-id" : "716", "titel" : "London City, Boy, It's Killing Me", "interpret" : "Nick & June", "reason" : "toomany", "count" : "3" } 
{"song-id" : "718", "titel" : "Schofal Boogie", "interpret" : "Dicht & Ergreifend", "reason" : "toomany", "count" : "4" } 
{"song-id" : "719", "titel" : "Müssen nur wollen", "interpret" : "Wir sind Helden", "reason" : "toomany", "count" : "3" } 
{"song-id" : "721", "titel" : "Reminder", "interpret" : "Moderat", "reason" : "toomany", "count" : "4" } 
{"song-id" : "724", "titel" : "Catch & Release (Deepend Remix)", "interpret" : "Matt Simons", "reason" : "toomany", "count" : "2" } 
{"song-id" : "725", "titel" : "Ehad wa dagh", "interpret" : "Imarhan", "reason" : "toomany", "count" : "4" } 
{"song-id" : "726", "titel" : "Head Sonata (Love Control)", "interpret" : "Fil Bo Riva", "reason" : "toomany", "count" : "2" } 
{"song-id" : "728", "titel" : "Worry", "interpret" : "Jack Garratt", "reason" : "toomany", "count" : "5" } 
{"song-id" : "731", "titel" : "Hello", "interpret" : "Martin Solveig & Dragonette", "reason" : "toomany", "count" : "4" } 
{"song-id" : "732", "titel" : "Believe in me", "interpret" : "Lenny Kravitz", "reason" : "toomany", "count" : "2" } 
{"song-id" : "734", "titel" : "Lush Life", "interpret" : "Zara Larsson", "reason" : "toomany", "count" : "3" } 
{"song-id" : "735", "titel" : "Feel The Love", "interpret" : "Rudimental feat. John Newman", "reason" : "toomany", "count" : "3" } 
{"song-id" : "736", "titel" : "Keine Maschine", "interpret" : "Tim Bendzko", "reason" : "toomany", "count" : "5" } 
{"song-id" : "737", "titel" : "Give Me Everything", "interpret" : "Afrojack & Nayer Pitbull feat. Ne-Yo", "reason" : "toomany", "count" : "2" } 
{"song-id" : "739", "titel" : "Mama Said", "interpret" : "Lukas Graham", "reason" : "toomany", "count" : "5" } 
{"song-id" : "740", "titel" : "I can't dance", "interpret" : "Genesis", "reason" : "toomany", "count" : "4" } 
{"song-id" : "742", "titel" : "Freed from desire", "interpret" : "Gala", "reason" : "toomany", "count" : "5" } 
{"song-id" : "743", "titel" : "Is anybody out there?", "interpret" : "K'naan feat. Nelly Furtado", "reason" : "toomany", "count" : "2" } 
{"song-id" : "744", "titel" : "Das ist der Moment", "interpret" : "Die Toten Hosen", "reason" : "toomany", "count" : "2" } 
{"song-id" : "745", "titel" : "Because of you", "interpret" : "Kelly Clarkson", "reason" : "toomany", "count" : "3" } 
{"song-id" : "747", "titel" : "Crazy", "interpret" : "Aerosmith", "reason" : "toomany", "count" : "2" } 
{"song-id" : "748", "titel" : "Sitting, Waiting, Wishing", "interpret" : "Jack Johnson", "reason" : "toomany", "count" : "3" } 
{"song-id" : "749", "titel" : "New rules", "interpret" : "Dua Lipa", "reason" : "toomany", "count" : "2" } 
{"song-id" : "750", "titel" : "Disco lies", "interpret" : "Moby", "reason" : "toomany", "count" : "2" } 
{"song-id" : "751", "titel" : "Jolene (Single Edit)", "interpret" : "The BossHoss feat. The Common Linnets", "reason" : "toomany", "count" : "3" } 
{"song-id" : "752", "titel" : "The Magic Key", "interpret" : "One-T & Cool-T", "reason" : "toomany", "count" : "4" } 
{"song-id" : "753", "titel" : "Stereo Love", "interpret" : "Vika Maya", "reason" : "toomany", "count" : "5" } 
{"song-id" : "754", "titel" : "Who Knew", "interpret" : "Pink", "reason" : "toomany", "count" : "5" } 
{"song-id" : "756", "titel" : "This love", "interpret" : "Maroon 5", "reason" : "toomany", "count" : "2" } 
{"song-id" : "757", "titel" : "It's my life", "interpret" : "Bon Jovi", "reason" : "toomany", "count" : "5" } 
{"song-id" : "758", "titel" : "Wake me up when September ends", "interpret" : "Green Day", "reason" : "toomany", "count" : "5" } 
{"song-id" : "759", "titel" : "Firestone", "interpret" : "Kygo feat. Conrad", "reason" : "toomany", "count" : "2" } 
{"song-id" : "761", "titel" : "Angels", "interpret" : "Robbie Williams", "reason" : "toomany", "count" : "5" } 
{"song-id" : "762", "titel" : "Unfaithful", "interpret" : "Rihanna", "reason" : "toomany", "count" : "4" } 
{"song-id" : "763", "titel" : "Men in black", "interpret" : "Will Smith", "reason" : "toomany", "count" : "5" } 
{"song-id" : "764", "titel" : "Send My Love (To Your New Lover)", "interpret" : "Adele", "reason" : "toomany", "count" : "2" } 
{"song-id" : "765", "titel" : "Never Give Up", "interpret" : "Sia", "reason" : "toomany", "count" : "2" } 
{"song-id" : "766", "titel" : "Smooth", "interpret" : "Rob Santana; Thomas", "reason" : "toomany", "count" : "2" } 
{"song-id" : "767", "titel" : "Right Round", "interpret" : "Flo Rida featuring Kesha", "reason" : "toomany", "count" : "2" } 
{"song-id" : "768", "titel" : "Sex On Fire", "interpret" : "Kings Of Leon", "reason" : "toomany", "count" : "5" } 
{"song-id" : "772", "titel" : "Burn It Down", "interpret" : "Linkin Park", "reason" : "toomany", "count" : "4" } 
{"song-id" : "774", "titel" : "My Name Is", "interpret" : "Eminem", "reason" : "toomany", "count" : "4" } 
{"song-id" : "777", "titel" : "Goodbye", "interpret" : "Feder featuring Lyse", "reason" : "toomany", "count" : "3" } 
{"song-id" : "778", "titel" : "Egyptian luvr", "interpret" : "Rejjie Snow", "reason" : "toomany", "count" : "5" } 
{"song-id" : "779", "titel" : "Sing", "interpret" : "Travis", "reason" : "toomany", "count" : "2" } 
{"song-id" : "781", "titel" : "Nothing Else Matters", "interpret" : "Metallica", "reason" : "toomany", "count" : "5" } 
{"song-id" : "782", "titel" : "Wavin' Flag  ((Middle East))", "interpret" : "K'naan & Nancy Ajram", "reason" : "toomany", "count" : "3" } 
{"song-id" : "783", "titel" : "Alles cool", "interpret" : "Jennifer Rostock", "reason" : "toomany", "count" : "5" } 
{"song-id" : "786", "titel" : "Troy", "interpret" : "Die fantastischen Vier", "reason" : "toomany", "count" : "2" } 
{"song-id" : "787", "titel" : "Gold", "interpret" : "Kiiara", "reason" : "toomany", "count" : "2" } 
{"song-id" : "788", "titel" : "She hates me", "interpret" : "Puddle of Mudd", "reason" : "toomany", "count" : "3" } 
{"song-id" : "790", "titel" : "No Diggity", "interpret" : "Blackstreet feat. Dr. Dre", "reason" : "toomany", "count" : "2" } 
{"song-id" : "794", "titel" : "Rockstar", "interpret" : "Post Malone feat. 21 Savage", "reason" : "toomany", "count" : "2" } 
{"song-id" : "795", "titel" : "Waves", "interpret" : "Jeremy Loops", "reason" : "toomany", "count" : "2" } 
{"song-id" : "796", "titel" : "Low Life", "interpret" : "Soleima", "reason" : "toomany", "count" : "5" } 
{"song-id" : "797", "titel" : "Summer", "interpret" : "I Heart Sharks", "reason" : "toomany", "count" : "2" } 
{"song-id" : "798", "titel" : "Use Somebody", "interpret" : "Kings Of Leon", "reason" : "toomany", "count" : "2" } 
{"song-id" : "799", "titel" : "On My Own", "interpret" : "Drunken Masters feat. Mothica", "reason" : "toomany", "count" : "4" } 
{"song-id" : "800", "titel" : "Scheena dog", "interpret" : "LaBrassBanda", "reason" : "toomany", "count" : "5" } 
{"song-id" : "801", "titel" : "Better", "interpret" : "Mallrat", "reason" : "toomany", "count" : "2" } 
{"song-id" : "802", "titel" : "SAMT - Sugar", "interpret" : "None", "reason" : "toomany", "count" : "5" } 
{"song-id" : "803", "titel" : "Sugar", "interpret" : "SAMT", "reason" : "toomany", "count" : "2" } 
{"song-id" : "804", "titel" : "Everything Is Everything", "interpret" : "Phoenix", "reason" : "toomany", "count" : "3" } 
{"song-id" : "807", "titel" : "#53", "interpret" : "Weaves", "reason" : "toomany", "count" : "5" } 
{"song-id" : "810", "titel" : "Shine On Me", "interpret" : "Dan Auerbach", "reason" : "toomany", "count" : "4" } 
{"song-id" : "811", "titel" : "Real Boy", "interpret" : "Wrongkong", "reason" : "toomany", "count" : "4" } 
{"song-id" : "812", "titel" : "Car Seat Headrest - Nervous Young Inhumans", "interpret" : "None", "reason" : "toomany", "count" : "5" } 
{"song-id" : "814", "titel" : "Bei mir", "interpret" : "Curse", "reason" : "toomany", "count" : "5" } 
{"song-id" : "816", "titel" : "Easy", "interpret" : "Cro", "reason" : "toomany", "count" : "3" } 
{"song-id" : "818", "titel" : "Gives You Hell", "interpret" : "All-American Rejects", "reason" : "toomany", "count" : "3" } 
{"song-id" : "819", "titel" : "Lola Montez", "interpret" : "Volbeat", "reason" : "toomany", "count" : "5" } 
{"song-id" : "820", "titel" : "Der Berg ruft", "interpret" : "K2", "reason" : "toomany", "count" : "2" } 
{"song-id" : "823", "titel" : "Welcome to tomorrow", "interpret" : "Snap", "reason" : "toomany", "count" : "2" } 
{"song-id" : "824", "titel" : "Teenage Dream", "interpret" : "Katy Perry", "reason" : "toomany", "count" : "5" } 
{"song-id" : "825", "titel" : "Hot in herre", "interpret" : "Nelly", "reason" : "toomany", "count" : "3" } 
{"song-id" : "826", "titel" : "Burn", "interpret" : "Ellie Goulding", "reason" : "toomany", "count" : "2" } 
{"song-id" : "827", "titel" : "Dye My Hair", "interpret" : "Alma", "reason" : "toomany", "count" : "2" } 
{"song-id" : "828", "titel" : "Basket Case", "interpret" : "Green Day", "reason" : "toomany", "count" : "5" } 
{"song-id" : "830", "titel" : "Say it right", "interpret" : "Nelly Furtado", "reason" : "toomany", "count" : "4" } 
{"song-id" : "831", "titel" : "Dieser Weg", "interpret" : "Xavier Naidoo", "reason" : "toomany", "count" : "2" } 
{"song-id" : "832", "titel" : "Denkmal", "interpret" : "Wir sind Helden", "reason" : "toomany", "count" : "2" } 
{"song-id" : "833", "titel" : "Insomnia", "interpret" : "Faithless", "reason" : "toomany", "count" : "5" } 
{"song-id" : "834", "titel" : "All Summer Long", "interpret" : "Kid Rock", "reason" : "toomany", "count" : "5" } 
{"song-id" : "836", "titel" : "Love Me Like You Do", "interpret" : "Ellie Goulding", "reason" : "toomany", "count" : "3" } 
{"song-id" : "837", "titel" : "American pie", "interpret" : "Madonna", "reason" : "toomany", "count" : "5" } 
{"song-id" : "838", "titel" : "Infinity 2008", "interpret" : "Guru Josh Project", "reason" : "toomany", "count" : "5" } 
{"song-id" : "839", "titel" : "Calm After The Storm", "interpret" : "The Common Linnets", "reason" : "toomany", "count" : "3" } 
{"song-id" : "840", "titel" : "Castle on the Hill (Single Edit)", "interpret" : "Ed Sheeran", "reason" : "toomany", "count" : "3" } 
{"song-id" : "841", "titel" : "Raise Your Glass", "interpret" : "Pink", "reason" : "toomany", "count" : "5" } 
{"song-id" : "842", "titel" : "This is the life", "interpret" : "Amy MacDonald", "reason" : "toomany", "count" : "5" } 
{"song-id" : "843", "titel" : "Männer sind Schweine", "interpret" : "Die Ärzte", "reason" : "toomany", "count" : "5" } 
{"song-id" : "844", "titel" : "Halo", "interpret" : "Beyoncé", "reason" : "toomany", "count" : "3" } 
{"song-id" : "845", "titel" : "Wonderful Life", "interpret" : "Hurts", "reason" : "toomany", "count" : "3" } 
{"song-id" : "849", "titel" : "That Way", "interpret" : "SDJM & Conor Maynard", "reason" : "toomany", "count" : "2" } 
{"song-id" : "852", "titel" : "Und ich war wieder da (Nur Chartshow!!!!!!!)", "interpret" : "None", "reason" : "toomany", "count" : "5" } 
{"song-id" : "855", "titel" : "'Til I'm Done", "interpret" : "Paloma Faith", "reason" : "toomany", "count" : "5" } 
{"song-id" : "858", "titel" : "Happyland", "interpret" : "Måns Zelmerlöw", "reason" : "toomany", "count" : "5" } 
{"song-id" : "861", "titel" : "Funke (Guten Morgen)", "interpret" : "Benoby", "reason" : "toomany", "count" : "4" } 
{"song-id" : "864", "titel" : "Normal", "interpret" : "Sasha Sloan", "reason" : "toomany", "count" : "5" } 
{"song-id" : "865", "titel" : "Focus", "interpret" : "Elias", "reason" : "toomany", "count" : "5" } 
{"song-id" : "866", "titel" : "Best Days", "interpret" : "Lissie", "reason" : "toomany", "count" : "5" } 
{"song-id" : "867", "titel" : "Marathon", "interpret" : "LIONLION", "reason" : "toomany", "count" : "5" } 
{"song-id" : "871", "titel" : "Mystik", "interpret" : "Tash Sultana", "reason" : "toomany", "count" : "5" } 
{"song-id" : "872", "titel" : "Day 'N' Nite", "interpret" : "Kid Cudi vs. Crookers", "reason" : "toomany", "count" : "5" } 
{"song-id" : "873", "titel" : "Recht kommt (K.O. in KA)", "interpret" : "POL1Z1STENS0HN a.k.a. Jan Böhmermann", "reason" : "toomany", "count" : "2" } 
{"song-id" : "875", "titel" : "Mother", "interpret" : "Jerry Williams", "reason" : "toomany", "count" : "5" } 
{"song-id" : "880", "titel" : "Radioactive", "interpret" : "Imagine Dragons", "reason" : "toomany", "count" : "3" } 
{"song-id" : "882", "titel" : "Shut Up And Let Me Go", "interpret" : "The Ting Tings", "reason" : "toomany", "count" : "5" } 
{"song-id" : "887", "titel" : "What About Us (Bry.Tic Remix)", "interpret" : "Pink", "reason" : "toomany", "count" : "2" } 
{"song-id" : "889", "titel" : "Whatever It Takes (Yvan Finzi Remix)", "interpret" : "Imagine Dragons", "reason" : "toomany", "count" : "2" } 
{"song-id" : "892", "titel" : "Anywhere (Louise DaCosta Remix)", "interpret" : "Rita Ora", "reason" : "toomany", "count" : "2" } 
{"song-id" : "894", "titel" : "I Gotta Feeling", "interpret" : "Black Eyed Peas", "reason" : "toomany", "count" : "5" } 
{"song-id" : "895", "titel" : "We No Speak Americano", "interpret" : "Yolanda Be Cool & Dcup", "reason" : "toomany", "count" : "5" } 
{"song-id" : "896", "titel" : "God is a DJ", "interpret" : "Faithless", "reason" : "toomany", "count" : "5" } 
{"song-id" : "898", "titel" : "Ms. Jackson", "interpret" : "OutKast", "reason" : "toomany", "count" : "4" } 
{"song-id" : "900", "titel" : "Ma chérie", "interpret" : "DJ Antoine feat. The Beat Shakers", "reason" : "toomany", "count" : "2" } 
{"song-id" : "903", "titel" : "Thunder (DFM Remix)", "interpret" : "Imagine Dragons", "reason" : "toomany", "count" : "2" } 
{"song-id" : "904", "titel" : "FourFiveSeconds (Luke Shay Remix)", "interpret" : "Rihanna; Kanye West; Paul McCartney", "reason" : "toomany", "count" : "2" } 
{"song-id" : "906", "titel" : "La La La (Allexinno Remix)", "interpret" : "Naughty Boy feat. Sam Smith", "reason" : "toomany", "count" : "4" } 
{"song-id" : "907", "titel" : "Altes Fieber", "interpret" : "Die Toten Hosen", "reason" : "toomany", "count" : "2" } 
{"song-id" : "908", "titel" : "Chasing Cars", "interpret" : "Snow Patrol", "reason" : "toomany", "count" : "4" } 
{"song-id" : "909", "titel" : "Flash mich", "interpret" : "Mark Forster", "reason" : "toomany", "count" : "5" } 
{"song-id" : "910", "titel" : "Final Masquerade", "interpret" : "Linkin Park", "reason" : "toomany", "count" : "2" } 
{"song-id" : "911", "titel" : "Waiting For Love", "interpret" : "Avicii", "reason" : "toomany", "count" : "3" } 
{"song-id" : "912", "titel" : "Here without you", "interpret" : "3 Doors Down", "reason" : "toomany", "count" : "2" } 
{"song-id" : "914", "titel" : "Where is the Love? (Single)", "interpret" : "Black Eyed Peas", "reason" : "toomany", "count" : "5" } 
{"song-id" : "915", "titel" : "New York, Rio, Rosenheim", "interpret" : "Sportfreunde Stiller", "reason" : "toomany", "count" : "3" } 
{"song-id" : "917", "titel" : "I'm Yours", "interpret" : "Jason Mraz", "reason" : "toomany", "count" : "3" } 
{"song-id" : "918", "titel" : "Ayo Technology", "interpret" : "Milow", "reason" : "toomany", "count" : "4" } 
{"song-id" : "919", "titel" : "Hall of fame", "interpret" : "The Script feat. Will.I.Am", "reason" : "toomany", "count" : "2" } 
{"song-id" : "920", "titel" : "Valerie", "interpret" : "Mark Ronson", "reason" : "toomany", "count" : "4" } 
{"song-id" : "921", "titel" : "Black Saturday", "interpret" : "Mando Diao", "reason" : "toomany", "count" : "2" } 
{"song-id" : "922", "titel" : "Teenage dirtbag", "interpret" : "Wheatus", "reason" : "toomany", "count" : "5" } 
{"song-id" : "924", "titel" : "Read all about it (Part 3)", "interpret" : "Emeli Sandé", "reason" : "toomany", "count" : "5" } 
{"song-id" : "925", "titel" : "Don't speak", "interpret" : "No Doubt", "reason" : "toomany", "count" : "5" } 
{"song-id" : "926", "titel" : "Big City Life", "interpret" : "Mattafix", "reason" : "toomany", "count" : "4" } 
{"song-id" : "928", "titel" : "Blurred lines (Single)", "interpret" : "Robin Thicke feat. Pharrell", "reason" : "toomany", "count" : "2" } 
{"song-id" : "930", "titel" : "Symphony (Ryos Remix)", "interpret" : "Clean Bandit feat. Zara Larsson", "reason" : "toomany", "count" : "5" } 
{"song-id" : "931", "titel" : "This Time It's My Life", "interpret" : "Micar", "reason" : "toomany", "count" : "4" } 
{"song-id" : "933", "titel" : "Proper Education", "interpret" : "Eric Prydz", "reason" : "toomany", "count" : "5" } 
{"song-id" : "934", "titel" : "Can't stop", "interpret" : "Red Hot Chili Peppers", "reason" : "toomany", "count" : "3" } 
{"song-id" : "937", "titel" : "Rise Up", "interpret" : "Yves Larock", "reason" : "toomany", "count" : "5" } 
{"song-id" : "938", "titel" : "Treat You Better (CHNKY & RKAY Remix)", "interpret" : "Shawn Mendes", "reason" : "toomany", "count" : "3" } 
{"song-id" : "942", "titel" : "Yeah (Single)", "interpret" : "Usher", "reason" : "toomany", "count" : "2" } 
{"song-id" : "943", "titel" : "Au revoir", "interpret" : "Mark Forster featuring Sido", "reason" : "toomany", "count" : "5" } 
{"song-id" : "944", "titel" : "New Rules (Teddy Rose Remix)", "interpret" : "Dua Lipa", "reason" : "toomany", "count" : "2" } 
{"song-id" : "948", "titel" : "1,2 Step", "interpret" : "Ciara; Missy Elliott", "reason" : "toomany", "count" : "3" } 
{"song-id" : "949", "titel" : "Thunder (Snebastar Remix)", "interpret" : "Imagine Dragons", "reason" : "toomany", "count" : "2" } 
{"song-id" : "950", "titel" : "Ain't Too Cool", "interpret" : "LunchMoney Lewis", "reason" : "toomany", "count" : "2" } 
{"song-id" : "951", "titel" : "Hear Me Now (Cezarani & Maoli Remix)", "interpret" : "Alok & Bruno Martini feat. Zeeba", "reason" : "toomany", "count" : "2" } 
{"song-id" : "952", "titel" : "Rinse & repeat", "interpret" : "Riton feat. Kah-Lo", "reason" : "toomany", "count" : "3" } 
{"song-id" : "954", "titel" : "Gangsta's paradise", "interpret" : "Coolio featuring L.V.", "reason" : "toomany", "count" : "2" } 
{"song-id" : "955", "titel" : "Wiggle", "interpret" : "Jason Derulo feat. Snoop Dogg", "reason" : "toomany", "count" : "2" } 
{"song-id" : "960", "titel" : "Feel", "interpret" : "Mahmut Orhan feat. Sena Sener", "reason" : "toomany", "count" : "2" } 
{"song-id" : "963", "titel" : "Sweet Lovin'", "interpret" : "Sigala feat. Bryn Christopher", "reason" : "toomany", "count" : "2" } 
{"song-id" : "967", "titel" : "Tipsy", "interpret" : "J-Kwon", "reason" : "toomany", "count" : "3" } 
{"song-id" : "969", "titel" : "Scars To Your Beautiful (Cages Remix)", "interpret" : "Alessia Cara", "reason" : "toomany", "count" : "2" } 
{"song-id" : "970", "titel" : "High And Low", "interpret" : "Empire Of The Sun", "reason" : "toomany", "count" : "2" } 
{"song-id" : "972", "titel" : "Silver lining (Clap your hands)", "interpret" : "Imany", "reason" : "toomany", "count" : "5" } 
{"song-id" : "973", "titel" : "Love Don't Say It Right (Mashup)", "interpret" : "Nelly Furtado Vs. David Guetta", "reason" : "toomany", "count" : "4" } 
{"song-id" : "975", "titel" : "Perfect (Dj Dark & MD Dj Remix)", "interpret" : "Ed Sheeran", "reason" : "toomany", "count" : "2" } 
{"song-id" : "976", "titel" : "Pump it up!", "interpret" : "Danzel", "reason" : "toomany", "count" : "5" } 
{"song-id" : "977", "titel" : "More Than You Know (Reznikov Remix)", "interpret" : "Axwell Ingrosso", "reason" : "toomany", "count" : "3" } 
{"song-id" : "981", "titel" : "9 pm (Till I come)", "interpret" : "ATB", "reason" : "toomany", "count" : "5" } 
{"song-id" : "984", "titel" : "Whoomp! (There It Is)", "interpret" : "Tag Team", "reason" : "toomany", "count" : "4" } 
{"song-id" : "985", "titel" : "Alors on danse", "interpret" : "Stromae", "reason" : "toomany", "count" : "5" } 
{"song-id" : "986", "titel" : "Nein, Mann!", "interpret" : "Laserkraft 3D", "reason" : "toomany", "count" : "5" } 
{"song-id" : "987", "titel" : "The Power", "interpret" : "Snap", "reason" : "toomany", "count" : "3" } 
{"song-id" : "988", "titel" : "Hula Hoop", "interpret" : "Omi", "reason" : "toomany", "count" : "4" } 
{"song-id" : "989", "titel" : "Kids", "interpret" : "MGMT", "reason" : "toomany", "count" : "5" } 
{"song-id" : "990", "titel" : "Loneliness", "interpret" : "Tomcraft", "reason" : "toomany", "count" : "5" } 
{"song-id" : "991", "titel" : "Got To Get It", "interpret" : "Culture Beat", "reason" : "toomany", "count" : "5" } 
{"song-id" : "993", "titel" : "United", "interpret" : "Prince Ital Joe; Marky Mark", "reason" : "toomany", "count" : "2" } 
{"song-id" : "994", "titel" : "Cool Kids", "interpret" : "Echosmith", "reason" : "toomany", "count" : "4" } 
{"song-id" : "995", "titel" : "Leichtes Gepäck", "interpret" : "Silbermond", "reason" : "toomany", "count" : "4" } 
{"song-id" : "996", "titel" : "Take Me To Church", "interpret" : "Hozier", "reason" : "toomany", "count" : "2" } 
{"song-id" : "998", "titel" : "Moves Like Jagger", "interpret" : "Maroon 5 feat. Christina Aguilera", "reason" : "toomany", "count" : "4" } 
{"song-id" : "999", "titel" : "I Need A Dollar", "interpret" : "Aloe Blacc", "reason" : "toomany", "count" : "4" } 
{"song-id" : "1000", "titel" : "People Help The People (Radio Edit)", "interpret" : "Birdy", "reason" : "toomany", "count" : "2" } 
{"song-id" : "1001", "titel" : "She Makes Me Go", "interpret" : "Arash feat. Sean Paul", "reason" : "toomany", "count" : "2" } 
{"song-id" : "1004", "titel" : "Black or white", "interpret" : "Michael Jackson", "reason" : "toomany", "count" : "5" } 
{"song-id" : "1005", "titel" : "Million Voices", "interpret" : "Otto Knows", "reason" : "toomany", "count" : "2" } 
{"song-id" : "1006", "titel" : "Sunrise", "interpret" : "Norah Jones", "reason" : "toomany", "count" : "2" } 
{"song-id" : "1007", "titel" : "Rude", "interpret" : "Magic!", "reason" : "toomany", "count" : "2" } 
{"song-id" : "1008", "titel" : "Traffic lights", "interpret" : "Lena", "reason" : "toomany", "count" : "2" } 
{"song-id" : "1009", "titel" : "Fu-gee-la", "interpret" : "Fugees", "reason" : "toomany", "count" : "3" } 
{"song-id" : "1011", "titel" : "Roll Away Your Stone", "interpret" : "Mumford & Sons", "reason" : "toomany", "count" : "2" } 
{"song-id" : "1012", "titel" : "Pretty fly (for a white guy)", "interpret" : "Offspring", "reason" : "toomany", "count" : "5" } 
{"song-id" : "1013", "titel" : "Man of the Woods", "interpret" : "Justin Timberlake", "reason" : "toomany", "count" : "4" } 
{"song-id" : "1014", "titel" : "Don't tell me", "interpret" : "Madonna", "reason" : "toomany", "count" : "5" } 
{"song-id" : "1018", "titel" : "Brother", "interpret" : "Mighty Oaks", "reason" : "toomany", "count" : "5" } 
{"song-id" : "1019", "titel" : "My Definition Of A Boombastic Jazz Style", "interpret" : "Dream Warriors", "reason" : "toomany", "count" : "5" } 
{"song-id" : "1020", "titel" : "Let me love you", "interpret" : "DJ Snake feat. Justin Bieber", "reason" : "toomany", "count" : "3" } 
{"song-id" : "1022", "titel" : "Joyful", "interpret" : "None", "reason" : "toomany", "count" : "5" } 
{"song-id" : "1023", "titel" : "Bohemian like you", "interpret" : "Dandy Warhols", "reason" : "toomany", "count" : "3" } 
{"song-id" : "1024", "titel" : "Break The Rules", "interpret" : "Charli XCX", "reason" : "toomany", "count" : "2" } 
{"song-id" : "1025", "titel" : "Zu spät", "interpret" : "Die Ärzte", "reason" : "toomany", "count" : "3" } 
{"song-id" : "1026", "titel" : "Rock DJ", "interpret" : "Robbie Williams", "reason" : "toomany", "count" : "3" } 
{"song-id" : "1027", "titel" : "Papaoutai", "interpret" : "Stromae", "reason" : "toomany", "count" : "2" } 
{"song-id" : "1028", "titel" : "Strip That Down", "interpret" : "Liam Payne feat. Quavo", "reason" : "toomany", "count" : "2" } 
{"song-id" : "1033", "titel" : "Cake by the ocean", "interpret" : "DNCE", "reason" : "toomany", "count" : "2" } 
{"song-id" : "1034", "titel" : "Are you with me?", "interpret" : "Lost Frequencies", "reason" : "toomany", "count" : "3" } 
{"song-id" : "1035", "titel" : "Wonderwall", "interpret" : "Oasis", "reason" : "toomany", "count" : "3" } 
{"song-id" : "1037", "titel" : "Just The Way You are", "interpret" : "Bruno Mars", "reason" : "toomany", "count" : "4" } 
{"song-id" : "1040", "titel" : "Wrecking Ball", "interpret" : "Miley Cyrus", "reason" : "toomany", "count" : "2" } 
{"song-id" : "1042", "titel" : "Au Revoir", "interpret" : "Mark Forster featuring Sido", "reason" : "toomany", "count" : "5" } 
{"song-id" : "1043", "titel" : "Neuanfang", "interpret" : "Clueso", "reason" : "toomany", "count" : "5" } 
{"song-id" : "1044", "titel" : "Trouble Is A Friend", "interpret" : "Lenka", "reason" : "toomany", "count" : "5" } 
{"song-id" : "1045", "titel" : "Unfinished Sympathy (Oakenfield-Mix)", "interpret" : "Massive Attack", "reason" : "toomany", "count" : "5" } 
{"song-id" : "1047", "titel" : "Good to be loved", "interpret" : "M-22", "reason" : "toomany", "count" : "3" } 
{"song-id" : "1050", "titel" : "Famous", "interpret" : "French Montana", "reason" : "toomany", "count" : "5" } 
{"song-id" : "1051", "titel" : "PDA", "interpret" : "Scott Helman", "reason" : "toomany", "count" : "3" } 
{"song-id" : "1052", "titel" : "Since I left you", "interpret" : "Avalanches", "reason" : "toomany", "count" : "5" } 
{"song-id" : "1053", "titel" : "Das Geld muss weg", "interpret" : "Marteria", "reason" : "toomany", "count" : "5" } 
{"song-id" : "1054", "titel" : "Walking On Air", "interpret" : "Kerli", "reason" : "toomany", "count" : "5" } 
{"song-id" : "1056", "titel" : "Mine (Explicit)", "interpret" : "Bazzi", "reason" : "toomany", "count" : "4" } 
{"song-id" : "1057", "titel" : "Seven nation army", "interpret" : "The White Stripes", "reason" : "toomany", "count" : "2" } 
{"song-id" : "1059", "titel" : "Soldaten 2.0", "interpret" : "Kontra K", "reason" : "toomany", "count" : "5" } 
{"song-id" : "1060", "titel" : "Freedom", "interpret" : "Pharrell Williams", "reason" : "toomany", "count" : "2" } 
{"song-id" : "1064", "titel" : "Feel Good Inc.", "interpret" : "Gorillaz featuring De La Soul", "reason" : "toomany", "count" : "5" } 
{"song-id" : "1066", "titel" : "Got 'Til It's Gone", "interpret" : "Janet Jackson feat. Q-Tip", "reason" : "toomany", "count" : "2" } 
{"song-id" : "1068", "titel" : "Called Out In The Dark", "interpret" : "Snow Patrol", "reason" : "toomany", "count" : "3" } 
{"song-id" : "1069", "titel" : "Baby", "interpret" : "The Shoes feat. Hollie Cook", "reason" : "toomany", "count" : "2" } 
{"song-id" : "1072", "titel" : "Balkada", "interpret" : "Noga Erez", "reason" : "toomany", "count" : "2" } 
{"song-id" : "1073", "titel" : "Drive", "interpret" : "Mickey", "reason" : "toomany", "count" : "5" } 
{"song-id" : "1074", "titel" : "Trap Queen", "interpret" : "Fetty Wap", "reason" : "toomany", "count" : "3" } 
{"song-id" : "1075", "titel" : "Barfuß am Klavier", "interpret" : "AnnenMayKantereit", "reason" : "toomany", "count" : "5" } 
{"song-id" : "1077", "titel" : "Stay", "interpret" : "Impala Ray", "reason" : "toomany", "count" : "2" } 
{"song-id" : "1081", "titel" : "Walking on a dream", "interpret" : "Empire Of The Sun", "reason" : "toomany", "count" : "5" } 
{"song-id" : "1083", "titel" : "Der Kommissar (Mousse T. Remix)", "interpret" : "Falco", "reason" : "toomany", "count" : "5" } 
{"song-id" : "1085", "titel" : "Feeling good", "interpret" : "Michael Bublé", "reason" : "toomany", "count" : "5" } 
{"song-id" : "1086", "titel" : "By the way", "interpret" : "Red Hot Chili Peppers", "reason" : "toomany", "count" : "5" } 
{"song-id" : "1088", "titel" : "Another Love (Zwette Mix)", "interpret" : "Tom Odell", "reason" : "toomany", "count" : "2" } 
{"song-id" : "1089", "titel" : "White Tiger (Radio-Mix)", "interpret" : "Izzy Bizu", "reason" : "toomany", "count" : "2" } 
{"song-id" : "1090", "titel" : "Satellite", "interpret" : "Lena", "reason" : "toomany", "count" : "2" } 
{"song-id" : "1093", "titel" : "Books from boxes", "interpret" : "Maximo Park", "reason" : "toomany", "count" : "5" } 
{"song-id" : "1094", "titel" : "Umbrella", "interpret" : "Rihanna", "reason" : "toomany", "count" : "5" } 
{"song-id" : "1097", "titel" : "The World's Greatest", "interpret" : "R. Kelly", "reason" : "toomany", "count" : "3" } 
{"song-id" : "1099", "titel" : "Despacito", "interpret" : "Luis Fonsi feat. Daddy Yankee", "reason" : "toomany", "count" : "2" } 
{"song-id" : "1101", "titel" : "Please Tell Rosie", "interpret" : "Alle Farben feat. YOUNOTUS", "reason" : "toomany", "count" : "2" } 
{"song-id" : "1103", "titel" : "We Belong Together", "interpret" : "Mariah Carey", "reason" : "toomany", "count" : "5" } 
{"song-id" : "1105", "titel" : "Your body is a wonderland", "interpret" : "John Mayer", "reason" : "toomany", "count" : "2" } 
{"song-id" : "1106", "titel" : "Catch", "interpret" : "Kosheen", "reason" : "toomany", "count" : "5" } 
{"song-id" : "1109", "titel" : "If I ever feel better", "interpret" : "Phoenix", "reason" : "toomany", "count" : "4" } 
{"song-id" : "1111", "titel" : "Welcome to the black parade", "interpret" : "My Chemical Romance", "reason" : "toomany", "count" : "5" } 
{"song-id" : "1113", "titel" : "Bulletproof", "interpret" : "La Roux", "reason" : "toomany", "count" : "5" } 
{"song-id" : "1114", "titel" : "Im Bett verhungern", "interpret" : "Milliarden", "reason" : "toomany", "count" : "3" } 
{"song-id" : "1116", "titel" : "Gold Digger", "interpret" : "Kanye West featuring Jamie Foxx", "reason" : "toomany", "count" : "3" } 
{"song-id" : "1118", "titel" : "Hideaway", "interpret" : "Kiesza", "reason" : "toomany", "count" : "5" } 
{"song-id" : "1119", "titel" : "In the end", "interpret" : "Linkin Park", "reason" : "toomany", "count" : "5" } 
{"song-id" : "1121", "titel" : "Romcom", "interpret" : "Mine & Fatoni", "reason" : "toomany", "count" : "3" } 
{"song-id" : "1122", "titel" : "Hey Baby", "interpret" : "No Doubt", "reason" : "toomany", "count" : "4" } 
{"song-id" : "1123", "titel" : "Words Are Few", "interpret" : "Snoop Dogg feat. B Slade", "reason" : "toomany", "count" : "5" } 
{"song-id" : "1124", "titel" : "Clocks", "interpret" : "Coldplay", "reason" : "toomany", "count" : "5" } 
{"song-id" : "1128", "titel" : "Oxford Comma", "interpret" : "Vampire Weekend", "reason" : "toomany", "count" : "2" } 
{"song-id" : "1130", "titel" : "Baby Love", "interpret" : "The Supremes", "reason" : "toomany", "count" : "3" } 
{"song-id" : "1132", "titel" : "Foundations", "interpret" : "Kate Nash", "reason" : "toomany", "count" : "5" } 
{"song-id" : "1136", "titel" : "Mingarish", "interpret" : "Manual Kant", "reason" : "toomany", "count" : "3" } 
{"song-id" : "1138", "titel" : "Fairytale Gone Bad", "interpret" : "Sunrise Avenue", "reason" : "toomany", "count" : "4" } 
{"song-id" : "1143", "titel" : "The most beautiful girl in the world", "interpret" : "Prince", "reason" : "toomany", "count" : "4" } 
{"song-id" : "1144", "titel" : "F**k You!", "interpret" : "Cee-Lo Green", "reason" : "toomany", "count" : "5" } 
{"song-id" : "1145", "titel" : "Know your Enemy", "interpret" : "Green Day", "reason" : "toomany", "count" : "5" } 
{"song-id" : "1146", "titel" : "Speed Of Sound", "interpret" : "Coldplay", "reason" : "toomany", "count" : "5" } 
{"song-id" : "1147", "titel" : "The show must go on", "interpret" : "Queen", "reason" : "toomany", "count" : "3" } 
{"song-id" : "1149", "titel" : "Drive By", "interpret" : "Train", "reason" : "toomany", "count" : "3" } 
{"song-id" : "1151", "titel" : "Fly Away", "interpret" : "Lenny Kravitz", "reason" : "toomany", "count" : "4" } 
{"song-id" : "1152", "titel" : "Apologize", "interpret" : "Timbaland; OneRepublic", "reason" : "toomany", "count" : "2" } 
{"song-id" : "1153", "titel" : "FourFiveSeconds", "interpret" : "Paul McCartney Rihanna", "reason" : "toomany", "count" : "2" } 
{"song-id" : "1155", "titel" : "Billionaire", "interpret" : "Bruno McCoy", "reason" : "toomany", "count" : "2" } 
{"song-id" : "1156", "titel" : "Wake Me Up!", "interpret" : "Avicii featuring Aloe Blacc", "reason" : "toomany", "count" : "4" } 
{"song-id" : "1157", "titel" : "Riptide", "interpret" : "Vance Joy", "reason" : "toomany", "count" : "2" } 
{"song-id" : "1158", "titel" : "Things I've seen", "interpret" : "Spooks", "reason" : "toomany", "count" : "4" } 
{"song-id" : "1159", "titel" : "Another chance", "interpret" : "Roger Sanchez", "reason" : "toomany", "count" : "5" } 
{"song-id" : "1160", "titel" : "Reverse", "interpret" : "SomeKindaWonderful", "reason" : "toomany", "count" : "2" } 
{"song-id" : "1165", "titel" : "Numb", "interpret" : "The Airborne Toxic Event", "reason" : "toomany", "count" : "2" } 
{"song-id" : "1167", "titel" : "Little Journey", "interpret" : "Juzzie Smith", "reason" : "toomany", "count" : "5" } 
{"song-id" : "1168", "titel" : "Pony", "interpret" : "Ginuwine", "reason" : "toomany", "count" : "3" } 
{"song-id" : "1169", "titel" : "Königreich", "interpret" : "Kellerkommando", "reason" : "toomany", "count" : "5" } 
{"song-id" : "1170", "titel" : "Don't cha", "interpret" : "Pussycat Dolls; Busta Rhymes", "reason" : "toomany", "count" : "2" } 
{"song-id" : "1171", "titel" : "Zu mir", "interpret" : "Karlie Apriori", "reason" : "toomany", "count" : "5" } 
{"song-id" : "1172", "titel" : "American Idiot", "interpret" : "Green Day", "reason" : "toomany", "count" : "5" } 
{"song-id" : "1173", "titel" : "One Day (Vandaag)", "interpret" : "Bakermat", "reason" : "toomany", "count" : "2" } 
{"song-id" : "1175", "titel" : "You Worry Me", "interpret" : "Nathaniel Rateliff & The Night Sweats", "reason" : "toomany", "count" : "5" } 
{"song-id" : "1178", "titel" : "Mayor", "interpret" : "Wiki", "reason" : "toomany", "count" : "2" } 
{"song-id" : "1179", "titel" : "I Bet You Look Good On The Dancefloor", "interpret" : "Arctic Monkeys", "reason" : "toomany", "count" : "5" } 
{"song-id" : "1180", "titel" : "I'm Just Snacking", "interpret" : "Gus Dapperton", "reason" : "toomany", "count" : "4" } 
{"song-id" : "1181", "titel" : "Little by Little", "interpret" : "Oasis", "reason" : "toomany", "count" : "5" } 
{"song-id" : "1183", "titel" : "Supermassive Black Hole", "interpret" : "Muse", "reason" : "toomany", "count" : "4" } 
{"song-id" : "1186", "titel" : "Love", "interpret" : "Lana Del Rey", "reason" : "toomany", "count" : "2" } 
{"song-id" : "1187", "titel" : "The High Road", "interpret" : "Broken Bells", "reason" : "toomany", "count" : "3" } 
{"song-id" : "1188", "titel" : "Nichts", "interpret" : "Faber", "reason" : "toomany", "count" : "5" } 
{"song-id" : "1193", "titel" : "Look What You Made Me Do", "interpret" : "Taylor Swift", "reason" : "toomany", "count" : "4" } 
{"song-id" : "1194", "titel" : "Freestyler", "interpret" : "Bomfunk MC's", "reason" : "toomany", "count" : "5" } 
{"song-id" : "1195", "titel" : "Ai Se Eu Te Pego", "interpret" : "Michel Teló", "reason" : "toomany", "count" : "5" } 
{"song-id" : "1197", "titel" : "Maneater", "interpret" : "Nelly Furtado", "reason" : "toomany", "count" : "3" } 
{"song-id" : "1199", "titel" : "Strong", "interpret" : "London Grammar", "reason" : "toomany", "count" : "2" } 
{"song-id" : "1201", "titel" : "Vom selben Stern", "interpret" : "Ich + Ich", "reason" : "toomany", "count" : "5" } 
{"song-id" : "1202", "titel" : "Let it go", "interpret" : "James Bay", "reason" : "toomany", "count" : "2" } 
{"song-id" : "1204", "titel" : "Miami", "interpret" : "Will Smith", "reason" : "toomany", "count" : "3" } 
{"song-id" : "1207", "titel" : "Be the one", "interpret" : "Dua Lipa", "reason" : "toomany", "count" : "4" } 
{"song-id" : "1208", "titel" : "Cantaloop", "interpret" : "Us3", "reason" : "toomany", "count" : "3" } 
{"song-id" : "1209", "titel" : "Beautiful", "interpret" : "Christina Aguilera", "reason" : "toomany", "count" : "5" } 
{"song-id" : "1211", "titel" : "Obsesion", "interpret" : "Aventura", "reason" : "toomany", "count" : "3" } 
{"song-id" : "1212", "titel" : "Electric Love", "interpret" : "BØRNS", "reason" : "toomany", "count" : "5" } 
{"song-id" : "1215", "titel" : "Hand Clap", "interpret" : "Fitz and The Tantrums", "reason" : "toomany", "count" : "5" } 
{"song-id" : "1217", "titel" : "Fantasy (Bad Boy Remix)", "interpret" : "Mariah Carey featuring O.D.B.", "reason" : "toomany", "count" : "3" } 
{"song-id" : "1221", "titel" : "Candy Shop", "interpret" : "50 Cent featuring Olivia", "reason" : "toomany", "count" : "5" } 
{"song-id" : "1222", "titel" : "Kryptonite", "interpret" : "Rox", "reason" : "toomany", "count" : "3" } 
{"song-id" : "1225", "titel" : "Incorruptible", "interpret" : "Kakkmaddafakka", "reason" : "toomany", "count" : "5" } 
{"song-id" : "1226", "titel" : "Last Nite", "interpret" : "The Strokes", "reason" : "toomany", "count" : "5" } 
{"song-id" : "1227", "titel" : "Slip Away", "interpret" : "Ill Camille feat. Amaru", "reason" : "toomany", "count" : "4" } 
{"song-id" : "1228", "titel" : "Baby Don't You Lie To Me", "interpret" : "The Fratellis", "reason" : "toomany", "count" : "3" } 
{"song-id" : "1230", "titel" : "Breaking Bones (Rephlekt Remix)", "interpret" : "Vök", "reason" : "toomany", "count" : "5" } 
{"song-id" : "1232", "titel" : "Sweet Dogs", "interpret" : "Trolle Siebenhaar", "reason" : "toomany", "count" : "2" } 
{"song-id" : "1234", "titel" : "Intervention", "interpret" : "Arcade Fire", "reason" : "toomany", "count" : "4" } 
{"song-id" : "1237", "titel" : "Ride For Me", "interpret" : "A-Trak & Falcons feat. Young Thug", "reason" : "toomany", "count" : "2" } 
{"song-id" : "1239", "titel" : "Underworld", "interpret" : "Inner Tongue", "reason" : "toomany", "count" : "2" } 
{"song-id" : "1241", "titel" : "Saturday Night", "interpret" : "Whigfield", "reason" : "toomany", "count" : "5" } 
{"song-id" : "1244", "titel" : "Coco Jamboo", "interpret" : "Mr. President", "reason" : "toomany", "count" : "2" } 
{"song-id" : "1245", "titel" : "Ham kummst", "interpret" : "Seiler und Speer", "reason" : "toomany", "count" : "3" } 
{"song-id" : "1246", "titel" : "Samba de Janeiro", "interpret" : "Bellini", "reason" : "toomany", "count" : "5" } 
{"song-id" : "1248", "titel" : "Oh Jonny", "interpret" : "Jan Delay", "reason" : "toomany", "count" : "3" } 
{"song-id" : "1251", "titel" : "Praise you", "interpret" : "Fatboy Slim", "reason" : "toomany", "count" : "5" } 
{"song-id" : "1252", "titel" : "That's not my name", "interpret" : "The Ting Tings", "reason" : "toomany", "count" : "5" } 
{"song-id" : "1253", "titel" : "S.O.S.", "interpret" : "Rihanna", "reason" : "toomany", "count" : "4" } 
{"song-id" : "1254", "titel" : "All the small things", "interpret" : "Blink-182", "reason" : "toomany", "count" : "5" } 
{"song-id" : "1256", "titel" : "What I've Done", "interpret" : "Linkin Park", "reason" : "toomany", "count" : "5" } 
{"song-id" : "1257", "titel" : "Get The Party Started", "interpret" : "Pink", "reason" : "toomany", "count" : "5" } 
{"song-id" : "1259", "titel" : "Holz (neue Version)", "interpret" : "257ers", "reason" : "toomany", "count" : "5" } 
{"song-id" : "1260", "titel" : "Call on me", "interpret" : "Eric Prydz", "reason" : "toomany", "count" : "5" } 
{"song-id" : "1261", "titel" : "Work from home", "interpret" : "Fifth Harmony feat. Ty Dolla $ign", "reason" : "toomany", "count" : "2" } 
{"song-id" : "1262", "titel" : "Welcome To St. Tropez", "interpret" : "DJ Antoine vs. Timati feat. Kalenna", "reason" : "toomany", "count" : "4" } 
{"song-id" : "1265", "titel" : "Out of the dark (into the light)", "interpret" : "Falco", "reason" : "toomany", "count" : "3" } 
